[2025-12-03T01:36:09.501+0000] {local_task_job_runner.py:120} INFO - ::group::Pre task execution logs
[2025-12-03T01:36:09.523+0000] {taskinstance.py:2076} INFO - Dependencies all met for dep_context=non-requeueable deps ti=<TaskInstance: signalsense_daily_pipeline.bq_append_to_issues_scored manual__2025-12-03T01:35:50.056311+00:00 [queued]>
[2025-12-03T01:36:09.533+0000] {taskinstance.py:2076} INFO - Dependencies all met for dep_context=requeueable deps ti=<TaskInstance: signalsense_daily_pipeline.bq_append_to_issues_scored manual__2025-12-03T01:35:50.056311+00:00 [queued]>
[2025-12-03T01:36:09.534+0000] {taskinstance.py:2306} INFO - Starting attempt 1 of 2
[2025-12-03T01:36:09.553+0000] {taskinstance.py:2330} INFO - Executing <Task(BigQueryInsertJobOperator): bq_append_to_issues_scored> on 2025-12-03 01:35:50.056311+00:00
[2025-12-03T01:36:09.565+0000] {standard_task_runner.py:63} INFO - Started process 361 to run task
[2025-12-03T01:36:09.570+0000] {standard_task_runner.py:90} INFO - Running: ['***', 'tasks', 'run', 'signalsense_daily_pipeline', 'bq_append_to_issues_scored', 'manual__2025-12-03T01:35:50.056311+00:00', '--job-id', '8', '--raw', '--subdir', 'DAGS_FOLDER/signalsense_pipeline.py', '--cfg-path', '/tmp/tmpc01lh0wk']
[2025-12-03T01:36:09.574+0000] {standard_task_runner.py:91} INFO - Job 8: Subtask bq_append_to_issues_scored
[2025-12-03T01:36:09.665+0000] {task_command.py:426} INFO - Running <TaskInstance: signalsense_daily_pipeline.bq_append_to_issues_scored manual__2025-12-03T01:35:50.056311+00:00 [running]> on host a1d2402f7187
[2025-12-03T01:36:09.762+0000] {taskinstance.py:2648} INFO - Exporting env vars: AIRFLOW_CTX_DAG_OWNER='***' AIRFLOW_CTX_DAG_ID='signalsense_daily_pipeline' AIRFLOW_CTX_TASK_ID='bq_append_to_issues_scored' AIRFLOW_CTX_EXECUTION_DATE='2025-12-03T01:35:50.056311+00:00' AIRFLOW_CTX_TRY_NUMBER='1' AIRFLOW_CTX_DAG_RUN_ID='manual__2025-12-03T01:35:50.056311+00:00'
[2025-12-03T01:36:09.763+0000] {taskinstance.py:430} INFO - ::endgroup::
[2025-12-03T01:36:09.792+0000] {connection.py:274} WARNING - Connection schemes (type: google_cloud_platform) shall not contain '_' according to RFC3986.
[2025-12-03T01:36:09.794+0000] {base.py:84} INFO - Using connection ID 'google_cloud_default' for task execution.
[2025-12-03T01:36:09.848+0000] {bigquery.py:2872} INFO - Executing: {'query': {'query': '\n                INSERT INTO `signalsense-project.signalsense.issues_scored`\n                SELECT *\n                FROM `signalsense-project.signalsense.new_stream_scored`;\n                ', 'useLegacySql': False}}'
[2025-12-03T01:36:09.850+0000] {bigquery.py:1670} INFO - Inserting job ***_signalsense_daily_pipeline_bq_append_to_issues_scored_2025_12_03T01_35_50_056311_00_00_db8f2daff7848cd112f7d3058dd1a885
[2025-12-03T01:36:12.118+0000] {taskinstance.py:441} INFO - ::group::Post task execution logs
[2025-12-03T01:36:12.167+0000] {taskinstance.py:1206} INFO - Marking task as SUCCESS. dag_id=signalsense_daily_pipeline, task_id=bq_append_to_issues_scored, run_id=manual__2025-12-03T01:35:50.056311+00:00, execution_date=20251203T013550, start_date=20251203T013609, end_date=20251203T013612
[2025-12-03T01:36:12.218+0000] {local_task_job_runner.py:240} INFO - Task exited with return code 0
[2025-12-03T01:36:12.253+0000] {taskinstance.py:3503} INFO - 1 downstream tasks scheduled from follow-on schedule check
[2025-12-03T01:36:12.258+0000] {local_task_job_runner.py:222} INFO - ::endgroup::
