[2025-12-03T02:07:47.882+0000] {local_task_job_runner.py:120} INFO - ::group::Pre task execution logs
[2025-12-03T02:07:47.908+0000] {taskinstance.py:2076} INFO - Dependencies all met for dep_context=non-requeueable deps ti=<TaskInstance: signalsense_daily_pipeline.bq_new_stream_issues scheduled__2025-12-02T00:00:00+00:00 [queued]>
[2025-12-03T02:07:47.919+0000] {taskinstance.py:2076} INFO - Dependencies all met for dep_context=requeueable deps ti=<TaskInstance: signalsense_daily_pipeline.bq_new_stream_issues scheduled__2025-12-02T00:00:00+00:00 [queued]>
[2025-12-03T02:07:47.920+0000] {taskinstance.py:2306} INFO - Starting attempt 2 of 2
[2025-12-03T02:07:47.938+0000] {taskinstance.py:2330} INFO - Executing <Task(BigQueryInsertJobOperator): bq_new_stream_issues> on 2025-12-02 00:00:00+00:00
[2025-12-03T02:07:47.951+0000] {standard_task_runner.py:63} INFO - Started process 257 to run task
[2025-12-03T02:07:47.959+0000] {standard_task_runner.py:90} INFO - Running: ['***', 'tasks', 'run', 'signalsense_daily_pipeline', 'bq_new_stream_issues', 'scheduled__2025-12-02T00:00:00+00:00', '--job-id', '4', '--raw', '--subdir', 'DAGS_FOLDER/signalsense_pipeline.py', '--cfg-path', '/tmp/tmpgn7k9nyq']
[2025-12-03T02:07:47.966+0000] {standard_task_runner.py:91} INFO - Job 4: Subtask bq_new_stream_issues
[2025-12-03T02:07:48.088+0000] {task_command.py:426} INFO - Running <TaskInstance: signalsense_daily_pipeline.bq_new_stream_issues scheduled__2025-12-02T00:00:00+00:00 [running]> on host cf7c287101fd
[2025-12-03T02:07:48.225+0000] {taskinstance.py:2648} INFO - Exporting env vars: AIRFLOW_CTX_DAG_OWNER='***' AIRFLOW_CTX_DAG_ID='signalsense_daily_pipeline' AIRFLOW_CTX_TASK_ID='bq_new_stream_issues' AIRFLOW_CTX_EXECUTION_DATE='2025-12-02T00:00:00+00:00' AIRFLOW_CTX_TRY_NUMBER='2' AIRFLOW_CTX_DAG_RUN_ID='scheduled__2025-12-02T00:00:00+00:00'
[2025-12-03T02:07:48.232+0000] {taskinstance.py:430} INFO - ::endgroup::
[2025-12-03T02:07:48.271+0000] {taskinstance.py:441} INFO - ::group::Post task execution logs
[2025-12-03T02:07:48.288+0000] {taskinstance.py:2905} ERROR - Task failed with exception
Traceback (most recent call last):
  File "/home/airflow/.local/lib/python3.11/site-packages/airflow/models/taskinstance.py", line 465, in _execute_task
    result = _execute_callable(context=context, **execute_callable_kwargs)
             ^^^^^^^^^^^^^^^^^^^^^^^^^^^^^^^^^^^^^^^^^^^^^^^^^^^^^^^^^^^^^
  File "/home/airflow/.local/lib/python3.11/site-packages/airflow/models/taskinstance.py", line 432, in _execute_callable
    return execute_callable(context=context, **execute_callable_kwargs)
           ^^^^^^^^^^^^^^^^^^^^^^^^^^^^^^^^^^^^^^^^^^^^^^^^^^^^^^^^^^^^
  File "/home/airflow/.local/lib/python3.11/site-packages/airflow/models/baseoperator.py", line 401, in wrapper
    return func(self, *args, **kwargs)
           ^^^^^^^^^^^^^^^^^^^^^^^^^^^
  File "/home/airflow/.local/lib/python3.11/site-packages/airflow/providers/google/cloud/operators/bigquery.py", line 2854, in execute
    hook = BigQueryHook(
           ^^^^^^^^^^^^^
  File "/home/airflow/.local/lib/python3.11/site-packages/airflow/providers/google/cloud/hooks/bigquery.py", line 166, in __init__
    super().__init__(**kwargs)
  File "/home/airflow/.local/lib/python3.11/site-packages/airflow/providers/google/common/hooks/base_google.py", line 274, in __init__
    self.extras: dict = self.get_connection(self.gcp_conn_id).extra_dejson
                        ^^^^^^^^^^^^^^^^^^^^^^^^^^^^^^^^^^^^^
  File "/home/airflow/.local/lib/python3.11/site-packages/airflow/hooks/base.py", line 83, in get_connection
    conn = Connection.get_connection_from_secrets(conn_id)
           ^^^^^^^^^^^^^^^^^^^^^^^^^^^^^^^^^^^^^^^^^^^^^^^
  File "/home/airflow/.local/lib/python3.11/site-packages/airflow/models/connection.py", line 519, in get_connection_from_secrets
    raise AirflowNotFoundException(f"The conn_id `{conn_id}` isn't defined")
airflow.exceptions.AirflowNotFoundException: The conn_id `google_cloud_default` isn't defined
[2025-12-03T02:07:48.300+0000] {taskinstance.py:1206} INFO - Marking task as FAILED. dag_id=signalsense_daily_pipeline, task_id=bq_new_stream_issues, run_id=scheduled__2025-12-02T00:00:00+00:00, execution_date=20251202T000000, start_date=20251203T020747, end_date=20251203T020748
[2025-12-03T02:07:48.319+0000] {standard_task_runner.py:110} ERROR - Failed to execute job 4 for task bq_new_stream_issues (The conn_id `google_cloud_default` isn't defined; 257)
[2025-12-03T02:07:48.384+0000] {local_task_job_runner.py:240} INFO - Task exited with return code 1
[2025-12-03T02:07:48.424+0000] {taskinstance.py:3503} INFO - 0 downstream tasks scheduled from follow-on schedule check
[2025-12-03T02:07:48.431+0000] {local_task_job_runner.py:222} INFO - ::endgroup::
[2025-12-03T03:37:04.131+0000] {local_task_job_runner.py:120} INFO - ::group::Pre task execution logs
[2025-12-03T03:37:04.186+0000] {taskinstance.py:2076} INFO - Dependencies all met for dep_context=non-requeueable deps ti=<TaskInstance: signalsense_daily_pipeline.bq_new_stream_issues scheduled__2025-12-02T00:00:00+00:00 [queued]>
[2025-12-03T03:37:04.204+0000] {taskinstance.py:2076} INFO - Dependencies all met for dep_context=requeueable deps ti=<TaskInstance: signalsense_daily_pipeline.bq_new_stream_issues scheduled__2025-12-02T00:00:00+00:00 [queued]>
[2025-12-03T03:37:04.205+0000] {taskinstance.py:2306} INFO - Starting attempt 2 of 2
[2025-12-03T03:37:04.238+0000] {taskinstance.py:2330} INFO - Executing <Task(BigQueryInsertJobOperator): bq_new_stream_issues> on 2025-12-02 00:00:00+00:00
[2025-12-03T03:37:04.261+0000] {standard_task_runner.py:63} INFO - Started process 238 to run task
[2025-12-03T03:37:04.306+0000] {standard_task_runner.py:90} INFO - Running: ['***', 'tasks', 'run', 'signalsense_daily_pipeline', 'bq_new_stream_issues', 'scheduled__2025-12-02T00:00:00+00:00', '--job-id', '4', '--raw', '--subdir', 'DAGS_FOLDER/signalsense_pipeline.py', '--cfg-path', '/tmp/tmp_b4v73_l']
[2025-12-03T03:37:04.327+0000] {standard_task_runner.py:91} INFO - Job 4: Subtask bq_new_stream_issues
[2025-12-03T03:37:04.764+0000] {task_command.py:426} INFO - Running <TaskInstance: signalsense_daily_pipeline.bq_new_stream_issues scheduled__2025-12-02T00:00:00+00:00 [running]> on host 14b52b859426
[2025-12-03T03:37:05.120+0000] {taskinstance.py:2648} INFO - Exporting env vars: AIRFLOW_CTX_DAG_OWNER='***' AIRFLOW_CTX_DAG_ID='signalsense_daily_pipeline' AIRFLOW_CTX_TASK_ID='bq_new_stream_issues' AIRFLOW_CTX_EXECUTION_DATE='2025-12-02T00:00:00+00:00' AIRFLOW_CTX_TRY_NUMBER='2' AIRFLOW_CTX_DAG_RUN_ID='scheduled__2025-12-02T00:00:00+00:00'
[2025-12-03T03:37:05.124+0000] {taskinstance.py:430} INFO - ::endgroup::
[2025-12-03T03:37:05.194+0000] {taskinstance.py:441} INFO - ::group::Post task execution logs
[2025-12-03T03:37:05.237+0000] {taskinstance.py:2905} ERROR - Task failed with exception
Traceback (most recent call last):
  File "/home/airflow/.local/lib/python3.11/site-packages/airflow/models/taskinstance.py", line 465, in _execute_task
    result = _execute_callable(context=context, **execute_callable_kwargs)
             ^^^^^^^^^^^^^^^^^^^^^^^^^^^^^^^^^^^^^^^^^^^^^^^^^^^^^^^^^^^^^
  File "/home/airflow/.local/lib/python3.11/site-packages/airflow/models/taskinstance.py", line 432, in _execute_callable
    return execute_callable(context=context, **execute_callable_kwargs)
           ^^^^^^^^^^^^^^^^^^^^^^^^^^^^^^^^^^^^^^^^^^^^^^^^^^^^^^^^^^^^
  File "/home/airflow/.local/lib/python3.11/site-packages/airflow/models/baseoperator.py", line 401, in wrapper
    return func(self, *args, **kwargs)
           ^^^^^^^^^^^^^^^^^^^^^^^^^^^
  File "/home/airflow/.local/lib/python3.11/site-packages/airflow/providers/google/cloud/operators/bigquery.py", line 2854, in execute
    hook = BigQueryHook(
           ^^^^^^^^^^^^^
  File "/home/airflow/.local/lib/python3.11/site-packages/airflow/providers/google/cloud/hooks/bigquery.py", line 166, in __init__
    super().__init__(**kwargs)
  File "/home/airflow/.local/lib/python3.11/site-packages/airflow/providers/google/common/hooks/base_google.py", line 274, in __init__
    self.extras: dict = self.get_connection(self.gcp_conn_id).extra_dejson
                        ^^^^^^^^^^^^^^^^^^^^^^^^^^^^^^^^^^^^^
  File "/home/airflow/.local/lib/python3.11/site-packages/airflow/hooks/base.py", line 83, in get_connection
    conn = Connection.get_connection_from_secrets(conn_id)
           ^^^^^^^^^^^^^^^^^^^^^^^^^^^^^^^^^^^^^^^^^^^^^^^
  File "/home/airflow/.local/lib/python3.11/site-packages/airflow/models/connection.py", line 519, in get_connection_from_secrets
    raise AirflowNotFoundException(f"The conn_id `{conn_id}` isn't defined")
airflow.exceptions.AirflowNotFoundException: The conn_id `google_cloud_default` isn't defined
[2025-12-03T03:37:05.286+0000] {taskinstance.py:1206} INFO - Marking task as FAILED. dag_id=signalsense_daily_pipeline, task_id=bq_new_stream_issues, run_id=scheduled__2025-12-02T00:00:00+00:00, execution_date=20251202T000000, start_date=20251203T033704, end_date=20251203T033705
[2025-12-03T03:37:05.323+0000] {standard_task_runner.py:110} ERROR - Failed to execute job 4 for task bq_new_stream_issues (The conn_id `google_cloud_default` isn't defined; 238)
[2025-12-03T03:37:05.382+0000] {local_task_job_runner.py:240} INFO - Task exited with return code 1
[2025-12-03T03:37:05.438+0000] {taskinstance.py:3503} INFO - 0 downstream tasks scheduled from follow-on schedule check
[2025-12-03T03:37:05.446+0000] {local_task_job_runner.py:222} INFO - ::endgroup::
[2025-12-03T04:05:12.091+0000] {local_task_job_runner.py:120} INFO - ::group::Pre task execution logs
[2025-12-03T04:05:12.106+0000] {taskinstance.py:2076} INFO - Dependencies all met for dep_context=non-requeueable deps ti=<TaskInstance: signalsense_daily_pipeline.bq_new_stream_issues scheduled__2025-12-02T00:00:00+00:00 [queued]>
[2025-12-03T04:05:12.113+0000] {taskinstance.py:2076} INFO - Dependencies all met for dep_context=requeueable deps ti=<TaskInstance: signalsense_daily_pipeline.bq_new_stream_issues scheduled__2025-12-02T00:00:00+00:00 [queued]>
[2025-12-03T04:05:12.114+0000] {taskinstance.py:2306} INFO - Starting attempt 2 of 2
[2025-12-03T04:05:12.123+0000] {taskinstance.py:2330} INFO - Executing <Task(BigQueryInsertJobOperator): bq_new_stream_issues> on 2025-12-02 00:00:00+00:00
[2025-12-03T04:05:12.132+0000] {standard_task_runner.py:63} INFO - Started process 237 to run task
[2025-12-03T04:05:12.136+0000] {standard_task_runner.py:90} INFO - Running: ['***', 'tasks', 'run', 'signalsense_daily_pipeline', 'bq_new_stream_issues', 'scheduled__2025-12-02T00:00:00+00:00', '--job-id', '4', '--raw', '--subdir', 'DAGS_FOLDER/signalsense_pipeline.py', '--cfg-path', '/tmp/tmpdhiltuah']
[2025-12-03T04:05:12.140+0000] {standard_task_runner.py:91} INFO - Job 4: Subtask bq_new_stream_issues
[2025-12-03T04:05:12.216+0000] {task_command.py:426} INFO - Running <TaskInstance: signalsense_daily_pipeline.bq_new_stream_issues scheduled__2025-12-02T00:00:00+00:00 [running]> on host 9c45bb31d443
[2025-12-03T04:05:12.298+0000] {taskinstance.py:2648} INFO - Exporting env vars: AIRFLOW_CTX_DAG_OWNER='***' AIRFLOW_CTX_DAG_ID='signalsense_daily_pipeline' AIRFLOW_CTX_TASK_ID='bq_new_stream_issues' AIRFLOW_CTX_EXECUTION_DATE='2025-12-02T00:00:00+00:00' AIRFLOW_CTX_TRY_NUMBER='2' AIRFLOW_CTX_DAG_RUN_ID='scheduled__2025-12-02T00:00:00+00:00'
[2025-12-03T04:05:12.300+0000] {taskinstance.py:430} INFO - ::endgroup::
[2025-12-03T04:05:12.325+0000] {taskinstance.py:441} INFO - ::group::Post task execution logs
[2025-12-03T04:05:12.336+0000] {taskinstance.py:2905} ERROR - Task failed with exception
Traceback (most recent call last):
  File "/home/airflow/.local/lib/python3.11/site-packages/airflow/models/taskinstance.py", line 465, in _execute_task
    result = _execute_callable(context=context, **execute_callable_kwargs)
             ^^^^^^^^^^^^^^^^^^^^^^^^^^^^^^^^^^^^^^^^^^^^^^^^^^^^^^^^^^^^^
  File "/home/airflow/.local/lib/python3.11/site-packages/airflow/models/taskinstance.py", line 432, in _execute_callable
    return execute_callable(context=context, **execute_callable_kwargs)
           ^^^^^^^^^^^^^^^^^^^^^^^^^^^^^^^^^^^^^^^^^^^^^^^^^^^^^^^^^^^^
  File "/home/airflow/.local/lib/python3.11/site-packages/airflow/models/baseoperator.py", line 401, in wrapper
    return func(self, *args, **kwargs)
           ^^^^^^^^^^^^^^^^^^^^^^^^^^^
  File "/home/airflow/.local/lib/python3.11/site-packages/airflow/providers/google/cloud/operators/bigquery.py", line 2854, in execute
    hook = BigQueryHook(
           ^^^^^^^^^^^^^
  File "/home/airflow/.local/lib/python3.11/site-packages/airflow/providers/google/cloud/hooks/bigquery.py", line 166, in __init__
    super().__init__(**kwargs)
  File "/home/airflow/.local/lib/python3.11/site-packages/airflow/providers/google/common/hooks/base_google.py", line 274, in __init__
    self.extras: dict = self.get_connection(self.gcp_conn_id).extra_dejson
                        ^^^^^^^^^^^^^^^^^^^^^^^^^^^^^^^^^^^^^
  File "/home/airflow/.local/lib/python3.11/site-packages/airflow/hooks/base.py", line 83, in get_connection
    conn = Connection.get_connection_from_secrets(conn_id)
           ^^^^^^^^^^^^^^^^^^^^^^^^^^^^^^^^^^^^^^^^^^^^^^^
  File "/home/airflow/.local/lib/python3.11/site-packages/airflow/models/connection.py", line 519, in get_connection_from_secrets
    raise AirflowNotFoundException(f"The conn_id `{conn_id}` isn't defined")
airflow.exceptions.AirflowNotFoundException: The conn_id `google_cloud_default` isn't defined
[2025-12-03T04:05:12.342+0000] {taskinstance.py:1206} INFO - Marking task as FAILED. dag_id=signalsense_daily_pipeline, task_id=bq_new_stream_issues, run_id=scheduled__2025-12-02T00:00:00+00:00, execution_date=20251202T000000, start_date=20251203T040512, end_date=20251203T040512
[2025-12-03T04:05:12.356+0000] {standard_task_runner.py:110} ERROR - Failed to execute job 4 for task bq_new_stream_issues (The conn_id `google_cloud_default` isn't defined; 237)
[2025-12-03T04:05:12.395+0000] {local_task_job_runner.py:240} INFO - Task exited with return code 1
[2025-12-03T04:05:12.426+0000] {taskinstance.py:3503} INFO - 0 downstream tasks scheduled from follow-on schedule check
[2025-12-03T04:05:12.432+0000] {local_task_job_runner.py:222} INFO - ::endgroup::
[2025-12-03T09:30:50.301+0000] {local_task_job_runner.py:120} INFO - ::group::Pre task execution logs
[2025-12-03T09:30:50.322+0000] {taskinstance.py:2076} INFO - Dependencies all met for dep_context=non-requeueable deps ti=<TaskInstance: signalsense_daily_pipeline.bq_new_stream_issues scheduled__2025-12-02T00:00:00+00:00 [queued]>
[2025-12-03T09:30:50.332+0000] {taskinstance.py:2076} INFO - Dependencies all met for dep_context=requeueable deps ti=<TaskInstance: signalsense_daily_pipeline.bq_new_stream_issues scheduled__2025-12-02T00:00:00+00:00 [queued]>
[2025-12-03T09:30:50.333+0000] {taskinstance.py:2306} INFO - Starting attempt 2 of 2
[2025-12-03T09:30:50.348+0000] {taskinstance.py:2330} INFO - Executing <Task(BigQueryInsertJobOperator): bq_new_stream_issues> on 2025-12-02 00:00:00+00:00
[2025-12-03T09:30:50.361+0000] {standard_task_runner.py:63} INFO - Started process 229 to run task
[2025-12-03T09:30:50.367+0000] {standard_task_runner.py:90} INFO - Running: ['***', 'tasks', 'run', 'signalsense_daily_pipeline', 'bq_new_stream_issues', 'scheduled__2025-12-02T00:00:00+00:00', '--job-id', '3', '--raw', '--subdir', 'DAGS_FOLDER/signalsense_pipeline.py', '--cfg-path', '/tmp/tmp8d6uweoc']
[2025-12-03T09:30:50.371+0000] {standard_task_runner.py:91} INFO - Job 3: Subtask bq_new_stream_issues
[2025-12-03T09:30:50.468+0000] {task_command.py:426} INFO - Running <TaskInstance: signalsense_daily_pipeline.bq_new_stream_issues scheduled__2025-12-02T00:00:00+00:00 [running]> on host 98179ae64f3c
[2025-12-03T09:30:50.569+0000] {taskinstance.py:2648} INFO - Exporting env vars: AIRFLOW_CTX_DAG_OWNER='***' AIRFLOW_CTX_DAG_ID='signalsense_daily_pipeline' AIRFLOW_CTX_TASK_ID='bq_new_stream_issues' AIRFLOW_CTX_EXECUTION_DATE='2025-12-02T00:00:00+00:00' AIRFLOW_CTX_TRY_NUMBER='2' AIRFLOW_CTX_DAG_RUN_ID='scheduled__2025-12-02T00:00:00+00:00'
[2025-12-03T09:30:50.571+0000] {taskinstance.py:430} INFO - ::endgroup::
[2025-12-03T09:30:50.606+0000] {connection.py:274} WARNING - Connection schemes (type: google_cloud_platform) shall not contain '_' according to RFC3986.
[2025-12-03T09:30:50.610+0000] {base.py:84} INFO - Using connection ID 'google_cloud_default' for task execution.
[2025-12-03T09:30:50.683+0000] {bigquery.py:2872} INFO - Executing: {'query': {'query': '\n                CREATE OR REPLACE TABLE `signalsense-project.signalsense.new_stream_issues` AS\n                SELECT\n                  s.*\n                FROM `signalsense-project.signalsense.issues_enriched` AS s\n                LEFT JOIN `signalsense-project.signalsense.issues_scored` AS sc\n                  USING (issue_id)\n                WHERE sc.issue_id IS NULL;\n            ', 'useLegacySql': False}}'
[2025-12-03T09:30:50.684+0000] {bigquery.py:1670} INFO - Inserting job ***_signalsense_daily_pipeline_bq_new_stream_issues_2025_12_02T00_00_00_00_00_970ddc207758d4c58fc7fa2fadb65b13
[2025-12-03T09:30:53.625+0000] {taskinstance.py:441} INFO - ::group::Post task execution logs
[2025-12-03T09:30:53.678+0000] {taskinstance.py:1206} INFO - Marking task as SUCCESS. dag_id=signalsense_daily_pipeline, task_id=bq_new_stream_issues, run_id=scheduled__2025-12-02T00:00:00+00:00, execution_date=20251202T000000, start_date=20251203T093050, end_date=20251203T093053
[2025-12-03T09:30:53.756+0000] {local_task_job_runner.py:240} INFO - Task exited with return code 0
[2025-12-03T09:30:53.798+0000] {taskinstance.py:3503} INFO - 1 downstream tasks scheduled from follow-on schedule check
[2025-12-03T09:30:53.801+0000] {local_task_job_runner.py:222} INFO - ::endgroup::
