[2025-12-03T03:05:20.223+0000] {local_task_job_runner.py:120} INFO - ::group::Pre task execution logs
[2025-12-03T03:05:20.248+0000] {taskinstance.py:2076} INFO - Dependencies all met for dep_context=non-requeueable deps ti=<TaskInstance: signalsense_daily_pipeline.bq_new_stream_issues scheduled__2025-12-02T00:00:00+00:00 [queued]>
[2025-12-03T03:05:20.261+0000] {taskinstance.py:2076} INFO - Dependencies all met for dep_context=requeueable deps ti=<TaskInstance: signalsense_daily_pipeline.bq_new_stream_issues scheduled__2025-12-02T00:00:00+00:00 [queued]>
[2025-12-03T03:05:20.263+0000] {taskinstance.py:2306} INFO - Starting attempt 3 of 4
[2025-12-03T03:05:20.287+0000] {taskinstance.py:2330} INFO - Executing <Task(BigQueryInsertJobOperator): bq_new_stream_issues> on 2025-12-02 00:00:00+00:00
[2025-12-03T03:05:20.306+0000] {standard_task_runner.py:63} INFO - Started process 828 to run task
[2025-12-03T03:05:20.327+0000] {standard_task_runner.py:90} INFO - Running: ['***', 'tasks', 'run', 'signalsense_daily_pipeline', 'bq_new_stream_issues', 'scheduled__2025-12-02T00:00:00+00:00', '--job-id', '6', '--raw', '--subdir', 'DAGS_FOLDER/signalsense_pipeline.py', '--cfg-path', '/tmp/tmphegr7y5u']
[2025-12-03T03:05:20.353+0000] {standard_task_runner.py:91} INFO - Job 6: Subtask bq_new_stream_issues
[2025-12-03T03:05:20.618+0000] {task_command.py:426} INFO - Running <TaskInstance: signalsense_daily_pipeline.bq_new_stream_issues scheduled__2025-12-02T00:00:00+00:00 [running]> on host cf7c287101fd
[2025-12-03T03:05:20.817+0000] {taskinstance.py:2648} INFO - Exporting env vars: AIRFLOW_CTX_DAG_OWNER='***' AIRFLOW_CTX_DAG_ID='signalsense_daily_pipeline' AIRFLOW_CTX_TASK_ID='bq_new_stream_issues' AIRFLOW_CTX_EXECUTION_DATE='2025-12-02T00:00:00+00:00' AIRFLOW_CTX_TRY_NUMBER='3' AIRFLOW_CTX_DAG_RUN_ID='scheduled__2025-12-02T00:00:00+00:00'
[2025-12-03T03:05:20.822+0000] {taskinstance.py:430} INFO - ::endgroup::
[2025-12-03T03:05:20.882+0000] {taskinstance.py:441} INFO - ::group::Post task execution logs
[2025-12-03T03:05:20.910+0000] {taskinstance.py:2905} ERROR - Task failed with exception
Traceback (most recent call last):
  File "/home/airflow/.local/lib/python3.11/site-packages/airflow/models/taskinstance.py", line 465, in _execute_task
    result = _execute_callable(context=context, **execute_callable_kwargs)
             ^^^^^^^^^^^^^^^^^^^^^^^^^^^^^^^^^^^^^^^^^^^^^^^^^^^^^^^^^^^^^
  File "/home/airflow/.local/lib/python3.11/site-packages/airflow/models/taskinstance.py", line 432, in _execute_callable
    return execute_callable(context=context, **execute_callable_kwargs)
           ^^^^^^^^^^^^^^^^^^^^^^^^^^^^^^^^^^^^^^^^^^^^^^^^^^^^^^^^^^^^
  File "/home/airflow/.local/lib/python3.11/site-packages/airflow/models/baseoperator.py", line 401, in wrapper
    return func(self, *args, **kwargs)
           ^^^^^^^^^^^^^^^^^^^^^^^^^^^
  File "/home/airflow/.local/lib/python3.11/site-packages/airflow/providers/google/cloud/operators/bigquery.py", line 2854, in execute
    hook = BigQueryHook(
           ^^^^^^^^^^^^^
  File "/home/airflow/.local/lib/python3.11/site-packages/airflow/providers/google/cloud/hooks/bigquery.py", line 166, in __init__
    super().__init__(**kwargs)
  File "/home/airflow/.local/lib/python3.11/site-packages/airflow/providers/google/common/hooks/base_google.py", line 274, in __init__
    self.extras: dict = self.get_connection(self.gcp_conn_id).extra_dejson
                        ^^^^^^^^^^^^^^^^^^^^^^^^^^^^^^^^^^^^^
  File "/home/airflow/.local/lib/python3.11/site-packages/airflow/hooks/base.py", line 83, in get_connection
    conn = Connection.get_connection_from_secrets(conn_id)
           ^^^^^^^^^^^^^^^^^^^^^^^^^^^^^^^^^^^^^^^^^^^^^^^
  File "/home/airflow/.local/lib/python3.11/site-packages/airflow/models/connection.py", line 519, in get_connection_from_secrets
    raise AirflowNotFoundException(f"The conn_id `{conn_id}` isn't defined")
airflow.exceptions.AirflowNotFoundException: The conn_id `google_cloud_default` isn't defined
[2025-12-03T03:05:20.935+0000] {taskinstance.py:1206} INFO - Marking task as UP_FOR_RETRY. dag_id=signalsense_daily_pipeline, task_id=bq_new_stream_issues, run_id=scheduled__2025-12-02T00:00:00+00:00, execution_date=20251202T000000, start_date=20251203T030520, end_date=20251203T030520
[2025-12-03T03:05:20.955+0000] {standard_task_runner.py:110} ERROR - Failed to execute job 6 for task bq_new_stream_issues (The conn_id `google_cloud_default` isn't defined; 828)
[2025-12-03T03:05:20.986+0000] {local_task_job_runner.py:240} INFO - Task exited with return code 1
[2025-12-03T03:05:21.021+0000] {taskinstance.py:3503} INFO - 0 downstream tasks scheduled from follow-on schedule check
[2025-12-03T03:05:21.024+0000] {local_task_job_runner.py:222} INFO - ::endgroup::
[2025-12-03T04:55:59.113+0000] {local_task_job_runner.py:120} INFO - ::group::Pre task execution logs
[2025-12-03T04:55:59.131+0000] {taskinstance.py:2076} INFO - Dependencies all met for dep_context=non-requeueable deps ti=<TaskInstance: signalsense_daily_pipeline.bq_new_stream_issues scheduled__2025-12-02T00:00:00+00:00 [queued]>
[2025-12-03T04:55:59.141+0000] {taskinstance.py:2076} INFO - Dependencies all met for dep_context=requeueable deps ti=<TaskInstance: signalsense_daily_pipeline.bq_new_stream_issues scheduled__2025-12-02T00:00:00+00:00 [queued]>
[2025-12-03T04:55:59.142+0000] {taskinstance.py:2306} INFO - Starting attempt 3 of 4
[2025-12-03T04:55:59.155+0000] {taskinstance.py:2330} INFO - Executing <Task(BigQueryInsertJobOperator): bq_new_stream_issues> on 2025-12-02 00:00:00+00:00
[2025-12-03T04:55:59.166+0000] {standard_task_runner.py:63} INFO - Started process 503 to run task
[2025-12-03T04:55:59.171+0000] {standard_task_runner.py:90} INFO - Running: ['***', 'tasks', 'run', 'signalsense_daily_pipeline', 'bq_new_stream_issues', 'scheduled__2025-12-02T00:00:00+00:00', '--job-id', '6', '--raw', '--subdir', 'DAGS_FOLDER/signalsense_pipeline.py', '--cfg-path', '/tmp/tmp949dsl40']
[2025-12-03T04:55:59.175+0000] {standard_task_runner.py:91} INFO - Job 6: Subtask bq_new_stream_issues
[2025-12-03T04:55:59.272+0000] {task_command.py:426} INFO - Running <TaskInstance: signalsense_daily_pipeline.bq_new_stream_issues scheduled__2025-12-02T00:00:00+00:00 [running]> on host 9c45bb31d443
[2025-12-03T04:55:59.372+0000] {taskinstance.py:2648} INFO - Exporting env vars: AIRFLOW_CTX_DAG_OWNER='***' AIRFLOW_CTX_DAG_ID='signalsense_daily_pipeline' AIRFLOW_CTX_TASK_ID='bq_new_stream_issues' AIRFLOW_CTX_EXECUTION_DATE='2025-12-02T00:00:00+00:00' AIRFLOW_CTX_TRY_NUMBER='3' AIRFLOW_CTX_DAG_RUN_ID='scheduled__2025-12-02T00:00:00+00:00'
[2025-12-03T04:55:59.375+0000] {taskinstance.py:430} INFO - ::endgroup::
[2025-12-03T04:55:59.407+0000] {connection.py:274} WARNING - Connection schemes (type: google_cloud_platform) shall not contain '_' according to RFC3986.
[2025-12-03T04:55:59.412+0000] {base.py:84} INFO - Using connection ID 'google_cloud_default' for task execution.
[2025-12-03T04:55:59.496+0000] {bigquery.py:2872} INFO - Executing: {'query': {'query': '\n                CREATE OR REPLACE TABLE `signalsense-project.signalsense.new_stream_issues` AS\n                SELECT\n                  s.*\n                FROM `signalsense-project.signalsense.issues_enriched` AS s\n                LEFT JOIN `signalsense-project.signalsense.issues_scored` AS sc\n                  USING (issue_id)\n                WHERE sc.issue_id IS NULL;\n            ', 'useLegacySql': False}}'
[2025-12-03T04:55:59.499+0000] {bigquery.py:1670} INFO - Inserting job ***_signalsense_daily_pipeline_bq_new_stream_issues_2025_12_02T00_00_00_00_00_667c3878978e82e0c1cbe78fcc1d14a4
[2025-12-03T04:56:02.963+0000] {taskinstance.py:441} INFO - ::group::Post task execution logs
[2025-12-03T04:56:02.987+0000] {taskinstance.py:1206} INFO - Marking task as SUCCESS. dag_id=signalsense_daily_pipeline, task_id=bq_new_stream_issues, run_id=scheduled__2025-12-02T00:00:00+00:00, execution_date=20251202T000000, start_date=20251203T045559, end_date=20251203T045602
[2025-12-03T04:56:03.057+0000] {local_task_job_runner.py:240} INFO - Task exited with return code 0
[2025-12-03T04:56:03.083+0000] {taskinstance.py:3503} INFO - 1 downstream tasks scheduled from follow-on schedule check
[2025-12-03T04:56:03.087+0000] {local_task_job_runner.py:222} INFO - ::endgroup::
