[2025-12-03T01:35:40.850+0000] {local_task_job_runner.py:120} INFO - ::group::Pre task execution logs
[2025-12-03T01:35:40.874+0000] {taskinstance.py:2076} INFO - Dependencies all met for dep_context=non-requeueable deps ti=<TaskInstance: signalsense_daily_pipeline.bq_new_stream_issues scheduled__2025-12-02T00:00:00+00:00 [queued]>
[2025-12-03T01:35:40.884+0000] {taskinstance.py:2076} INFO - Dependencies all met for dep_context=requeueable deps ti=<TaskInstance: signalsense_daily_pipeline.bq_new_stream_issues scheduled__2025-12-02T00:00:00+00:00 [queued]>
[2025-12-03T01:35:40.885+0000] {taskinstance.py:2306} INFO - Starting attempt 1 of 2
[2025-12-03T01:35:40.900+0000] {taskinstance.py:2330} INFO - Executing <Task(BigQueryInsertJobOperator): bq_new_stream_issues> on 2025-12-02 00:00:00+00:00
[2025-12-03T01:35:40.913+0000] {standard_task_runner.py:63} INFO - Started process 336 to run task
[2025-12-03T01:35:40.927+0000] {standard_task_runner.py:90} INFO - Running: ['***', 'tasks', 'run', 'signalsense_daily_pipeline', 'bq_new_stream_issues', 'scheduled__2025-12-02T00:00:00+00:00', '--job-id', '2', '--raw', '--subdir', 'DAGS_FOLDER/signalsense_pipeline.py', '--cfg-path', '/tmp/tmpvruzlemo']
[2025-12-03T01:35:40.954+0000] {standard_task_runner.py:91} INFO - Job 2: Subtask bq_new_stream_issues
[2025-12-03T01:35:41.273+0000] {task_command.py:426} INFO - Running <TaskInstance: signalsense_daily_pipeline.bq_new_stream_issues scheduled__2025-12-02T00:00:00+00:00 [running]> on host a1d2402f7187
[2025-12-03T01:35:41.507+0000] {taskinstance.py:2648} INFO - Exporting env vars: AIRFLOW_CTX_DAG_OWNER='***' AIRFLOW_CTX_DAG_ID='signalsense_daily_pipeline' AIRFLOW_CTX_TASK_ID='bq_new_stream_issues' AIRFLOW_CTX_EXECUTION_DATE='2025-12-02T00:00:00+00:00' AIRFLOW_CTX_TRY_NUMBER='1' AIRFLOW_CTX_DAG_RUN_ID='scheduled__2025-12-02T00:00:00+00:00'
[2025-12-03T01:35:41.511+0000] {taskinstance.py:430} INFO - ::endgroup::
[2025-12-03T01:35:41.614+0000] {connection.py:274} WARNING - Connection schemes (type: google_cloud_platform) shall not contain '_' according to RFC3986.
[2025-12-03T01:35:41.619+0000] {base.py:84} INFO - Using connection ID 'google_cloud_default' for task execution.
[2025-12-03T01:35:41.719+0000] {bigquery.py:2872} INFO - Executing: {'query': {'query': '\n                CREATE OR REPLACE TABLE `signalsense-project.signalsense.new_stream_issues` AS\n                SELECT\n                  s.*\n                FROM `signalsense-project.signalsense.issues_enriched_stream` AS s\n                LEFT JOIN `signalsense-project.signalsense.issues_scored` AS sc\n                  USING (issue_id)\n                WHERE sc.issue_id IS NULL;\n                ', 'useLegacySql': False}}'
[2025-12-03T01:35:41.727+0000] {bigquery.py:1670} INFO - Inserting job ***_signalsense_daily_pipeline_bq_new_stream_issues_2025_12_02T00_00_00_00_00_6313c0004944c407e269a91db404e06e
[2025-12-03T01:35:45.113+0000] {taskinstance.py:441} INFO - ::group::Post task execution logs
[2025-12-03T01:35:45.168+0000] {taskinstance.py:1206} INFO - Marking task as SUCCESS. dag_id=signalsense_daily_pipeline, task_id=bq_new_stream_issues, run_id=scheduled__2025-12-02T00:00:00+00:00, execution_date=20251202T000000, start_date=20251203T013540, end_date=20251203T013545
[2025-12-03T01:35:45.244+0000] {local_task_job_runner.py:240} INFO - Task exited with return code 0
[2025-12-03T01:35:45.292+0000] {taskinstance.py:3503} INFO - 1 downstream tasks scheduled from follow-on schedule check
[2025-12-03T01:35:45.297+0000] {local_task_job_runner.py:222} INFO - ::endgroup::
[2025-12-03T02:02:43.655+0000] {local_task_job_runner.py:120} INFO - ::group::Pre task execution logs
[2025-12-03T02:02:43.679+0000] {taskinstance.py:2076} INFO - Dependencies all met for dep_context=non-requeueable deps ti=<TaskInstance: signalsense_daily_pipeline.bq_new_stream_issues scheduled__2025-12-02T00:00:00+00:00 [queued]>
[2025-12-03T02:02:43.688+0000] {taskinstance.py:2076} INFO - Dependencies all met for dep_context=requeueable deps ti=<TaskInstance: signalsense_daily_pipeline.bq_new_stream_issues scheduled__2025-12-02T00:00:00+00:00 [queued]>
[2025-12-03T02:02:43.689+0000] {taskinstance.py:2306} INFO - Starting attempt 1 of 2
[2025-12-03T02:02:43.708+0000] {taskinstance.py:2330} INFO - Executing <Task(BigQueryInsertJobOperator): bq_new_stream_issues> on 2025-12-02 00:00:00+00:00
[2025-12-03T02:02:43.721+0000] {standard_task_runner.py:63} INFO - Started process 201 to run task
[2025-12-03T02:02:43.728+0000] {standard_task_runner.py:90} INFO - Running: ['***', 'tasks', 'run', 'signalsense_daily_pipeline', 'bq_new_stream_issues', 'scheduled__2025-12-02T00:00:00+00:00', '--job-id', '2', '--raw', '--subdir', 'DAGS_FOLDER/signalsense_pipeline.py', '--cfg-path', '/tmp/tmpoxq2x_4k']
[2025-12-03T02:02:43.734+0000] {standard_task_runner.py:91} INFO - Job 2: Subtask bq_new_stream_issues
[2025-12-03T02:02:43.859+0000] {task_command.py:426} INFO - Running <TaskInstance: signalsense_daily_pipeline.bq_new_stream_issues scheduled__2025-12-02T00:00:00+00:00 [running]> on host cf7c287101fd
[2025-12-03T02:02:44.031+0000] {taskinstance.py:2648} INFO - Exporting env vars: AIRFLOW_CTX_DAG_OWNER='***' AIRFLOW_CTX_DAG_ID='signalsense_daily_pipeline' AIRFLOW_CTX_TASK_ID='bq_new_stream_issues' AIRFLOW_CTX_EXECUTION_DATE='2025-12-02T00:00:00+00:00' AIRFLOW_CTX_TRY_NUMBER='1' AIRFLOW_CTX_DAG_RUN_ID='scheduled__2025-12-02T00:00:00+00:00'
[2025-12-03T02:02:44.033+0000] {taskinstance.py:430} INFO - ::endgroup::
[2025-12-03T02:02:44.102+0000] {taskinstance.py:441} INFO - ::group::Post task execution logs
[2025-12-03T02:02:44.117+0000] {taskinstance.py:2905} ERROR - Task failed with exception
Traceback (most recent call last):
  File "/home/airflow/.local/lib/python3.11/site-packages/airflow/models/taskinstance.py", line 465, in _execute_task
    result = _execute_callable(context=context, **execute_callable_kwargs)
             ^^^^^^^^^^^^^^^^^^^^^^^^^^^^^^^^^^^^^^^^^^^^^^^^^^^^^^^^^^^^^
  File "/home/airflow/.local/lib/python3.11/site-packages/airflow/models/taskinstance.py", line 432, in _execute_callable
    return execute_callable(context=context, **execute_callable_kwargs)
           ^^^^^^^^^^^^^^^^^^^^^^^^^^^^^^^^^^^^^^^^^^^^^^^^^^^^^^^^^^^^
  File "/home/airflow/.local/lib/python3.11/site-packages/airflow/models/baseoperator.py", line 401, in wrapper
    return func(self, *args, **kwargs)
           ^^^^^^^^^^^^^^^^^^^^^^^^^^^
  File "/home/airflow/.local/lib/python3.11/site-packages/airflow/providers/google/cloud/operators/bigquery.py", line 2854, in execute
    hook = BigQueryHook(
           ^^^^^^^^^^^^^
  File "/home/airflow/.local/lib/python3.11/site-packages/airflow/providers/google/cloud/hooks/bigquery.py", line 166, in __init__
    super().__init__(**kwargs)
  File "/home/airflow/.local/lib/python3.11/site-packages/airflow/providers/google/common/hooks/base_google.py", line 274, in __init__
    self.extras: dict = self.get_connection(self.gcp_conn_id).extra_dejson
                        ^^^^^^^^^^^^^^^^^^^^^^^^^^^^^^^^^^^^^
  File "/home/airflow/.local/lib/python3.11/site-packages/airflow/hooks/base.py", line 83, in get_connection
    conn = Connection.get_connection_from_secrets(conn_id)
           ^^^^^^^^^^^^^^^^^^^^^^^^^^^^^^^^^^^^^^^^^^^^^^^
  File "/home/airflow/.local/lib/python3.11/site-packages/airflow/models/connection.py", line 519, in get_connection_from_secrets
    raise AirflowNotFoundException(f"The conn_id `{conn_id}` isn't defined")
airflow.exceptions.AirflowNotFoundException: The conn_id `google_cloud_default` isn't defined
[2025-12-03T02:02:44.128+0000] {taskinstance.py:1206} INFO - Marking task as UP_FOR_RETRY. dag_id=signalsense_daily_pipeline, task_id=bq_new_stream_issues, run_id=scheduled__2025-12-02T00:00:00+00:00, execution_date=20251202T000000, start_date=20251203T020243, end_date=20251203T020244
[2025-12-03T02:02:44.145+0000] {standard_task_runner.py:110} ERROR - Failed to execute job 2 for task bq_new_stream_issues (The conn_id `google_cloud_default` isn't defined; 201)
[2025-12-03T02:02:44.185+0000] {local_task_job_runner.py:240} INFO - Task exited with return code 1
[2025-12-03T02:02:44.225+0000] {taskinstance.py:3503} INFO - 0 downstream tasks scheduled from follow-on schedule check
[2025-12-03T02:02:44.229+0000] {local_task_job_runner.py:222} INFO - ::endgroup::
[2025-12-03T03:31:58.983+0000] {local_task_job_runner.py:120} INFO - ::group::Pre task execution logs
[2025-12-03T03:31:59.011+0000] {taskinstance.py:2076} INFO - Dependencies all met for dep_context=non-requeueable deps ti=<TaskInstance: signalsense_daily_pipeline.bq_new_stream_issues scheduled__2025-12-02T00:00:00+00:00 [queued]>
[2025-12-03T03:31:59.022+0000] {taskinstance.py:2076} INFO - Dependencies all met for dep_context=requeueable deps ti=<TaskInstance: signalsense_daily_pipeline.bq_new_stream_issues scheduled__2025-12-02T00:00:00+00:00 [queued]>
[2025-12-03T03:31:59.023+0000] {taskinstance.py:2306} INFO - Starting attempt 1 of 2
[2025-12-03T03:31:59.044+0000] {taskinstance.py:2330} INFO - Executing <Task(BigQueryInsertJobOperator): bq_new_stream_issues> on 2025-12-02 00:00:00+00:00
[2025-12-03T03:31:59.063+0000] {standard_task_runner.py:63} INFO - Started process 181 to run task
[2025-12-03T03:31:59.069+0000] {standard_task_runner.py:90} INFO - Running: ['***', 'tasks', 'run', 'signalsense_daily_pipeline', 'bq_new_stream_issues', 'scheduled__2025-12-02T00:00:00+00:00', '--job-id', '2', '--raw', '--subdir', 'DAGS_FOLDER/signalsense_pipeline.py', '--cfg-path', '/tmp/tmpmunqcyw4']
[2025-12-03T03:31:59.077+0000] {standard_task_runner.py:91} INFO - Job 2: Subtask bq_new_stream_issues
[2025-12-03T03:31:59.214+0000] {task_command.py:426} INFO - Running <TaskInstance: signalsense_daily_pipeline.bq_new_stream_issues scheduled__2025-12-02T00:00:00+00:00 [running]> on host 14b52b859426
[2025-12-03T03:31:59.360+0000] {taskinstance.py:2648} INFO - Exporting env vars: AIRFLOW_CTX_DAG_OWNER='***' AIRFLOW_CTX_DAG_ID='signalsense_daily_pipeline' AIRFLOW_CTX_TASK_ID='bq_new_stream_issues' AIRFLOW_CTX_EXECUTION_DATE='2025-12-02T00:00:00+00:00' AIRFLOW_CTX_TRY_NUMBER='1' AIRFLOW_CTX_DAG_RUN_ID='scheduled__2025-12-02T00:00:00+00:00'
[2025-12-03T03:31:59.365+0000] {taskinstance.py:430} INFO - ::endgroup::
[2025-12-03T03:31:59.437+0000] {taskinstance.py:441} INFO - ::group::Post task execution logs
[2025-12-03T03:31:59.453+0000] {taskinstance.py:2905} ERROR - Task failed with exception
Traceback (most recent call last):
  File "/home/airflow/.local/lib/python3.11/site-packages/airflow/models/taskinstance.py", line 465, in _execute_task
    result = _execute_callable(context=context, **execute_callable_kwargs)
             ^^^^^^^^^^^^^^^^^^^^^^^^^^^^^^^^^^^^^^^^^^^^^^^^^^^^^^^^^^^^^
  File "/home/airflow/.local/lib/python3.11/site-packages/airflow/models/taskinstance.py", line 432, in _execute_callable
    return execute_callable(context=context, **execute_callable_kwargs)
           ^^^^^^^^^^^^^^^^^^^^^^^^^^^^^^^^^^^^^^^^^^^^^^^^^^^^^^^^^^^^
  File "/home/airflow/.local/lib/python3.11/site-packages/airflow/models/baseoperator.py", line 401, in wrapper
    return func(self, *args, **kwargs)
           ^^^^^^^^^^^^^^^^^^^^^^^^^^^
  File "/home/airflow/.local/lib/python3.11/site-packages/airflow/providers/google/cloud/operators/bigquery.py", line 2854, in execute
    hook = BigQueryHook(
           ^^^^^^^^^^^^^
  File "/home/airflow/.local/lib/python3.11/site-packages/airflow/providers/google/cloud/hooks/bigquery.py", line 166, in __init__
    super().__init__(**kwargs)
  File "/home/airflow/.local/lib/python3.11/site-packages/airflow/providers/google/common/hooks/base_google.py", line 274, in __init__
    self.extras: dict = self.get_connection(self.gcp_conn_id).extra_dejson
                        ^^^^^^^^^^^^^^^^^^^^^^^^^^^^^^^^^^^^^
  File "/home/airflow/.local/lib/python3.11/site-packages/airflow/hooks/base.py", line 83, in get_connection
    conn = Connection.get_connection_from_secrets(conn_id)
           ^^^^^^^^^^^^^^^^^^^^^^^^^^^^^^^^^^^^^^^^^^^^^^^
  File "/home/airflow/.local/lib/python3.11/site-packages/airflow/models/connection.py", line 519, in get_connection_from_secrets
    raise AirflowNotFoundException(f"The conn_id `{conn_id}` isn't defined")
airflow.exceptions.AirflowNotFoundException: The conn_id `google_cloud_default` isn't defined
[2025-12-03T03:31:59.466+0000] {taskinstance.py:1206} INFO - Marking task as UP_FOR_RETRY. dag_id=signalsense_daily_pipeline, task_id=bq_new_stream_issues, run_id=scheduled__2025-12-02T00:00:00+00:00, execution_date=20251202T000000, start_date=20251203T033159, end_date=20251203T033159
[2025-12-03T03:31:59.485+0000] {standard_task_runner.py:110} ERROR - Failed to execute job 2 for task bq_new_stream_issues (The conn_id `google_cloud_default` isn't defined; 181)
[2025-12-03T03:31:59.531+0000] {local_task_job_runner.py:240} INFO - Task exited with return code 1
[2025-12-03T03:31:59.551+0000] {local_task_job_runner.py:222} INFO - ::endgroup::
[2025-12-03T04:00:09.303+0000] {local_task_job_runner.py:120} INFO - ::group::Pre task execution logs
[2025-12-03T04:00:09.321+0000] {taskinstance.py:2076} INFO - Dependencies all met for dep_context=non-requeueable deps ti=<TaskInstance: signalsense_daily_pipeline.bq_new_stream_issues scheduled__2025-12-02T00:00:00+00:00 [queued]>
[2025-12-03T04:00:09.328+0000] {taskinstance.py:2076} INFO - Dependencies all met for dep_context=requeueable deps ti=<TaskInstance: signalsense_daily_pipeline.bq_new_stream_issues scheduled__2025-12-02T00:00:00+00:00 [queued]>
[2025-12-03T04:00:09.328+0000] {taskinstance.py:2306} INFO - Starting attempt 1 of 2
[2025-12-03T04:00:09.341+0000] {taskinstance.py:2330} INFO - Executing <Task(BigQueryInsertJobOperator): bq_new_stream_issues> on 2025-12-02 00:00:00+00:00
[2025-12-03T04:00:09.352+0000] {standard_task_runner.py:63} INFO - Started process 181 to run task
[2025-12-03T04:00:09.357+0000] {standard_task_runner.py:90} INFO - Running: ['***', 'tasks', 'run', 'signalsense_daily_pipeline', 'bq_new_stream_issues', 'scheduled__2025-12-02T00:00:00+00:00', '--job-id', '2', '--raw', '--subdir', 'DAGS_FOLDER/signalsense_pipeline.py', '--cfg-path', '/tmp/tmpuvuf946b']
[2025-12-03T04:00:09.360+0000] {standard_task_runner.py:91} INFO - Job 2: Subtask bq_new_stream_issues
[2025-12-03T04:00:09.472+0000] {task_command.py:426} INFO - Running <TaskInstance: signalsense_daily_pipeline.bq_new_stream_issues scheduled__2025-12-02T00:00:00+00:00 [running]> on host 9c45bb31d443
[2025-12-03T04:00:09.590+0000] {taskinstance.py:2648} INFO - Exporting env vars: AIRFLOW_CTX_DAG_OWNER='***' AIRFLOW_CTX_DAG_ID='signalsense_daily_pipeline' AIRFLOW_CTX_TASK_ID='bq_new_stream_issues' AIRFLOW_CTX_EXECUTION_DATE='2025-12-02T00:00:00+00:00' AIRFLOW_CTX_TRY_NUMBER='1' AIRFLOW_CTX_DAG_RUN_ID='scheduled__2025-12-02T00:00:00+00:00'
[2025-12-03T04:00:09.593+0000] {taskinstance.py:430} INFO - ::endgroup::
[2025-12-03T04:00:09.663+0000] {taskinstance.py:441} INFO - ::group::Post task execution logs
[2025-12-03T04:00:09.674+0000] {taskinstance.py:2905} ERROR - Task failed with exception
Traceback (most recent call last):
  File "/home/airflow/.local/lib/python3.11/site-packages/airflow/models/taskinstance.py", line 465, in _execute_task
    result = _execute_callable(context=context, **execute_callable_kwargs)
             ^^^^^^^^^^^^^^^^^^^^^^^^^^^^^^^^^^^^^^^^^^^^^^^^^^^^^^^^^^^^^
  File "/home/airflow/.local/lib/python3.11/site-packages/airflow/models/taskinstance.py", line 432, in _execute_callable
    return execute_callable(context=context, **execute_callable_kwargs)
           ^^^^^^^^^^^^^^^^^^^^^^^^^^^^^^^^^^^^^^^^^^^^^^^^^^^^^^^^^^^^
  File "/home/airflow/.local/lib/python3.11/site-packages/airflow/models/baseoperator.py", line 401, in wrapper
    return func(self, *args, **kwargs)
           ^^^^^^^^^^^^^^^^^^^^^^^^^^^
  File "/home/airflow/.local/lib/python3.11/site-packages/airflow/providers/google/cloud/operators/bigquery.py", line 2854, in execute
    hook = BigQueryHook(
           ^^^^^^^^^^^^^
  File "/home/airflow/.local/lib/python3.11/site-packages/airflow/providers/google/cloud/hooks/bigquery.py", line 166, in __init__
    super().__init__(**kwargs)
  File "/home/airflow/.local/lib/python3.11/site-packages/airflow/providers/google/common/hooks/base_google.py", line 274, in __init__
    self.extras: dict = self.get_connection(self.gcp_conn_id).extra_dejson
                        ^^^^^^^^^^^^^^^^^^^^^^^^^^^^^^^^^^^^^
  File "/home/airflow/.local/lib/python3.11/site-packages/airflow/hooks/base.py", line 83, in get_connection
    conn = Connection.get_connection_from_secrets(conn_id)
           ^^^^^^^^^^^^^^^^^^^^^^^^^^^^^^^^^^^^^^^^^^^^^^^
  File "/home/airflow/.local/lib/python3.11/site-packages/airflow/models/connection.py", line 519, in get_connection_from_secrets
    raise AirflowNotFoundException(f"The conn_id `{conn_id}` isn't defined")
airflow.exceptions.AirflowNotFoundException: The conn_id `google_cloud_default` isn't defined
[2025-12-03T04:00:09.687+0000] {taskinstance.py:1206} INFO - Marking task as UP_FOR_RETRY. dag_id=signalsense_daily_pipeline, task_id=bq_new_stream_issues, run_id=scheduled__2025-12-02T00:00:00+00:00, execution_date=20251202T000000, start_date=20251203T040009, end_date=20251203T040009
[2025-12-03T04:00:09.703+0000] {standard_task_runner.py:110} ERROR - Failed to execute job 2 for task bq_new_stream_issues (The conn_id `google_cloud_default` isn't defined; 181)
[2025-12-03T04:00:09.732+0000] {local_task_job_runner.py:240} INFO - Task exited with return code 1
[2025-12-03T04:00:09.762+0000] {taskinstance.py:3503} INFO - 0 downstream tasks scheduled from follow-on schedule check
[2025-12-03T04:00:09.765+0000] {local_task_job_runner.py:222} INFO - ::endgroup::
[2025-12-03T05:31:09.615+0000] {local_task_job_runner.py:120} INFO - ::group::Pre task execution logs
[2025-12-03T05:31:09.638+0000] {taskinstance.py:2076} INFO - Dependencies all met for dep_context=non-requeueable deps ti=<TaskInstance: signalsense_daily_pipeline.bq_new_stream_issues scheduled__2025-12-02T00:00:00+00:00 [queued]>
[2025-12-03T05:31:09.648+0000] {taskinstance.py:2076} INFO - Dependencies all met for dep_context=requeueable deps ti=<TaskInstance: signalsense_daily_pipeline.bq_new_stream_issues scheduled__2025-12-02T00:00:00+00:00 [queued]>
[2025-12-03T05:31:09.649+0000] {taskinstance.py:2306} INFO - Starting attempt 1 of 2
[2025-12-03T05:31:09.662+0000] {taskinstance.py:2330} INFO - Executing <Task(BigQueryInsertJobOperator): bq_new_stream_issues> on 2025-12-02 00:00:00+00:00
[2025-12-03T05:31:09.678+0000] {standard_task_runner.py:63} INFO - Started process 191 to run task
[2025-12-03T05:31:09.684+0000] {standard_task_runner.py:90} INFO - Running: ['***', 'tasks', 'run', 'signalsense_daily_pipeline', 'bq_new_stream_issues', 'scheduled__2025-12-02T00:00:00+00:00', '--job-id', '2', '--raw', '--subdir', 'DAGS_FOLDER/signalsense_pipeline.py', '--cfg-path', '/tmp/tmpy6fjqd8c']
[2025-12-03T05:31:09.691+0000] {standard_task_runner.py:91} INFO - Job 2: Subtask bq_new_stream_issues
[2025-12-03T05:31:09.803+0000] {task_command.py:426} INFO - Running <TaskInstance: signalsense_daily_pipeline.bq_new_stream_issues scheduled__2025-12-02T00:00:00+00:00 [running]> on host 0e6064538108
[2025-12-03T05:31:09.924+0000] {taskinstance.py:2648} INFO - Exporting env vars: AIRFLOW_CTX_DAG_OWNER='***' AIRFLOW_CTX_DAG_ID='signalsense_daily_pipeline' AIRFLOW_CTX_TASK_ID='bq_new_stream_issues' AIRFLOW_CTX_EXECUTION_DATE='2025-12-02T00:00:00+00:00' AIRFLOW_CTX_TRY_NUMBER='1' AIRFLOW_CTX_DAG_RUN_ID='scheduled__2025-12-02T00:00:00+00:00'
[2025-12-03T05:31:09.926+0000] {taskinstance.py:430} INFO - ::endgroup::
[2025-12-03T05:31:09.975+0000] {connection.py:274} WARNING - Connection schemes (type: google_cloud_platform) shall not contain '_' according to RFC3986.
[2025-12-03T05:31:09.978+0000] {base.py:84} INFO - Using connection ID 'google_cloud_default' for task execution.
[2025-12-03T05:31:10.041+0000] {bigquery.py:2872} INFO - Executing: {'query': {'query': '\n                CREATE OR REPLACE TABLE `signalsense-project.signalsense.new_stream_issues` AS\n                SELECT\n                  s.*\n                FROM `signalsense-project.signalsense.issues_enriched` AS s\n                LEFT JOIN `signalsense-project.signalsense.issues_scored` AS sc\n                  USING (issue_id)\n                WHERE sc.issue_id IS NULL;\n            ', 'useLegacySql': False}}'
[2025-12-03T05:31:10.044+0000] {bigquery.py:1670} INFO - Inserting job ***_signalsense_daily_pipeline_bq_new_stream_issues_2025_12_02T00_00_00_00_00_00f1934024d7583915f536448c04da1f
[2025-12-03T05:31:12.777+0000] {taskinstance.py:441} INFO - ::group::Post task execution logs
[2025-12-03T05:31:12.821+0000] {taskinstance.py:1206} INFO - Marking task as SUCCESS. dag_id=signalsense_daily_pipeline, task_id=bq_new_stream_issues, run_id=scheduled__2025-12-02T00:00:00+00:00, execution_date=20251202T000000, start_date=20251203T053109, end_date=20251203T053112
[2025-12-03T05:31:12.897+0000] {local_task_job_runner.py:240} INFO - Task exited with return code 0
[2025-12-03T05:31:12.931+0000] {taskinstance.py:3503} INFO - 1 downstream tasks scheduled from follow-on schedule check
[2025-12-03T05:31:12.934+0000] {local_task_job_runner.py:222} INFO - ::endgroup::
[2025-12-03T09:25:47.134+0000] {local_task_job_runner.py:120} INFO - ::group::Pre task execution logs
[2025-12-03T09:25:47.160+0000] {taskinstance.py:2076} INFO - Dependencies all met for dep_context=non-requeueable deps ti=<TaskInstance: signalsense_daily_pipeline.bq_new_stream_issues scheduled__2025-12-02T00:00:00+00:00 [queued]>
[2025-12-03T09:25:47.170+0000] {taskinstance.py:2076} INFO - Dependencies all met for dep_context=requeueable deps ti=<TaskInstance: signalsense_daily_pipeline.bq_new_stream_issues scheduled__2025-12-02T00:00:00+00:00 [queued]>
[2025-12-03T09:25:47.172+0000] {taskinstance.py:2306} INFO - Starting attempt 1 of 2
[2025-12-03T09:25:47.190+0000] {taskinstance.py:2330} INFO - Executing <Task(BigQueryInsertJobOperator): bq_new_stream_issues> on 2025-12-02 00:00:00+00:00
[2025-12-03T09:25:47.212+0000] {standard_task_runner.py:63} INFO - Started process 181 to run task
[2025-12-03T09:25:47.219+0000] {standard_task_runner.py:90} INFO - Running: ['***', 'tasks', 'run', 'signalsense_daily_pipeline', 'bq_new_stream_issues', 'scheduled__2025-12-02T00:00:00+00:00', '--job-id', '2', '--raw', '--subdir', 'DAGS_FOLDER/signalsense_pipeline.py', '--cfg-path', '/tmp/tmpnmvdok9r']
[2025-12-03T09:25:47.226+0000] {standard_task_runner.py:91} INFO - Job 2: Subtask bq_new_stream_issues
[2025-12-03T09:25:47.367+0000] {task_command.py:426} INFO - Running <TaskInstance: signalsense_daily_pipeline.bq_new_stream_issues scheduled__2025-12-02T00:00:00+00:00 [running]> on host 98179ae64f3c
[2025-12-03T09:25:47.525+0000] {taskinstance.py:2648} INFO - Exporting env vars: AIRFLOW_CTX_DAG_OWNER='***' AIRFLOW_CTX_DAG_ID='signalsense_daily_pipeline' AIRFLOW_CTX_TASK_ID='bq_new_stream_issues' AIRFLOW_CTX_EXECUTION_DATE='2025-12-02T00:00:00+00:00' AIRFLOW_CTX_TRY_NUMBER='1' AIRFLOW_CTX_DAG_RUN_ID='scheduled__2025-12-02T00:00:00+00:00'
[2025-12-03T09:25:47.528+0000] {taskinstance.py:430} INFO - ::endgroup::
[2025-12-03T09:25:47.607+0000] {taskinstance.py:441} INFO - ::group::Post task execution logs
[2025-12-03T09:25:47.621+0000] {taskinstance.py:2905} ERROR - Task failed with exception
Traceback (most recent call last):
  File "/home/airflow/.local/lib/python3.11/site-packages/airflow/models/taskinstance.py", line 465, in _execute_task
    result = _execute_callable(context=context, **execute_callable_kwargs)
             ^^^^^^^^^^^^^^^^^^^^^^^^^^^^^^^^^^^^^^^^^^^^^^^^^^^^^^^^^^^^^
  File "/home/airflow/.local/lib/python3.11/site-packages/airflow/models/taskinstance.py", line 432, in _execute_callable
    return execute_callable(context=context, **execute_callable_kwargs)
           ^^^^^^^^^^^^^^^^^^^^^^^^^^^^^^^^^^^^^^^^^^^^^^^^^^^^^^^^^^^^
  File "/home/airflow/.local/lib/python3.11/site-packages/airflow/models/baseoperator.py", line 401, in wrapper
    return func(self, *args, **kwargs)
           ^^^^^^^^^^^^^^^^^^^^^^^^^^^
  File "/home/airflow/.local/lib/python3.11/site-packages/airflow/providers/google/cloud/operators/bigquery.py", line 2854, in execute
    hook = BigQueryHook(
           ^^^^^^^^^^^^^
  File "/home/airflow/.local/lib/python3.11/site-packages/airflow/providers/google/cloud/hooks/bigquery.py", line 166, in __init__
    super().__init__(**kwargs)
  File "/home/airflow/.local/lib/python3.11/site-packages/airflow/providers/google/common/hooks/base_google.py", line 274, in __init__
    self.extras: dict = self.get_connection(self.gcp_conn_id).extra_dejson
                        ^^^^^^^^^^^^^^^^^^^^^^^^^^^^^^^^^^^^^
  File "/home/airflow/.local/lib/python3.11/site-packages/airflow/hooks/base.py", line 83, in get_connection
    conn = Connection.get_connection_from_secrets(conn_id)
           ^^^^^^^^^^^^^^^^^^^^^^^^^^^^^^^^^^^^^^^^^^^^^^^
  File "/home/airflow/.local/lib/python3.11/site-packages/airflow/models/connection.py", line 519, in get_connection_from_secrets
    raise AirflowNotFoundException(f"The conn_id `{conn_id}` isn't defined")
airflow.exceptions.AirflowNotFoundException: The conn_id `google_cloud_default` isn't defined
[2025-12-03T09:25:47.631+0000] {taskinstance.py:1206} INFO - Marking task as UP_FOR_RETRY. dag_id=signalsense_daily_pipeline, task_id=bq_new_stream_issues, run_id=scheduled__2025-12-02T00:00:00+00:00, execution_date=20251202T000000, start_date=20251203T092547, end_date=20251203T092547
[2025-12-03T09:25:47.647+0000] {standard_task_runner.py:110} ERROR - Failed to execute job 2 for task bq_new_stream_issues (The conn_id `google_cloud_default` isn't defined; 181)
[2025-12-03T09:25:47.676+0000] {local_task_job_runner.py:240} INFO - Task exited with return code 1
[2025-12-03T09:25:47.711+0000] {taskinstance.py:3503} INFO - 0 downstream tasks scheduled from follow-on schedule check
[2025-12-03T09:25:47.714+0000] {local_task_job_runner.py:222} INFO - ::endgroup::
[2025-12-03T22:52:39.060+0000] {local_task_job_runner.py:120} INFO - ::group::Pre task execution logs
[2025-12-03T22:52:39.076+0000] {taskinstance.py:2076} INFO - Dependencies all met for dep_context=non-requeueable deps ti=<TaskInstance: signalsense_daily_pipeline.bq_new_stream_issues scheduled__2025-12-02T00:00:00+00:00 [queued]>
[2025-12-03T22:52:39.083+0000] {taskinstance.py:2076} INFO - Dependencies all met for dep_context=requeueable deps ti=<TaskInstance: signalsense_daily_pipeline.bq_new_stream_issues scheduled__2025-12-02T00:00:00+00:00 [queued]>
[2025-12-03T22:52:39.084+0000] {taskinstance.py:2306} INFO - Starting attempt 1 of 2
[2025-12-03T22:52:39.097+0000] {taskinstance.py:2330} INFO - Executing <Task(BigQueryInsertJobOperator): bq_new_stream_issues> on 2025-12-02 00:00:00+00:00
[2025-12-03T22:52:39.107+0000] {standard_task_runner.py:63} INFO - Started process 192 to run task
[2025-12-03T22:52:39.111+0000] {standard_task_runner.py:90} INFO - Running: ['***', 'tasks', 'run', 'signalsense_daily_pipeline', 'bq_new_stream_issues', 'scheduled__2025-12-02T00:00:00+00:00', '--job-id', '2', '--raw', '--subdir', 'DAGS_FOLDER/signalsense_pipeline.py', '--cfg-path', '/tmp/tmpjstqln07']
[2025-12-03T22:52:39.116+0000] {standard_task_runner.py:91} INFO - Job 2: Subtask bq_new_stream_issues
[2025-12-03T22:52:39.191+0000] {task_command.py:426} INFO - Running <TaskInstance: signalsense_daily_pipeline.bq_new_stream_issues scheduled__2025-12-02T00:00:00+00:00 [running]> on host 27a575518531
[2025-12-03T22:52:39.286+0000] {taskinstance.py:2648} INFO - Exporting env vars: AIRFLOW_CTX_DAG_OWNER='***' AIRFLOW_CTX_DAG_ID='signalsense_daily_pipeline' AIRFLOW_CTX_TASK_ID='bq_new_stream_issues' AIRFLOW_CTX_EXECUTION_DATE='2025-12-02T00:00:00+00:00' AIRFLOW_CTX_TRY_NUMBER='1' AIRFLOW_CTX_DAG_RUN_ID='scheduled__2025-12-02T00:00:00+00:00'
[2025-12-03T22:52:39.288+0000] {taskinstance.py:430} INFO - ::endgroup::
[2025-12-03T22:52:39.358+0000] {connection.py:274} WARNING - Connection schemes (type: google_cloud_platform) shall not contain '_' according to RFC3986.
[2025-12-03T22:52:39.364+0000] {base.py:84} INFO - Using connection ID 'google_cloud_default' for task execution.
[2025-12-03T22:52:39.428+0000] {bigquery.py:2872} INFO - Executing: {'query': {'query': '\n                CREATE OR REPLACE TABLE `signalsense-project.signalsense.new_stream_issues` AS\n                SELECT\n                  s.*\n                FROM `signalsense-project.signalsense.issues_enriched` AS s\n                LEFT JOIN `signalsense-project.signalsense.issues_scored` AS sc\n                  USING (issue_id)\n                WHERE sc.issue_id IS NULL;\n            ', 'useLegacySql': False}}'
[2025-12-03T22:52:39.430+0000] {bigquery.py:1670} INFO - Inserting job ***_signalsense_daily_pipeline_bq_new_stream_issues_2025_12_02T00_00_00_00_00_6cd0bb4f1f997da6f8b03285e793f90b
[2025-12-03T22:52:43.858+0000] {taskinstance.py:441} INFO - ::group::Post task execution logs
[2025-12-03T22:52:43.879+0000] {taskinstance.py:1206} INFO - Marking task as SUCCESS. dag_id=signalsense_daily_pipeline, task_id=bq_new_stream_issues, run_id=scheduled__2025-12-02T00:00:00+00:00, execution_date=20251202T000000, start_date=20251203T225239, end_date=20251203T225243
[2025-12-03T22:52:43.942+0000] {local_task_job_runner.py:240} INFO - Task exited with return code 0
[2025-12-03T22:52:43.965+0000] {taskinstance.py:3503} INFO - 1 downstream tasks scheduled from follow-on schedule check
[2025-12-03T22:52:43.968+0000] {local_task_job_runner.py:222} INFO - ::endgroup::
