[2025-12-03T01:35:58.265+0000] {local_task_job_runner.py:120} INFO - ::group::Pre task execution logs
[2025-12-03T01:35:58.288+0000] {taskinstance.py:2076} INFO - Dependencies all met for dep_context=non-requeueable deps ti=<TaskInstance: signalsense_daily_pipeline.bq_append_to_issues_scored scheduled__2025-12-02T00:00:00+00:00 [queued]>
[2025-12-03T01:35:58.298+0000] {taskinstance.py:2076} INFO - Dependencies all met for dep_context=requeueable deps ti=<TaskInstance: signalsense_daily_pipeline.bq_append_to_issues_scored scheduled__2025-12-02T00:00:00+00:00 [queued]>
[2025-12-03T01:35:58.299+0000] {taskinstance.py:2306} INFO - Starting attempt 1 of 2
[2025-12-03T01:35:58.317+0000] {taskinstance.py:2330} INFO - Executing <Task(BigQueryInsertJobOperator): bq_append_to_issues_scored> on 2025-12-02 00:00:00+00:00
[2025-12-03T01:35:58.331+0000] {standard_task_runner.py:63} INFO - Started process 350 to run task
[2025-12-03T01:35:58.339+0000] {standard_task_runner.py:90} INFO - Running: ['***', 'tasks', 'run', 'signalsense_daily_pipeline', 'bq_append_to_issues_scored', 'scheduled__2025-12-02T00:00:00+00:00', '--job-id', '5', '--raw', '--subdir', 'DAGS_FOLDER/signalsense_pipeline.py', '--cfg-path', '/tmp/tmpcod9aat7']
[2025-12-03T01:35:58.349+0000] {standard_task_runner.py:91} INFO - Job 5: Subtask bq_append_to_issues_scored
[2025-12-03T01:35:58.575+0000] {task_command.py:426} INFO - Running <TaskInstance: signalsense_daily_pipeline.bq_append_to_issues_scored scheduled__2025-12-02T00:00:00+00:00 [running]> on host a1d2402f7187
[2025-12-03T01:35:58.786+0000] {taskinstance.py:2648} INFO - Exporting env vars: AIRFLOW_CTX_DAG_OWNER='***' AIRFLOW_CTX_DAG_ID='signalsense_daily_pipeline' AIRFLOW_CTX_TASK_ID='bq_append_to_issues_scored' AIRFLOW_CTX_EXECUTION_DATE='2025-12-02T00:00:00+00:00' AIRFLOW_CTX_TRY_NUMBER='1' AIRFLOW_CTX_DAG_RUN_ID='scheduled__2025-12-02T00:00:00+00:00'
[2025-12-03T01:35:58.791+0000] {taskinstance.py:430} INFO - ::endgroup::
[2025-12-03T01:35:58.844+0000] {connection.py:274} WARNING - Connection schemes (type: google_cloud_platform) shall not contain '_' according to RFC3986.
[2025-12-03T01:35:58.851+0000] {base.py:84} INFO - Using connection ID 'google_cloud_default' for task execution.
[2025-12-03T01:35:58.924+0000] {bigquery.py:2872} INFO - Executing: {'query': {'query': '\n                INSERT INTO `signalsense-project.signalsense.issues_scored`\n                SELECT *\n                FROM `signalsense-project.signalsense.new_stream_scored`;\n                ', 'useLegacySql': False}}'
[2025-12-03T01:35:58.928+0000] {bigquery.py:1670} INFO - Inserting job ***_signalsense_daily_pipeline_bq_append_to_issues_scored_2025_12_02T00_00_00_00_00_42d75a2dbb419fe7f2b6aafcc405a289
[2025-12-03T01:36:01.772+0000] {taskinstance.py:441} INFO - ::group::Post task execution logs
[2025-12-03T01:36:01.821+0000] {taskinstance.py:1206} INFO - Marking task as SUCCESS. dag_id=signalsense_daily_pipeline, task_id=bq_append_to_issues_scored, run_id=scheduled__2025-12-02T00:00:00+00:00, execution_date=20251202T000000, start_date=20251203T013558, end_date=20251203T013601
[2025-12-03T01:36:01.889+0000] {local_task_job_runner.py:240} INFO - Task exited with return code 0
[2025-12-03T01:36:01.930+0000] {taskinstance.py:3503} INFO - 1 downstream tasks scheduled from follow-on schedule check
[2025-12-03T01:36:01.933+0000] {local_task_job_runner.py:222} INFO - ::endgroup::
[2025-12-03T04:56:19.505+0000] {local_task_job_runner.py:120} INFO - ::group::Pre task execution logs
[2025-12-03T04:56:19.527+0000] {taskinstance.py:2076} INFO - Dependencies all met for dep_context=non-requeueable deps ti=<TaskInstance: signalsense_daily_pipeline.bq_append_to_issues_scored scheduled__2025-12-02T00:00:00+00:00 [queued]>
[2025-12-03T04:56:19.536+0000] {taskinstance.py:2076} INFO - Dependencies all met for dep_context=requeueable deps ti=<TaskInstance: signalsense_daily_pipeline.bq_append_to_issues_scored scheduled__2025-12-02T00:00:00+00:00 [queued]>
[2025-12-03T04:56:19.536+0000] {taskinstance.py:2306} INFO - Starting attempt 1 of 2
[2025-12-03T04:56:19.549+0000] {taskinstance.py:2330} INFO - Executing <Task(BigQueryInsertJobOperator): bq_append_to_issues_scored> on 2025-12-02 00:00:00+00:00
[2025-12-03T04:56:19.559+0000] {standard_task_runner.py:63} INFO - Started process 527 to run task
[2025-12-03T04:56:19.563+0000] {standard_task_runner.py:90} INFO - Running: ['***', 'tasks', 'run', 'signalsense_daily_pipeline', 'bq_append_to_issues_scored', 'scheduled__2025-12-02T00:00:00+00:00', '--job-id', '12', '--raw', '--subdir', 'DAGS_FOLDER/signalsense_pipeline.py', '--cfg-path', '/tmp/tmphsw7pen4']
[2025-12-03T04:56:19.567+0000] {standard_task_runner.py:91} INFO - Job 12: Subtask bq_append_to_issues_scored
[2025-12-03T04:56:19.646+0000] {task_command.py:426} INFO - Running <TaskInstance: signalsense_daily_pipeline.bq_append_to_issues_scored scheduled__2025-12-02T00:00:00+00:00 [running]> on host 9c45bb31d443
[2025-12-03T04:56:19.758+0000] {taskinstance.py:2648} INFO - Exporting env vars: AIRFLOW_CTX_DAG_OWNER='***' AIRFLOW_CTX_DAG_ID='signalsense_daily_pipeline' AIRFLOW_CTX_TASK_ID='bq_append_to_issues_scored' AIRFLOW_CTX_EXECUTION_DATE='2025-12-02T00:00:00+00:00' AIRFLOW_CTX_TRY_NUMBER='1' AIRFLOW_CTX_DAG_RUN_ID='scheduled__2025-12-02T00:00:00+00:00'
[2025-12-03T04:56:19.760+0000] {taskinstance.py:430} INFO - ::endgroup::
[2025-12-03T04:56:19.792+0000] {connection.py:274} WARNING - Connection schemes (type: google_cloud_platform) shall not contain '_' according to RFC3986.
[2025-12-03T04:56:19.795+0000] {base.py:84} INFO - Using connection ID 'google_cloud_default' for task execution.
[2025-12-03T04:56:19.859+0000] {bigquery.py:2872} INFO - Executing: {'query': {'query': '\n                INSERT INTO `signalsense-project.signalsense.issues_scored`\n                SELECT *\n                FROM `signalsense-project.signalsense.new_stream_scored`;\n                ', 'useLegacySql': False}}'
[2025-12-03T04:56:19.862+0000] {bigquery.py:1670} INFO - Inserting job ***_signalsense_daily_pipeline_bq_append_to_issues_scored_2025_12_02T00_00_00_00_00_be0569cee3b5242a91b5e34484f0f14b
[2025-12-03T04:56:24.176+0000] {taskinstance.py:441} INFO - ::group::Post task execution logs
[2025-12-03T04:56:24.202+0000] {taskinstance.py:1206} INFO - Marking task as SUCCESS. dag_id=signalsense_daily_pipeline, task_id=bq_append_to_issues_scored, run_id=scheduled__2025-12-02T00:00:00+00:00, execution_date=20251202T000000, start_date=20251203T045619, end_date=20251203T045624
[2025-12-03T04:56:24.233+0000] {local_task_job_runner.py:240} INFO - Task exited with return code 0
[2025-12-03T04:56:24.261+0000] {taskinstance.py:3503} INFO - 1 downstream tasks scheduled from follow-on schedule check
[2025-12-03T04:56:24.263+0000] {local_task_job_runner.py:222} INFO - ::endgroup::
[2025-12-03T05:31:21.273+0000] {local_task_job_runner.py:120} INFO - ::group::Pre task execution logs
[2025-12-03T05:31:21.291+0000] {taskinstance.py:2076} INFO - Dependencies all met for dep_context=non-requeueable deps ti=<TaskInstance: signalsense_daily_pipeline.bq_append_to_issues_scored scheduled__2025-12-02T00:00:00+00:00 [queued]>
[2025-12-03T05:31:21.298+0000] {taskinstance.py:2076} INFO - Dependencies all met for dep_context=requeueable deps ti=<TaskInstance: signalsense_daily_pipeline.bq_append_to_issues_scored scheduled__2025-12-02T00:00:00+00:00 [queued]>
[2025-12-03T05:31:21.299+0000] {taskinstance.py:2306} INFO - Starting attempt 1 of 2
[2025-12-03T05:31:21.311+0000] {taskinstance.py:2330} INFO - Executing <Task(BigQueryInsertJobOperator): bq_append_to_issues_scored> on 2025-12-02 00:00:00+00:00
[2025-12-03T05:31:21.320+0000] {standard_task_runner.py:63} INFO - Started process 203 to run task
[2025-12-03T05:31:21.325+0000] {standard_task_runner.py:90} INFO - Running: ['***', 'tasks', 'run', 'signalsense_daily_pipeline', 'bq_append_to_issues_scored', 'scheduled__2025-12-02T00:00:00+00:00', '--job-id', '6', '--raw', '--subdir', 'DAGS_FOLDER/signalsense_pipeline.py', '--cfg-path', '/tmp/tmp3pvhoee6']
[2025-12-03T05:31:21.329+0000] {standard_task_runner.py:91} INFO - Job 6: Subtask bq_append_to_issues_scored
[2025-12-03T05:31:21.409+0000] {task_command.py:426} INFO - Running <TaskInstance: signalsense_daily_pipeline.bq_append_to_issues_scored scheduled__2025-12-02T00:00:00+00:00 [running]> on host 0e6064538108
[2025-12-03T05:31:21.502+0000] {taskinstance.py:2648} INFO - Exporting env vars: AIRFLOW_CTX_DAG_OWNER='***' AIRFLOW_CTX_DAG_ID='signalsense_daily_pipeline' AIRFLOW_CTX_TASK_ID='bq_append_to_issues_scored' AIRFLOW_CTX_EXECUTION_DATE='2025-12-02T00:00:00+00:00' AIRFLOW_CTX_TRY_NUMBER='1' AIRFLOW_CTX_DAG_RUN_ID='scheduled__2025-12-02T00:00:00+00:00'
[2025-12-03T05:31:21.504+0000] {taskinstance.py:430} INFO - ::endgroup::
[2025-12-03T05:31:21.527+0000] {connection.py:274} WARNING - Connection schemes (type: google_cloud_platform) shall not contain '_' according to RFC3986.
[2025-12-03T05:31:21.530+0000] {base.py:84} INFO - Using connection ID 'google_cloud_default' for task execution.
[2025-12-03T05:31:21.586+0000] {bigquery.py:2872} INFO - Executing: {'query': {'query': '\n                INSERT INTO `signalsense-project.signalsense.issues_scored`\n                SELECT *\n                FROM `signalsense-project.signalsense.new_stream_scored`;\n                ', 'useLegacySql': False}}'
[2025-12-03T05:31:21.588+0000] {bigquery.py:1670} INFO - Inserting job ***_signalsense_daily_pipeline_bq_append_to_issues_scored_2025_12_02T00_00_00_00_00_6a888c654f7c2d23873aacfcc128650d
[2025-12-03T05:31:23.999+0000] {taskinstance.py:441} INFO - ::group::Post task execution logs
[2025-12-03T05:31:24.026+0000] {taskinstance.py:1206} INFO - Marking task as SUCCESS. dag_id=signalsense_daily_pipeline, task_id=bq_append_to_issues_scored, run_id=scheduled__2025-12-02T00:00:00+00:00, execution_date=20251202T000000, start_date=20251203T053121, end_date=20251203T053124
[2025-12-03T05:31:24.073+0000] {local_task_job_runner.py:240} INFO - Task exited with return code 0
[2025-12-03T05:31:24.096+0000] {taskinstance.py:3503} INFO - 1 downstream tasks scheduled from follow-on schedule check
[2025-12-03T05:31:24.098+0000] {local_task_job_runner.py:222} INFO - ::endgroup::
[2025-12-03T09:31:04.438+0000] {local_task_job_runner.py:120} INFO - ::group::Pre task execution logs
[2025-12-03T09:31:04.465+0000] {taskinstance.py:2076} INFO - Dependencies all met for dep_context=non-requeueable deps ti=<TaskInstance: signalsense_daily_pipeline.bq_append_to_issues_scored scheduled__2025-12-02T00:00:00+00:00 [queued]>
[2025-12-03T09:31:04.477+0000] {taskinstance.py:2076} INFO - Dependencies all met for dep_context=requeueable deps ti=<TaskInstance: signalsense_daily_pipeline.bq_append_to_issues_scored scheduled__2025-12-02T00:00:00+00:00 [queued]>
[2025-12-03T09:31:04.478+0000] {taskinstance.py:2306} INFO - Starting attempt 1 of 2
[2025-12-03T09:31:04.498+0000] {taskinstance.py:2330} INFO - Executing <Task(BigQueryInsertJobOperator): bq_append_to_issues_scored> on 2025-12-02 00:00:00+00:00
[2025-12-03T09:31:04.513+0000] {standard_task_runner.py:63} INFO - Started process 240 to run task
[2025-12-03T09:31:04.521+0000] {standard_task_runner.py:90} INFO - Running: ['***', 'tasks', 'run', 'signalsense_daily_pipeline', 'bq_append_to_issues_scored', 'scheduled__2025-12-02T00:00:00+00:00', '--job-id', '5', '--raw', '--subdir', 'DAGS_FOLDER/signalsense_pipeline.py', '--cfg-path', '/tmp/tmp844t30wq']
[2025-12-03T09:31:04.527+0000] {standard_task_runner.py:91} INFO - Job 5: Subtask bq_append_to_issues_scored
[2025-12-03T09:31:04.637+0000] {task_command.py:426} INFO - Running <TaskInstance: signalsense_daily_pipeline.bq_append_to_issues_scored scheduled__2025-12-02T00:00:00+00:00 [running]> on host 98179ae64f3c
[2025-12-03T09:31:04.777+0000] {taskinstance.py:2648} INFO - Exporting env vars: AIRFLOW_CTX_DAG_OWNER='***' AIRFLOW_CTX_DAG_ID='signalsense_daily_pipeline' AIRFLOW_CTX_TASK_ID='bq_append_to_issues_scored' AIRFLOW_CTX_EXECUTION_DATE='2025-12-02T00:00:00+00:00' AIRFLOW_CTX_TRY_NUMBER='1' AIRFLOW_CTX_DAG_RUN_ID='scheduled__2025-12-02T00:00:00+00:00'
[2025-12-03T09:31:04.782+0000] {taskinstance.py:430} INFO - ::endgroup::
[2025-12-03T09:31:04.818+0000] {connection.py:274} WARNING - Connection schemes (type: google_cloud_platform) shall not contain '_' according to RFC3986.
[2025-12-03T09:31:04.822+0000] {base.py:84} INFO - Using connection ID 'google_cloud_default' for task execution.
[2025-12-03T09:31:04.893+0000] {bigquery.py:2872} INFO - Executing: {'query': {'query': '\n                INSERT INTO `signalsense-project.signalsense.issues_scored`\n                SELECT *\n                FROM `signalsense-project.signalsense.new_stream_scored`;\n                ', 'useLegacySql': False}}'
[2025-12-03T09:31:04.896+0000] {bigquery.py:1670} INFO - Inserting job ***_signalsense_daily_pipeline_bq_append_to_issues_scored_2025_12_02T00_00_00_00_00_cfad424c854d98f7fb77683918e8b18f
[2025-12-03T09:31:07.573+0000] {taskinstance.py:441} INFO - ::group::Post task execution logs
[2025-12-03T09:31:07.621+0000] {taskinstance.py:1206} INFO - Marking task as SUCCESS. dag_id=signalsense_daily_pipeline, task_id=bq_append_to_issues_scored, run_id=scheduled__2025-12-02T00:00:00+00:00, execution_date=20251202T000000, start_date=20251203T093104, end_date=20251203T093107
[2025-12-03T09:31:07.680+0000] {local_task_job_runner.py:240} INFO - Task exited with return code 0
[2025-12-03T09:31:07.710+0000] {taskinstance.py:3503} INFO - 1 downstream tasks scheduled from follow-on schedule check
[2025-12-03T09:31:07.714+0000] {local_task_job_runner.py:222} INFO - ::endgroup::
[2025-12-03T22:52:51.945+0000] {local_task_job_runner.py:120} INFO - ::group::Pre task execution logs
[2025-12-03T22:52:51.962+0000] {taskinstance.py:2076} INFO - Dependencies all met for dep_context=non-requeueable deps ti=<TaskInstance: signalsense_daily_pipeline.bq_append_to_issues_scored scheduled__2025-12-02T00:00:00+00:00 [queued]>
[2025-12-03T22:52:51.969+0000] {taskinstance.py:2076} INFO - Dependencies all met for dep_context=requeueable deps ti=<TaskInstance: signalsense_daily_pipeline.bq_append_to_issues_scored scheduled__2025-12-02T00:00:00+00:00 [queued]>
[2025-12-03T22:52:51.969+0000] {taskinstance.py:2306} INFO - Starting attempt 1 of 2
[2025-12-03T22:52:51.981+0000] {taskinstance.py:2330} INFO - Executing <Task(BigQueryInsertJobOperator): bq_append_to_issues_scored> on 2025-12-02 00:00:00+00:00
[2025-12-03T22:52:51.990+0000] {standard_task_runner.py:63} INFO - Started process 198 to run task
[2025-12-03T22:52:51.995+0000] {standard_task_runner.py:90} INFO - Running: ['***', 'tasks', 'run', 'signalsense_daily_pipeline', 'bq_append_to_issues_scored', 'scheduled__2025-12-02T00:00:00+00:00', '--job-id', '4', '--raw', '--subdir', 'DAGS_FOLDER/signalsense_pipeline.py', '--cfg-path', '/tmp/tmpvcepzkhs']
[2025-12-03T22:52:51.999+0000] {standard_task_runner.py:91} INFO - Job 4: Subtask bq_append_to_issues_scored
[2025-12-03T22:52:52.067+0000] {task_command.py:426} INFO - Running <TaskInstance: signalsense_daily_pipeline.bq_append_to_issues_scored scheduled__2025-12-02T00:00:00+00:00 [running]> on host 27a575518531
[2025-12-03T22:52:52.150+0000] {taskinstance.py:2648} INFO - Exporting env vars: AIRFLOW_CTX_DAG_OWNER='***' AIRFLOW_CTX_DAG_ID='signalsense_daily_pipeline' AIRFLOW_CTX_TASK_ID='bq_append_to_issues_scored' AIRFLOW_CTX_EXECUTION_DATE='2025-12-02T00:00:00+00:00' AIRFLOW_CTX_TRY_NUMBER='1' AIRFLOW_CTX_DAG_RUN_ID='scheduled__2025-12-02T00:00:00+00:00'
[2025-12-03T22:52:52.153+0000] {taskinstance.py:430} INFO - ::endgroup::
[2025-12-03T22:52:52.178+0000] {connection.py:274} WARNING - Connection schemes (type: google_cloud_platform) shall not contain '_' according to RFC3986.
[2025-12-03T22:52:52.181+0000] {base.py:84} INFO - Using connection ID 'google_cloud_default' for task execution.
[2025-12-03T22:52:52.235+0000] {bigquery.py:2872} INFO - Executing: {'query': {'query': '\n                INSERT INTO `signalsense-project.signalsense.issues_scored`\n                SELECT *\n                FROM `signalsense-project.signalsense.new_stream_scored`;\n                ', 'useLegacySql': False}}'
[2025-12-03T22:52:52.238+0000] {bigquery.py:1670} INFO - Inserting job ***_signalsense_daily_pipeline_bq_append_to_issues_scored_2025_12_02T00_00_00_00_00_2b64f0e925f4300815b09b19bb0f6acf
[2025-12-03T22:52:54.467+0000] {taskinstance.py:441} INFO - ::group::Post task execution logs
[2025-12-03T22:52:54.491+0000] {taskinstance.py:1206} INFO - Marking task as SUCCESS. dag_id=signalsense_daily_pipeline, task_id=bq_append_to_issues_scored, run_id=scheduled__2025-12-02T00:00:00+00:00, execution_date=20251202T000000, start_date=20251203T225251, end_date=20251203T225254
[2025-12-03T22:52:54.547+0000] {local_task_job_runner.py:240} INFO - Task exited with return code 0
[2025-12-03T22:52:54.565+0000] {taskinstance.py:3503} INFO - 0 downstream tasks scheduled from follow-on schedule check
[2025-12-03T22:52:54.567+0000] {local_task_job_runner.py:222} INFO - ::endgroup::
