[2025-12-03T01:36:02.022+0000] {local_task_job_runner.py:120} INFO - ::group::Pre task execution logs
[2025-12-03T01:36:02.044+0000] {taskinstance.py:2076} INFO - Dependencies all met for dep_context=non-requeueable deps ti=<TaskInstance: signalsense_daily_pipeline.bq_score_new_stream manual__2025-12-03T01:35:50.056311+00:00 [queued]>
[2025-12-03T01:36:02.052+0000] {taskinstance.py:2076} INFO - Dependencies all met for dep_context=requeueable deps ti=<TaskInstance: signalsense_daily_pipeline.bq_score_new_stream manual__2025-12-03T01:35:50.056311+00:00 [queued]>
[2025-12-03T01:36:02.053+0000] {taskinstance.py:2306} INFO - Starting attempt 1 of 2
[2025-12-03T01:36:02.065+0000] {taskinstance.py:2330} INFO - Executing <Task(BigQueryInsertJobOperator): bq_score_new_stream> on 2025-12-03 01:35:50.056311+00:00
[2025-12-03T01:36:02.077+0000] {standard_task_runner.py:63} INFO - Started process 353 to run task
[2025-12-03T01:36:02.082+0000] {standard_task_runner.py:90} INFO - Running: ['***', 'tasks', 'run', 'signalsense_daily_pipeline', 'bq_score_new_stream', 'manual__2025-12-03T01:35:50.056311+00:00', '--job-id', '6', '--raw', '--subdir', 'DAGS_FOLDER/signalsense_pipeline.py', '--cfg-path', '/tmp/tmpe03fa_dc']
[2025-12-03T01:36:02.088+0000] {standard_task_runner.py:91} INFO - Job 6: Subtask bq_score_new_stream
[2025-12-03T01:36:02.169+0000] {task_command.py:426} INFO - Running <TaskInstance: signalsense_daily_pipeline.bq_score_new_stream manual__2025-12-03T01:35:50.056311+00:00 [running]> on host a1d2402f7187
[2025-12-03T01:36:02.265+0000] {taskinstance.py:2648} INFO - Exporting env vars: AIRFLOW_CTX_DAG_OWNER='***' AIRFLOW_CTX_DAG_ID='signalsense_daily_pipeline' AIRFLOW_CTX_TASK_ID='bq_score_new_stream' AIRFLOW_CTX_EXECUTION_DATE='2025-12-03T01:35:50.056311+00:00' AIRFLOW_CTX_TRY_NUMBER='1' AIRFLOW_CTX_DAG_RUN_ID='manual__2025-12-03T01:35:50.056311+00:00'
[2025-12-03T01:36:02.267+0000] {taskinstance.py:430} INFO - ::endgroup::
[2025-12-03T01:36:02.296+0000] {connection.py:274} WARNING - Connection schemes (type: google_cloud_platform) shall not contain '_' according to RFC3986.
[2025-12-03T01:36:02.298+0000] {base.py:84} INFO - Using connection ID 'google_cloud_default' for task execution.
[2025-12-03T01:36:02.350+0000] {bigquery.py:2872} INFO - Executing: {'query': {'query': '\n                CREATE OR REPLACE TABLE `signalsense-project.signalsense.new_stream_scored` AS\n                SELECT\n                  n.*,\n                  p.predicted_sla_breached AS predicted_label,\n                  p.predicted_sla_breached_probs[OFFSET(1)] AS risk_score\n                FROM ML.PREDICT(\n                  MODEL `signalsense-project.signalsense.sla_dnn`,\n                  (\n                    SELECT\n                      issue_id,\n                      issue_text,\n                      region,\n                      channel,\n                      raw_category,\n                      topic_id,\n                      EXTRACT(HOUR      FROM created_at) AS hour,\n                      EXTRACT(DAYOFWEEK FROM created_at) AS dow\n                    FROM `signalsense-project.signalsense.new_stream_issues`\n                  )\n                ) AS p\n                JOIN `signalsense-project.signalsense.new_stream_issues` AS n\n                USING (issue_id);\n                ', 'useLegacySql': False}}'
[2025-12-03T01:36:02.352+0000] {bigquery.py:1670} INFO - Inserting job ***_signalsense_daily_pipeline_bq_score_new_stream_2025_12_03T01_35_50_056311_00_00_6dcf39aaeb5edafe527264e508065ba1
[2025-12-03T01:36:06.848+0000] {taskinstance.py:441} INFO - ::group::Post task execution logs
[2025-12-03T01:36:06.894+0000] {taskinstance.py:1206} INFO - Marking task as SUCCESS. dag_id=signalsense_daily_pipeline, task_id=bq_score_new_stream, run_id=manual__2025-12-03T01:35:50.056311+00:00, execution_date=20251203T013550, start_date=20251203T013602, end_date=20251203T013606
[2025-12-03T01:36:06.938+0000] {local_task_job_runner.py:240} INFO - Task exited with return code 0
[2025-12-03T01:36:06.981+0000] {taskinstance.py:3503} INFO - 1 downstream tasks scheduled from follow-on schedule check
[2025-12-03T01:36:06.984+0000] {local_task_job_runner.py:222} INFO - ::endgroup::
