[2025-12-03T09:34:54.179+0000] {local_task_job_runner.py:120} INFO - ::group::Pre task execution logs
[2025-12-03T09:34:54.204+0000] {taskinstance.py:2076} INFO - Dependencies all met for dep_context=non-requeueable deps ti=<TaskInstance: signalsense_daily_pipeline.dbt_run streamlit-trigger-1764754470 [queued]>
[2025-12-03T09:34:54.218+0000] {taskinstance.py:2076} INFO - Dependencies all met for dep_context=requeueable deps ti=<TaskInstance: signalsense_daily_pipeline.dbt_run streamlit-trigger-1764754470 [queued]>
[2025-12-03T09:34:54.220+0000] {taskinstance.py:2306} INFO - Starting attempt 1 of 2
[2025-12-03T09:34:54.237+0000] {taskinstance.py:2330} INFO - Executing <Task(BashOperator): dbt_run> on 2025-12-03 09:34:30.936063+00:00
[2025-12-03T09:34:54.252+0000] {standard_task_runner.py:63} INFO - Started process 403 to run task
[2025-12-03T09:34:54.258+0000] {standard_task_runner.py:90} INFO - Running: ['***', 'tasks', 'run', 'signalsense_daily_pipeline', 'dbt_run', 'streamlit-trigger-1764754470', '--job-id', '22', '--raw', '--subdir', 'DAGS_FOLDER/signalsense_pipeline.py', '--cfg-path', '/tmp/tmpemlo6lz6']
[2025-12-03T09:34:54.265+0000] {standard_task_runner.py:91} INFO - Job 22: Subtask dbt_run
[2025-12-03T09:34:54.377+0000] {task_command.py:426} INFO - Running <TaskInstance: signalsense_daily_pipeline.dbt_run streamlit-trigger-1764754470 [running]> on host 98179ae64f3c
[2025-12-03T09:34:54.542+0000] {taskinstance.py:2648} INFO - Exporting env vars: AIRFLOW_CTX_DAG_OWNER='***' AIRFLOW_CTX_DAG_ID='signalsense_daily_pipeline' AIRFLOW_CTX_TASK_ID='dbt_run' AIRFLOW_CTX_EXECUTION_DATE='2025-12-03T09:34:30.936063+00:00' AIRFLOW_CTX_TRY_NUMBER='1' AIRFLOW_CTX_DAG_RUN_ID='streamlit-trigger-1764754470'
[2025-12-03T09:34:54.549+0000] {taskinstance.py:430} INFO - ::endgroup::
[2025-12-03T09:34:54.573+0000] {subprocess.py:63} INFO - Tmp dir root location: /tmp
[2025-12-03T09:34:54.575+0000] {subprocess.py:75} INFO - Running command: ['/usr/bin/bash', '-c', '\n        cd /opt/***/dags/signalsense_dbt && dbt run\n        ']
[2025-12-03T09:34:54.621+0000] {subprocess.py:86} INFO - Output:
[2025-12-03T09:34:57.659+0000] {subprocess.py:93} INFO - [0m09:34:57  Running with dbt=1.9.0
[2025-12-03T09:34:59.503+0000] {subprocess.py:93} INFO - [0m09:34:59  Registered adapter: bigquery=1.9.0
[2025-12-03T09:35:00.352+0000] {subprocess.py:93} INFO - [0m09:35:00  Found 4 models, 4 data tests, 1 source, 492 macros
[2025-12-03T09:35:00.358+0000] {subprocess.py:93} INFO - [0m09:35:00
[2025-12-03T09:35:00.359+0000] {subprocess.py:93} INFO - [0m09:35:00  Concurrency: 4 threads (target='dev')
[2025-12-03T09:35:00.361+0000] {subprocess.py:93} INFO - [0m09:35:00
[2025-12-03T09:35:01.634+0000] {subprocess.py:93} INFO - [0m09:35:01  1 of 4 START sql table model signalsense_dbt.my_first_dbt_model ................ [RUN]
[2025-12-03T09:35:01.635+0000] {subprocess.py:93} INFO - [0m09:35:01  2 of 4 START sql view model signalsense_dbt.stg_issues ......................... [RUN]
[2025-12-03T09:35:03.038+0000] {subprocess.py:93} INFO - [0m09:35:03  2 of 4 OK created sql view model signalsense_dbt.stg_issues .................... [[32mCREATE VIEW (0 processed)[0m in 1.39s]
[2025-12-03T09:35:03.045+0000] {subprocess.py:93} INFO - [0m09:35:03  3 of 4 START sql table model signalsense_dbt.mart_issues_by_region_day ......... [RUN]
[2025-12-03T09:35:04.744+0000] {subprocess.py:93} INFO - [0m09:35:04  1 of 4 OK created sql table model signalsense_dbt.my_first_dbt_model ........... [[32mCREATE TABLE (2.0 rows, 0 processed)[0m in 3.10s]
[2025-12-03T09:35:04.753+0000] {subprocess.py:93} INFO - [0m09:35:04  4 of 4 START sql view model signalsense_dbt.my_second_dbt_model ................ [RUN]
[2025-12-03T09:35:05.984+0000] {subprocess.py:93} INFO - [0m09:35:05  4 of 4 OK created sql view model signalsense_dbt.my_second_dbt_model ........... [[32mCREATE VIEW (0 processed)[0m in 1.22s]
[2025-12-03T09:35:06.187+0000] {subprocess.py:93} INFO - [0m09:35:06  3 of 4 OK created sql table model signalsense_dbt.mart_issues_by_region_day .... [[32mCREATE TABLE (185.0 rows, 54.8 MiB processed)[0m in 3.14s]
[2025-12-03T09:35:06.267+0000] {subprocess.py:93} INFO - [0m09:35:06
[2025-12-03T09:35:06.269+0000] {subprocess.py:93} INFO - [0m09:35:06  Finished running 2 table models, 2 view models in 0 hours 0 minutes and 5.90 seconds (5.90s).
[2025-12-03T09:35:06.385+0000] {subprocess.py:93} INFO - [0m09:35:06
[2025-12-03T09:35:06.388+0000] {subprocess.py:93} INFO - [0m09:35:06  [32mCompleted successfully[0m
[2025-12-03T09:35:06.390+0000] {subprocess.py:93} INFO - [0m09:35:06
[2025-12-03T09:35:06.392+0000] {subprocess.py:93} INFO - [0m09:35:06  Done. PASS=4 WARN=0 ERROR=0 SKIP=0 TOTAL=4
[2025-12-03T09:35:07.620+0000] {subprocess.py:97} INFO - Command exited with return code 0
[2025-12-03T09:35:07.622+0000] {taskinstance.py:441} INFO - ::group::Post task execution logs
[2025-12-03T09:35:07.667+0000] {taskinstance.py:1206} INFO - Marking task as SUCCESS. dag_id=signalsense_daily_pipeline, task_id=dbt_run, run_id=streamlit-trigger-1764754470, execution_date=20251203T093430, start_date=20251203T093454, end_date=20251203T093507
[2025-12-03T09:35:07.740+0000] {local_task_job_runner.py:240} INFO - Task exited with return code 0
[2025-12-03T09:35:07.763+0000] {taskinstance.py:3503} INFO - 0 downstream tasks scheduled from follow-on schedule check
[2025-12-03T09:35:07.766+0000] {local_task_job_runner.py:222} INFO - ::endgroup::
