[2025-12-03T09:42:41.752+0000] {local_task_job_runner.py:120} INFO - ::group::Pre task execution logs
[2025-12-03T09:42:41.777+0000] {taskinstance.py:2076} INFO - Dependencies all met for dep_context=non-requeueable deps ti=<TaskInstance: signalsense_daily_pipeline.bq_new_stream_issues streamlit-trigger-1764754957 [queued]>
[2025-12-03T09:42:41.789+0000] {taskinstance.py:2076} INFO - Dependencies all met for dep_context=requeueable deps ti=<TaskInstance: signalsense_daily_pipeline.bq_new_stream_issues streamlit-trigger-1764754957 [queued]>
[2025-12-03T09:42:41.792+0000] {taskinstance.py:2306} INFO - Starting attempt 1 of 2
[2025-12-03T09:42:41.810+0000] {taskinstance.py:2330} INFO - Executing <Task(BigQueryInsertJobOperator): bq_new_stream_issues> on 2025-12-03 09:42:38.056389+00:00
[2025-12-03T09:42:41.824+0000] {standard_task_runner.py:63} INFO - Started process 534 to run task
[2025-12-03T09:42:41.832+0000] {standard_task_runner.py:90} INFO - Running: ['***', 'tasks', 'run', 'signalsense_daily_pipeline', 'bq_new_stream_issues', 'streamlit-trigger-1764754957', '--job-id', '23', '--raw', '--subdir', 'DAGS_FOLDER/signalsense_pipeline.py', '--cfg-path', '/tmp/tmph96ix636']
[2025-12-03T09:42:41.839+0000] {standard_task_runner.py:91} INFO - Job 23: Subtask bq_new_stream_issues
[2025-12-03T09:42:41.950+0000] {task_command.py:426} INFO - Running <TaskInstance: signalsense_daily_pipeline.bq_new_stream_issues streamlit-trigger-1764754957 [running]> on host 98179ae64f3c
[2025-12-03T09:42:42.092+0000] {taskinstance.py:2648} INFO - Exporting env vars: AIRFLOW_CTX_DAG_OWNER='***' AIRFLOW_CTX_DAG_ID='signalsense_daily_pipeline' AIRFLOW_CTX_TASK_ID='bq_new_stream_issues' AIRFLOW_CTX_EXECUTION_DATE='2025-12-03T09:42:38.056389+00:00' AIRFLOW_CTX_TRY_NUMBER='1' AIRFLOW_CTX_DAG_RUN_ID='streamlit-trigger-1764754957'
[2025-12-03T09:42:42.096+0000] {taskinstance.py:430} INFO - ::endgroup::
[2025-12-03T09:42:42.132+0000] {connection.py:274} WARNING - Connection schemes (type: google_cloud_platform) shall not contain '_' according to RFC3986.
[2025-12-03T09:42:42.136+0000] {base.py:84} INFO - Using connection ID 'google_cloud_default' for task execution.
[2025-12-03T09:42:42.209+0000] {bigquery.py:2872} INFO - Executing: {'query': {'query': '\n                CREATE OR REPLACE TABLE `signalsense-project.signalsense.new_stream_issues` AS\n                SELECT\n                  s.*\n                FROM `signalsense-project.signalsense.issues_enriched` AS s\n                LEFT JOIN `signalsense-project.signalsense.issues_scored` AS sc\n                  USING (issue_id)\n                WHERE sc.issue_id IS NULL;\n            ', 'useLegacySql': False}}'
[2025-12-03T09:42:42.211+0000] {bigquery.py:1670} INFO - Inserting job ***_signalsense_daily_pipeline_bq_new_stream_issues_2025_12_03T09_42_38_056389_00_00_6cb2377938b738cc112245ff9b9bde82
[2025-12-03T09:42:45.092+0000] {taskinstance.py:441} INFO - ::group::Post task execution logs
[2025-12-03T09:42:45.131+0000] {taskinstance.py:1206} INFO - Marking task as SUCCESS. dag_id=signalsense_daily_pipeline, task_id=bq_new_stream_issues, run_id=streamlit-trigger-1764754957, execution_date=20251203T094238, start_date=20251203T094241, end_date=20251203T094245
[2025-12-03T09:42:45.201+0000] {local_task_job_runner.py:240} INFO - Task exited with return code 0
[2025-12-03T09:42:45.249+0000] {taskinstance.py:3503} INFO - 1 downstream tasks scheduled from follow-on schedule check
[2025-12-03T09:42:45.267+0000] {local_task_job_runner.py:222} INFO - ::endgroup::
