[2025-12-03T05:31:14.679+0000] {local_task_job_runner.py:120} INFO - ::group::Pre task execution logs
[2025-12-03T05:31:14.701+0000] {taskinstance.py:2076} INFO - Dependencies all met for dep_context=non-requeueable deps ti=<TaskInstance: signalsense_daily_pipeline.bq_new_stream_issues manual__2025-12-03T05:31:11.554868+00:00 [queued]>
[2025-12-03T05:31:14.712+0000] {taskinstance.py:2076} INFO - Dependencies all met for dep_context=requeueable deps ti=<TaskInstance: signalsense_daily_pipeline.bq_new_stream_issues manual__2025-12-03T05:31:11.554868+00:00 [queued]>
[2025-12-03T05:31:14.713+0000] {taskinstance.py:2306} INFO - Starting attempt 1 of 2
[2025-12-03T05:31:14.730+0000] {taskinstance.py:2330} INFO - Executing <Task(BigQueryInsertJobOperator): bq_new_stream_issues> on 2025-12-03 05:31:11.554868+00:00
[2025-12-03T05:31:14.747+0000] {standard_task_runner.py:63} INFO - Started process 196 to run task
[2025-12-03T05:31:14.751+0000] {standard_task_runner.py:90} INFO - Running: ['***', 'tasks', 'run', 'signalsense_daily_pipeline', 'bq_new_stream_issues', 'manual__2025-12-03T05:31:11.554868+00:00', '--job-id', '3', '--raw', '--subdir', 'DAGS_FOLDER/signalsense_pipeline.py', '--cfg-path', '/tmp/tmp01pwjxus']
[2025-12-03T05:31:14.758+0000] {standard_task_runner.py:91} INFO - Job 3: Subtask bq_new_stream_issues
[2025-12-03T05:31:14.848+0000] {task_command.py:426} INFO - Running <TaskInstance: signalsense_daily_pipeline.bq_new_stream_issues manual__2025-12-03T05:31:11.554868+00:00 [running]> on host 0e6064538108
[2025-12-03T05:31:14.961+0000] {taskinstance.py:2648} INFO - Exporting env vars: AIRFLOW_CTX_DAG_OWNER='***' AIRFLOW_CTX_DAG_ID='signalsense_daily_pipeline' AIRFLOW_CTX_TASK_ID='bq_new_stream_issues' AIRFLOW_CTX_EXECUTION_DATE='2025-12-03T05:31:11.554868+00:00' AIRFLOW_CTX_TRY_NUMBER='1' AIRFLOW_CTX_DAG_RUN_ID='manual__2025-12-03T05:31:11.554868+00:00'
[2025-12-03T05:31:14.963+0000] {taskinstance.py:430} INFO - ::endgroup::
[2025-12-03T05:31:14.995+0000] {connection.py:274} WARNING - Connection schemes (type: google_cloud_platform) shall not contain '_' according to RFC3986.
[2025-12-03T05:31:14.999+0000] {base.py:84} INFO - Using connection ID 'google_cloud_default' for task execution.
[2025-12-03T05:31:15.060+0000] {bigquery.py:2872} INFO - Executing: {'query': {'query': '\n                CREATE OR REPLACE TABLE `signalsense-project.signalsense.new_stream_issues` AS\n                SELECT\n                  s.*\n                FROM `signalsense-project.signalsense.issues_enriched` AS s\n                LEFT JOIN `signalsense-project.signalsense.issues_scored` AS sc\n                  USING (issue_id)\n                WHERE sc.issue_id IS NULL;\n            ', 'useLegacySql': False}}'
[2025-12-03T05:31:15.063+0000] {bigquery.py:1670} INFO - Inserting job ***_signalsense_daily_pipeline_bq_new_stream_issues_2025_12_03T05_31_11_554868_00_00_8377cde00e3c4dd614db73dfafa97746
[2025-12-03T05:31:18.057+0000] {taskinstance.py:441} INFO - ::group::Post task execution logs
[2025-12-03T05:31:18.078+0000] {taskinstance.py:1206} INFO - Marking task as SUCCESS. dag_id=signalsense_daily_pipeline, task_id=bq_new_stream_issues, run_id=manual__2025-12-03T05:31:11.554868+00:00, execution_date=20251203T053111, start_date=20251203T053114, end_date=20251203T053118
[2025-12-03T05:31:18.136+0000] {local_task_job_runner.py:240} INFO - Task exited with return code 0
[2025-12-03T05:31:18.163+0000] {taskinstance.py:3503} INFO - 1 downstream tasks scheduled from follow-on schedule check
[2025-12-03T05:31:18.165+0000] {local_task_job_runner.py:222} INFO - ::endgroup::
