[2025-12-03T09:42:55.787+0000] {local_task_job_runner.py:120} INFO - ::group::Pre task execution logs
[2025-12-03T09:42:55.811+0000] {taskinstance.py:2076} INFO - Dependencies all met for dep_context=non-requeueable deps ti=<TaskInstance: signalsense_daily_pipeline.bq_append_to_issues_scored streamlit-trigger-1764754957 [queued]>
[2025-12-03T09:42:55.824+0000] {taskinstance.py:2076} INFO - Dependencies all met for dep_context=requeueable deps ti=<TaskInstance: signalsense_daily_pipeline.bq_append_to_issues_scored streamlit-trigger-1764754957 [queued]>
[2025-12-03T09:42:55.825+0000] {taskinstance.py:2306} INFO - Starting attempt 1 of 2
[2025-12-03T09:42:55.840+0000] {taskinstance.py:2330} INFO - Executing <Task(BigQueryInsertJobOperator): bq_append_to_issues_scored> on 2025-12-03 09:42:38.056389+00:00
[2025-12-03T09:42:55.854+0000] {standard_task_runner.py:63} INFO - Started process 540 to run task
[2025-12-03T09:42:55.861+0000] {standard_task_runner.py:90} INFO - Running: ['***', 'tasks', 'run', 'signalsense_daily_pipeline', 'bq_append_to_issues_scored', 'streamlit-trigger-1764754957', '--job-id', '25', '--raw', '--subdir', 'DAGS_FOLDER/signalsense_pipeline.py', '--cfg-path', '/tmp/tmphjooptgy']
[2025-12-03T09:42:55.867+0000] {standard_task_runner.py:91} INFO - Job 25: Subtask bq_append_to_issues_scored
[2025-12-03T09:42:55.971+0000] {task_command.py:426} INFO - Running <TaskInstance: signalsense_daily_pipeline.bq_append_to_issues_scored streamlit-trigger-1764754957 [running]> on host 98179ae64f3c
[2025-12-03T09:42:56.113+0000] {taskinstance.py:2648} INFO - Exporting env vars: AIRFLOW_CTX_DAG_OWNER='***' AIRFLOW_CTX_DAG_ID='signalsense_daily_pipeline' AIRFLOW_CTX_TASK_ID='bq_append_to_issues_scored' AIRFLOW_CTX_EXECUTION_DATE='2025-12-03T09:42:38.056389+00:00' AIRFLOW_CTX_TRY_NUMBER='1' AIRFLOW_CTX_DAG_RUN_ID='streamlit-trigger-1764754957'
[2025-12-03T09:42:56.117+0000] {taskinstance.py:430} INFO - ::endgroup::
[2025-12-03T09:42:56.155+0000] {connection.py:274} WARNING - Connection schemes (type: google_cloud_platform) shall not contain '_' according to RFC3986.
[2025-12-03T09:42:56.160+0000] {base.py:84} INFO - Using connection ID 'google_cloud_default' for task execution.
[2025-12-03T09:42:56.234+0000] {bigquery.py:2872} INFO - Executing: {'query': {'query': '\n                INSERT INTO `signalsense-project.signalsense.issues_scored`\n                SELECT *\n                FROM `signalsense-project.signalsense.new_stream_scored`;\n                ', 'useLegacySql': False}}'
[2025-12-03T09:42:56.237+0000] {bigquery.py:1670} INFO - Inserting job ***_signalsense_daily_pipeline_bq_append_to_issues_scored_2025_12_03T09_42_38_056389_00_00_1ef58dcca785029bdd3e2c06aeaa0a89
[2025-12-03T09:42:58.818+0000] {taskinstance.py:441} INFO - ::group::Post task execution logs
[2025-12-03T09:42:58.856+0000] {taskinstance.py:1206} INFO - Marking task as SUCCESS. dag_id=signalsense_daily_pipeline, task_id=bq_append_to_issues_scored, run_id=streamlit-trigger-1764754957, execution_date=20251203T094238, start_date=20251203T094255, end_date=20251203T094258
[2025-12-03T09:42:58.937+0000] {local_task_job_runner.py:240} INFO - Task exited with return code 0
[2025-12-03T09:42:58.979+0000] {taskinstance.py:3503} INFO - 1 downstream tasks scheduled from follow-on schedule check
[2025-12-03T09:42:58.996+0000] {local_task_job_runner.py:222} INFO - ::endgroup::
