[2025-12-03T11:42:59.461+0000] {local_task_job_runner.py:120} INFO - ::group::Pre task execution logs
[2025-12-03T11:42:59.486+0000] {taskinstance.py:2076} INFO - Dependencies all met for dep_context=non-requeueable deps ti=<TaskInstance: signalsense_daily_pipeline.bq_append_to_issues_scored streamlit-trigger-1764762150 [queued]>
[2025-12-03T11:42:59.500+0000] {taskinstance.py:2076} INFO - Dependencies all met for dep_context=requeueable deps ti=<TaskInstance: signalsense_daily_pipeline.bq_append_to_issues_scored streamlit-trigger-1764762150 [queued]>
[2025-12-03T11:42:59.501+0000] {taskinstance.py:2306} INFO - Starting attempt 1 of 2
[2025-12-03T11:42:59.517+0000] {taskinstance.py:2330} INFO - Executing <Task(BigQueryInsertJobOperator): bq_append_to_issues_scored> on 2025-12-03 11:42:32.104042+00:00
[2025-12-03T11:42:59.534+0000] {standard_task_runner.py:63} INFO - Started process 1770 to run task
[2025-12-03T11:42:59.539+0000] {standard_task_runner.py:90} INFO - Running: ['***', 'tasks', 'run', 'signalsense_daily_pipeline', 'bq_append_to_issues_scored', 'streamlit-trigger-1764762150', '--job-id', '31', '--raw', '--subdir', 'DAGS_FOLDER/signalsense_pipeline.py', '--cfg-path', '/tmp/tmpas2dwc8n']
[2025-12-03T11:42:59.544+0000] {standard_task_runner.py:91} INFO - Job 31: Subtask bq_append_to_issues_scored
[2025-12-03T11:42:59.651+0000] {task_command.py:426} INFO - Running <TaskInstance: signalsense_daily_pipeline.bq_append_to_issues_scored streamlit-trigger-1764762150 [running]> on host 98179ae64f3c
[2025-12-03T11:42:59.810+0000] {taskinstance.py:2648} INFO - Exporting env vars: AIRFLOW_CTX_DAG_OWNER='***' AIRFLOW_CTX_DAG_ID='signalsense_daily_pipeline' AIRFLOW_CTX_TASK_ID='bq_append_to_issues_scored' AIRFLOW_CTX_EXECUTION_DATE='2025-12-03T11:42:32.104042+00:00' AIRFLOW_CTX_TRY_NUMBER='1' AIRFLOW_CTX_DAG_RUN_ID='streamlit-trigger-1764762150'
[2025-12-03T11:42:59.814+0000] {taskinstance.py:430} INFO - ::endgroup::
[2025-12-03T11:42:59.845+0000] {connection.py:274} WARNING - Connection schemes (type: google_cloud_platform) shall not contain '_' according to RFC3986.
[2025-12-03T11:42:59.848+0000] {base.py:84} INFO - Using connection ID 'google_cloud_default' for task execution.
[2025-12-03T11:42:59.914+0000] {bigquery.py:2872} INFO - Executing: {'query': {'query': '\n                INSERT INTO `signalsense-project.signalsense.issues_scored`\n                SELECT *\n                FROM `signalsense-project.signalsense.new_stream_scored`;\n                ', 'useLegacySql': False}}'
[2025-12-03T11:42:59.916+0000] {bigquery.py:1670} INFO - Inserting job ***_signalsense_daily_pipeline_bq_append_to_issues_scored_2025_12_03T11_42_32_104042_00_00_455140947a2b4ad89485e4be21308893
[2025-12-03T11:43:02.218+0000] {taskinstance.py:441} INFO - ::group::Post task execution logs
[2025-12-03T11:43:02.268+0000] {taskinstance.py:1206} INFO - Marking task as SUCCESS. dag_id=signalsense_daily_pipeline, task_id=bq_append_to_issues_scored, run_id=streamlit-trigger-1764762150, execution_date=20251203T114232, start_date=20251203T114259, end_date=20251203T114302
[2025-12-03T11:43:02.323+0000] {local_task_job_runner.py:240} INFO - Task exited with return code 0
[2025-12-03T11:43:02.360+0000] {taskinstance.py:3503} INFO - 1 downstream tasks scheduled from follow-on schedule check
[2025-12-03T11:43:02.363+0000] {local_task_job_runner.py:222} INFO - ::endgroup::
