[2025-12-03T23:52:16.490+0000] {local_task_job_runner.py:120} INFO - ::group::Pre task execution logs
[2025-12-03T23:52:16.517+0000] {taskinstance.py:2076} INFO - Dependencies all met for dep_context=non-requeueable deps ti=<TaskInstance: signalsense_daily_pipeline.bq_append_to_issues_scored streamlit-trigger-1764805918 [queued]>
[2025-12-03T23:52:16.533+0000] {taskinstance.py:2076} INFO - Dependencies all met for dep_context=requeueable deps ti=<TaskInstance: signalsense_daily_pipeline.bq_append_to_issues_scored streamlit-trigger-1764805918 [queued]>
[2025-12-03T23:52:16.534+0000] {taskinstance.py:2306} INFO - Starting attempt 1 of 2
[2025-12-03T23:52:16.556+0000] {taskinstance.py:2330} INFO - Executing <Task(BigQueryInsertJobOperator): bq_append_to_issues_scored> on 2025-12-03 23:51:58.712047+00:00
[2025-12-03T23:52:16.571+0000] {standard_task_runner.py:63} INFO - Started process 852 to run task
[2025-12-03T23:52:16.578+0000] {standard_task_runner.py:90} INFO - Running: ['***', 'tasks', 'run', 'signalsense_daily_pipeline', 'bq_append_to_issues_scored', 'streamlit-trigger-1764805918', '--job-id', '12', '--raw', '--subdir', 'DAGS_FOLDER/signalsense_pipeline.py', '--cfg-path', '/tmp/tmpfhwfxjnr']
[2025-12-03T23:52:16.583+0000] {standard_task_runner.py:91} INFO - Job 12: Subtask bq_append_to_issues_scored
[2025-12-03T23:52:16.677+0000] {task_command.py:426} INFO - Running <TaskInstance: signalsense_daily_pipeline.bq_append_to_issues_scored streamlit-trigger-1764805918 [running]> on host 27a575518531
[2025-12-03T23:52:16.784+0000] {taskinstance.py:2648} INFO - Exporting env vars: AIRFLOW_CTX_DAG_OWNER='***' AIRFLOW_CTX_DAG_ID='signalsense_daily_pipeline' AIRFLOW_CTX_TASK_ID='bq_append_to_issues_scored' AIRFLOW_CTX_EXECUTION_DATE='2025-12-03T23:51:58.712047+00:00' AIRFLOW_CTX_TRY_NUMBER='1' AIRFLOW_CTX_DAG_RUN_ID='streamlit-trigger-1764805918'
[2025-12-03T23:52:16.787+0000] {taskinstance.py:430} INFO - ::endgroup::
[2025-12-03T23:52:16.820+0000] {connection.py:274} WARNING - Connection schemes (type: google_cloud_platform) shall not contain '_' according to RFC3986.
[2025-12-03T23:52:16.824+0000] {base.py:84} INFO - Using connection ID 'google_cloud_default' for task execution.
[2025-12-03T23:52:16.879+0000] {bigquery.py:2872} INFO - Executing: {'query': {'query': '\n                INSERT INTO `signalsense-project.signalsense.issues_scored`\n                SELECT *\n                FROM `signalsense-project.signalsense.new_stream_scored`;\n                ', 'useLegacySql': False}}'
[2025-12-03T23:52:16.881+0000] {bigquery.py:1670} INFO - Inserting job ***_signalsense_daily_pipeline_bq_append_to_issues_scored_2025_12_03T23_51_58_712047_00_00_d6d659644738fb5367be6087ba2f898b
[2025-12-03T23:52:19.468+0000] {taskinstance.py:441} INFO - ::group::Post task execution logs
[2025-12-03T23:52:19.489+0000] {taskinstance.py:1206} INFO - Marking task as SUCCESS. dag_id=signalsense_daily_pipeline, task_id=bq_append_to_issues_scored, run_id=streamlit-trigger-1764805918, execution_date=20251203T235158, start_date=20251203T235216, end_date=20251203T235219
[2025-12-03T23:52:19.519+0000] {local_task_job_runner.py:240} INFO - Task exited with return code 0
[2025-12-03T23:52:19.541+0000] {taskinstance.py:3503} INFO - 1 downstream tasks scheduled from follow-on schedule check
[2025-12-03T23:52:19.543+0000] {local_task_job_runner.py:222} INFO - ::endgroup::
