[2025-12-03T09:33:38.685+0000] {local_task_job_runner.py:120} INFO - ::group::Pre task execution logs
[2025-12-03T09:33:38.712+0000] {taskinstance.py:2076} INFO - Dependencies all met for dep_context=non-requeueable deps ti=<TaskInstance: signalsense_daily_pipeline.bq_score_new_stream streamlit-trigger-1764754409 [queued]>
[2025-12-03T09:33:38.727+0000] {taskinstance.py:2076} INFO - Dependencies all met for dep_context=requeueable deps ti=<TaskInstance: signalsense_daily_pipeline.bq_score_new_stream streamlit-trigger-1764754409 [queued]>
[2025-12-03T09:33:38.729+0000] {taskinstance.py:2306} INFO - Starting attempt 1 of 2
[2025-12-03T09:33:38.746+0000] {taskinstance.py:2330} INFO - Executing <Task(BigQueryInsertJobOperator): bq_score_new_stream> on 2025-12-03 09:33:29.273935+00:00
[2025-12-03T09:33:38.761+0000] {standard_task_runner.py:63} INFO - Started process 336 to run task
[2025-12-03T09:33:38.770+0000] {standard_task_runner.py:90} INFO - Running: ['***', 'tasks', 'run', 'signalsense_daily_pipeline', 'bq_score_new_stream', 'streamlit-trigger-1764754409', '--job-id', '12', '--raw', '--subdir', 'DAGS_FOLDER/signalsense_pipeline.py', '--cfg-path', '/tmp/tmpaec48hn3']
[2025-12-03T09:33:38.779+0000] {standard_task_runner.py:91} INFO - Job 12: Subtask bq_score_new_stream
[2025-12-03T09:33:38.919+0000] {task_command.py:426} INFO - Running <TaskInstance: signalsense_daily_pipeline.bq_score_new_stream streamlit-trigger-1764754409 [running]> on host 98179ae64f3c
[2025-12-03T09:33:39.058+0000] {taskinstance.py:2648} INFO - Exporting env vars: AIRFLOW_CTX_DAG_OWNER='***' AIRFLOW_CTX_DAG_ID='signalsense_daily_pipeline' AIRFLOW_CTX_TASK_ID='bq_score_new_stream' AIRFLOW_CTX_EXECUTION_DATE='2025-12-03T09:33:29.273935+00:00' AIRFLOW_CTX_TRY_NUMBER='1' AIRFLOW_CTX_DAG_RUN_ID='streamlit-trigger-1764754409'
[2025-12-03T09:33:39.064+0000] {taskinstance.py:430} INFO - ::endgroup::
[2025-12-03T09:33:39.105+0000] {connection.py:274} WARNING - Connection schemes (type: google_cloud_platform) shall not contain '_' according to RFC3986.
[2025-12-03T09:33:39.110+0000] {base.py:84} INFO - Using connection ID 'google_cloud_default' for task execution.
[2025-12-03T09:33:39.189+0000] {bigquery.py:2872} INFO - Executing: {'query': {'query': '\n                CREATE OR REPLACE TABLE `signalsense-project.signalsense.new_stream_scored` AS\n                SELECT\n                  n.*,\n                  p.predicted_sla_breached AS predicted_label,\n                  p.predicted_sla_breached_probs[OFFSET(1)] AS risk_score\n                FROM ML.PREDICT(\n                  MODEL `signalsense-project.signalsense.sla_dnn`,\n                  (\n                    SELECT\n                      issue_id,\n                      issue_text,\n                      region,\n                      channel,\n                      raw_category,\n                      topic_id,\n                      EXTRACT(HOUR      FROM created_at) AS hour,\n                      EXTRACT(DAYOFWEEK FROM created_at) AS dow\n                    FROM `signalsense-project.signalsense.new_stream_issues`\n                  )\n                ) AS p\n                JOIN `signalsense-project.signalsense.new_stream_issues` AS n\n                USING (issue_id);\n                ', 'useLegacySql': False}}'
[2025-12-03T09:33:39.192+0000] {bigquery.py:1670} INFO - Inserting job ***_signalsense_daily_pipeline_bq_score_new_stream_2025_12_03T09_33_29_273935_00_00_fcd26449172180aa17d7b7df0e6fd7a2
[2025-12-03T09:33:42.823+0000] {taskinstance.py:441} INFO - ::group::Post task execution logs
[2025-12-03T09:33:42.874+0000] {taskinstance.py:1206} INFO - Marking task as SUCCESS. dag_id=signalsense_daily_pipeline, task_id=bq_score_new_stream, run_id=streamlit-trigger-1764754409, execution_date=20251203T093329, start_date=20251203T093338, end_date=20251203T093342
[2025-12-03T09:33:42.946+0000] {local_task_job_runner.py:240} INFO - Task exited with return code 0
[2025-12-03T09:33:42.989+0000] {taskinstance.py:3503} INFO - 1 downstream tasks scheduled from follow-on schedule check
[2025-12-03T09:33:42.993+0000] {local_task_job_runner.py:222} INFO - ::endgroup::
