[2025-12-03T04:56:28.207+0000] {local_task_job_runner.py:120} INFO - ::group::Pre task execution logs
[2025-12-03T04:56:28.227+0000] {taskinstance.py:2076} INFO - Dependencies all met for dep_context=non-requeueable deps ti=<TaskInstance: signalsense_daily_pipeline.bq_append_to_issues_scored manual__2025-12-03T04:56:05.582398+00:00 [queued]>
[2025-12-03T04:56:28.237+0000] {taskinstance.py:2076} INFO - Dependencies all met for dep_context=requeueable deps ti=<TaskInstance: signalsense_daily_pipeline.bq_append_to_issues_scored manual__2025-12-03T04:56:05.582398+00:00 [queued]>
[2025-12-03T04:56:28.238+0000] {taskinstance.py:2306} INFO - Starting attempt 1 of 2
[2025-12-03T04:56:28.251+0000] {taskinstance.py:2330} INFO - Executing <Task(BigQueryInsertJobOperator): bq_append_to_issues_scored> on 2025-12-03 04:56:05.582398+00:00
[2025-12-03T04:56:28.265+0000] {standard_task_runner.py:63} INFO - Started process 537 to run task
[2025-12-03T04:56:28.270+0000] {standard_task_runner.py:90} INFO - Running: ['***', 'tasks', 'run', 'signalsense_daily_pipeline', 'bq_append_to_issues_scored', 'manual__2025-12-03T04:56:05.582398+00:00', '--job-id', '15', '--raw', '--subdir', 'DAGS_FOLDER/signalsense_pipeline.py', '--cfg-path', '/tmp/tmpn5l5ih6t']
[2025-12-03T04:56:28.273+0000] {standard_task_runner.py:91} INFO - Job 15: Subtask bq_append_to_issues_scored
[2025-12-03T04:56:28.359+0000] {task_command.py:426} INFO - Running <TaskInstance: signalsense_daily_pipeline.bq_append_to_issues_scored manual__2025-12-03T04:56:05.582398+00:00 [running]> on host 9c45bb31d443
[2025-12-03T04:56:28.472+0000] {taskinstance.py:2648} INFO - Exporting env vars: AIRFLOW_CTX_DAG_OWNER='***' AIRFLOW_CTX_DAG_ID='signalsense_daily_pipeline' AIRFLOW_CTX_TASK_ID='bq_append_to_issues_scored' AIRFLOW_CTX_EXECUTION_DATE='2025-12-03T04:56:05.582398+00:00' AIRFLOW_CTX_TRY_NUMBER='1' AIRFLOW_CTX_DAG_RUN_ID='manual__2025-12-03T04:56:05.582398+00:00'
[2025-12-03T04:56:28.476+0000] {taskinstance.py:430} INFO - ::endgroup::
[2025-12-03T04:56:28.513+0000] {connection.py:274} WARNING - Connection schemes (type: google_cloud_platform) shall not contain '_' according to RFC3986.
[2025-12-03T04:56:28.516+0000] {base.py:84} INFO - Using connection ID 'google_cloud_default' for task execution.
[2025-12-03T04:56:28.583+0000] {bigquery.py:2872} INFO - Executing: {'query': {'query': '\n                INSERT INTO `signalsense-project.signalsense.issues_scored`\n                SELECT *\n                FROM `signalsense-project.signalsense.new_stream_scored`;\n                ', 'useLegacySql': False}}'
[2025-12-03T04:56:28.585+0000] {bigquery.py:1670} INFO - Inserting job ***_signalsense_daily_pipeline_bq_append_to_issues_scored_2025_12_03T04_56_05_582398_00_00_70f802aa9cf4e6953a5dcc11e79f0dc4
[2025-12-03T04:56:34.277+0000] {taskinstance.py:441} INFO - ::group::Post task execution logs
[2025-12-03T04:56:34.298+0000] {taskinstance.py:1206} INFO - Marking task as SUCCESS. dag_id=signalsense_daily_pipeline, task_id=bq_append_to_issues_scored, run_id=manual__2025-12-03T04:56:05.582398+00:00, execution_date=20251203T045605, start_date=20251203T045628, end_date=20251203T045634
[2025-12-03T04:56:34.332+0000] {local_task_job_runner.py:240} INFO - Task exited with return code 0
[2025-12-03T04:56:34.353+0000] {taskinstance.py:3503} INFO - 1 downstream tasks scheduled from follow-on schedule check
[2025-12-03T04:56:34.355+0000] {local_task_job_runner.py:222} INFO - ::endgroup::
