[2025-12-03T11:50:47.266+0000] {local_task_job_runner.py:120} INFO - ::group::Pre task execution logs
[2025-12-03T11:50:47.289+0000] {taskinstance.py:2076} INFO - Dependencies all met for dep_context=non-requeueable deps ti=<TaskInstance: signalsense_daily_pipeline.bq_append_to_issues_scored streamlit-trigger-1764762627 [queued]>
[2025-12-03T11:50:47.303+0000] {taskinstance.py:2076} INFO - Dependencies all met for dep_context=requeueable deps ti=<TaskInstance: signalsense_daily_pipeline.bq_append_to_issues_scored streamlit-trigger-1764762627 [queued]>
[2025-12-03T11:50:47.304+0000] {taskinstance.py:2306} INFO - Starting attempt 1 of 2
[2025-12-03T11:50:47.321+0000] {taskinstance.py:2330} INFO - Executing <Task(BigQueryInsertJobOperator): bq_append_to_issues_scored> on 2025-12-03 11:50:27.945479+00:00
[2025-12-03T11:50:47.335+0000] {standard_task_runner.py:63} INFO - Started process 1948 to run task
[2025-12-03T11:50:47.341+0000] {standard_task_runner.py:90} INFO - Running: ['***', 'tasks', 'run', 'signalsense_daily_pipeline', 'bq_append_to_issues_scored', 'streamlit-trigger-1764762627', '--job-id', '41', '--raw', '--subdir', 'DAGS_FOLDER/signalsense_pipeline.py', '--cfg-path', '/tmp/tmpu9gxl4vm']
[2025-12-03T11:50:47.348+0000] {standard_task_runner.py:91} INFO - Job 41: Subtask bq_append_to_issues_scored
[2025-12-03T11:50:47.459+0000] {task_command.py:426} INFO - Running <TaskInstance: signalsense_daily_pipeline.bq_append_to_issues_scored streamlit-trigger-1764762627 [running]> on host 98179ae64f3c
[2025-12-03T11:50:47.597+0000] {taskinstance.py:2648} INFO - Exporting env vars: AIRFLOW_CTX_DAG_OWNER='***' AIRFLOW_CTX_DAG_ID='signalsense_daily_pipeline' AIRFLOW_CTX_TASK_ID='bq_append_to_issues_scored' AIRFLOW_CTX_EXECUTION_DATE='2025-12-03T11:50:27.945479+00:00' AIRFLOW_CTX_TRY_NUMBER='1' AIRFLOW_CTX_DAG_RUN_ID='streamlit-trigger-1764762627'
[2025-12-03T11:50:47.603+0000] {taskinstance.py:430} INFO - ::endgroup::
[2025-12-03T11:50:47.644+0000] {connection.py:274} WARNING - Connection schemes (type: google_cloud_platform) shall not contain '_' according to RFC3986.
[2025-12-03T11:50:47.648+0000] {base.py:84} INFO - Using connection ID 'google_cloud_default' for task execution.
[2025-12-03T11:50:47.722+0000] {bigquery.py:2872} INFO - Executing: {'query': {'query': '\n                INSERT INTO `signalsense-project.signalsense.issues_scored`\n                SELECT *\n                FROM `signalsense-project.signalsense.new_stream_scored`;\n                ', 'useLegacySql': False}}'
[2025-12-03T11:50:47.724+0000] {bigquery.py:1670} INFO - Inserting job ***_signalsense_daily_pipeline_bq_append_to_issues_scored_2025_12_03T11_50_27_945479_00_00_d1208a9628f1a1eca9182aa5962acbc1
[2025-12-03T11:50:50.398+0000] {taskinstance.py:441} INFO - ::group::Post task execution logs
[2025-12-03T11:50:50.434+0000] {taskinstance.py:1206} INFO - Marking task as SUCCESS. dag_id=signalsense_daily_pipeline, task_id=bq_append_to_issues_scored, run_id=streamlit-trigger-1764762627, execution_date=20251203T115027, start_date=20251203T115047, end_date=20251203T115050
[2025-12-03T11:50:50.485+0000] {local_task_job_runner.py:240} INFO - Task exited with return code 0
[2025-12-03T11:50:50.522+0000] {taskinstance.py:3503} INFO - 1 downstream tasks scheduled from follow-on schedule check
[2025-12-03T11:50:50.527+0000] {local_task_job_runner.py:222} INFO - ::endgroup::
