[2025-12-03T05:31:33.754+0000] {local_task_job_runner.py:120} INFO - ::group::Pre task execution logs
[2025-12-03T05:31:33.778+0000] {taskinstance.py:2076} INFO - Dependencies all met for dep_context=non-requeueable deps ti=<TaskInstance: signalsense_daily_pipeline.dbt_run manual__2025-12-03T05:31:11.554868+00:00 [queued]>
[2025-12-03T05:31:33.788+0000] {taskinstance.py:2076} INFO - Dependencies all met for dep_context=requeueable deps ti=<TaskInstance: signalsense_daily_pipeline.dbt_run manual__2025-12-03T05:31:11.554868+00:00 [queued]>
[2025-12-03T05:31:33.789+0000] {taskinstance.py:2306} INFO - Starting attempt 1 of 2
[2025-12-03T05:31:33.802+0000] {taskinstance.py:2330} INFO - Executing <Task(BashOperator): dbt_run> on 2025-12-03 05:31:11.554868+00:00
[2025-12-03T05:31:33.814+0000] {standard_task_runner.py:63} INFO - Started process 241 to run task
[2025-12-03T05:31:33.820+0000] {standard_task_runner.py:90} INFO - Running: ['***', 'tasks', 'run', 'signalsense_daily_pipeline', 'dbt_run', 'manual__2025-12-03T05:31:11.554868+00:00', '--job-id', '9', '--raw', '--subdir', 'DAGS_FOLDER/signalsense_pipeline.py', '--cfg-path', '/tmp/tmp3rigqvsu']
[2025-12-03T05:31:33.825+0000] {standard_task_runner.py:91} INFO - Job 9: Subtask dbt_run
[2025-12-03T05:31:33.916+0000] {task_command.py:426} INFO - Running <TaskInstance: signalsense_daily_pipeline.dbt_run manual__2025-12-03T05:31:11.554868+00:00 [running]> on host 0e6064538108
[2025-12-03T05:31:34.037+0000] {taskinstance.py:2648} INFO - Exporting env vars: AIRFLOW_CTX_DAG_OWNER='***' AIRFLOW_CTX_DAG_ID='signalsense_daily_pipeline' AIRFLOW_CTX_TASK_ID='dbt_run' AIRFLOW_CTX_EXECUTION_DATE='2025-12-03T05:31:11.554868+00:00' AIRFLOW_CTX_TRY_NUMBER='1' AIRFLOW_CTX_DAG_RUN_ID='manual__2025-12-03T05:31:11.554868+00:00'
[2025-12-03T05:31:34.040+0000] {taskinstance.py:430} INFO - ::endgroup::
[2025-12-03T05:31:34.060+0000] {subprocess.py:63} INFO - Tmp dir root location: /tmp
[2025-12-03T05:31:34.062+0000] {subprocess.py:75} INFO - Running command: ['/usr/bin/bash', '-c', '\n        cd /opt/***/dags/signalsense_dbt && dbt run\n        ']
[2025-12-03T05:31:34.084+0000] {subprocess.py:86} INFO - Output:
[2025-12-03T05:31:37.171+0000] {subprocess.py:93} INFO - [0m05:31:37  Running with dbt=1.9.0
[2025-12-03T05:31:39.182+0000] {subprocess.py:93} INFO - [0m05:31:39  Registered adapter: bigquery=1.9.0
[2025-12-03T05:31:40.000+0000] {subprocess.py:93} INFO - [0m05:31:40  Found 4 models, 4 data tests, 1 source, 492 macros
[2025-12-03T05:31:40.007+0000] {subprocess.py:93} INFO - [0m05:31:40
[2025-12-03T05:31:40.008+0000] {subprocess.py:93} INFO - [0m05:31:40  Concurrency: 4 threads (target='dev')
[2025-12-03T05:31:40.010+0000] {subprocess.py:93} INFO - [0m05:31:40
[2025-12-03T05:31:41.556+0000] {subprocess.py:93} INFO - [0m05:31:41  1 of 4 START sql table model signalsense_dbt.my_first_dbt_model ................ [RUN]
[2025-12-03T05:31:41.557+0000] {subprocess.py:93} INFO - [0m05:31:41  2 of 4 START sql view model signalsense_dbt.stg_issues ......................... [RUN]
[2025-12-03T05:31:42.583+0000] {subprocess.py:93} INFO - [0m05:31:42  2 of 4 OK created sql view model signalsense_dbt.stg_issues .................... [[32mCREATE VIEW (0 processed)[0m in 1.02s]
[2025-12-03T05:31:42.589+0000] {subprocess.py:93} INFO - [0m05:31:42  3 of 4 START sql table model signalsense_dbt.mart_issues_by_region_day ......... [RUN]
[2025-12-03T05:31:44.010+0000] {subprocess.py:93} INFO - [0m05:31:44  1 of 4 OK created sql table model signalsense_dbt.my_first_dbt_model ........... [[32mCREATE TABLE (2.0 rows, 0 processed)[0m in 2.45s]
[2025-12-03T05:31:44.014+0000] {subprocess.py:93} INFO - [0m05:31:44  4 of 4 START sql view model signalsense_dbt.my_second_dbt_model ................ [RUN]
[2025-12-03T05:31:45.059+0000] {subprocess.py:93} INFO - [0m05:31:45  4 of 4 OK created sql view model signalsense_dbt.my_second_dbt_model ........... [[32mCREATE VIEW (0 processed)[0m in 1.04s]
[2025-12-03T05:31:45.393+0000] {subprocess.py:93} INFO - [0m05:31:45  3 of 4 OK created sql table model signalsense_dbt.mart_issues_by_region_day .... [[32mCREATE TABLE (185.0 rows, 54.8 MiB processed)[0m in 2.80s]
[2025-12-03T05:31:45.449+0000] {subprocess.py:93} INFO - [0m05:31:45
[2025-12-03T05:31:45.450+0000] {subprocess.py:93} INFO - [0m05:31:45  Finished running 2 table models, 2 view models in 0 hours 0 minutes and 5.44 seconds (5.44s).
[2025-12-03T05:31:45.521+0000] {subprocess.py:93} INFO - [0m05:31:45
[2025-12-03T05:31:45.522+0000] {subprocess.py:93} INFO - [0m05:31:45  [32mCompleted successfully[0m
[2025-12-03T05:31:45.523+0000] {subprocess.py:93} INFO - [0m05:31:45
[2025-12-03T05:31:45.525+0000] {subprocess.py:93} INFO - [0m05:31:45  Done. PASS=4 WARN=0 ERROR=0 SKIP=0 TOTAL=4
[2025-12-03T05:31:46.644+0000] {subprocess.py:97} INFO - Command exited with return code 0
[2025-12-03T05:31:46.645+0000] {taskinstance.py:441} INFO - ::group::Post task execution logs
[2025-12-03T05:31:46.676+0000] {taskinstance.py:1206} INFO - Marking task as SUCCESS. dag_id=signalsense_daily_pipeline, task_id=dbt_run, run_id=manual__2025-12-03T05:31:11.554868+00:00, execution_date=20251203T053111, start_date=20251203T053133, end_date=20251203T053146
[2025-12-03T05:31:46.726+0000] {local_task_job_runner.py:240} INFO - Task exited with return code 0
[2025-12-03T05:31:46.742+0000] {taskinstance.py:3503} INFO - 0 downstream tasks scheduled from follow-on schedule check
[2025-12-03T05:31:46.744+0000] {local_task_job_runner.py:222} INFO - ::endgroup::
