[2025-12-03T23:06:09.937+0000] {local_task_job_runner.py:120} INFO - ::group::Pre task execution logs
[2025-12-03T23:06:09.954+0000] {taskinstance.py:2076} INFO - Dependencies all met for dep_context=non-requeueable deps ti=<TaskInstance: signalsense_daily_pipeline.dbt_run streamlit-trigger-1764803150 [queued]>
[2025-12-03T23:06:09.965+0000] {taskinstance.py:2076} INFO - Dependencies all met for dep_context=requeueable deps ti=<TaskInstance: signalsense_daily_pipeline.dbt_run streamlit-trigger-1764803150 [queued]>
[2025-12-03T23:06:09.966+0000] {taskinstance.py:2306} INFO - Starting attempt 1 of 2
[2025-12-03T23:06:09.980+0000] {taskinstance.py:2330} INFO - Executing <Task(BashOperator): dbt_run> on 2025-12-03 23:05:50.593392+00:00
[2025-12-03T23:06:09.991+0000] {standard_task_runner.py:63} INFO - Started process 363 to run task
[2025-12-03T23:06:09.997+0000] {standard_task_runner.py:90} INFO - Running: ['***', 'tasks', 'run', 'signalsense_daily_pipeline', 'dbt_run', 'streamlit-trigger-1764803150', '--job-id', '9', '--raw', '--subdir', 'DAGS_FOLDER/signalsense_pipeline.py', '--cfg-path', '/tmp/tmpynqyg7we']
[2025-12-03T23:06:10.001+0000] {standard_task_runner.py:91} INFO - Job 9: Subtask dbt_run
[2025-12-03T23:06:10.086+0000] {task_command.py:426} INFO - Running <TaskInstance: signalsense_daily_pipeline.dbt_run streamlit-trigger-1764803150 [running]> on host 27a575518531
[2025-12-03T23:06:10.195+0000] {taskinstance.py:2648} INFO - Exporting env vars: AIRFLOW_CTX_DAG_OWNER='***' AIRFLOW_CTX_DAG_ID='signalsense_daily_pipeline' AIRFLOW_CTX_TASK_ID='dbt_run' AIRFLOW_CTX_EXECUTION_DATE='2025-12-03T23:05:50.593392+00:00' AIRFLOW_CTX_TRY_NUMBER='1' AIRFLOW_CTX_DAG_RUN_ID='streamlit-trigger-1764803150'
[2025-12-03T23:06:10.199+0000] {taskinstance.py:430} INFO - ::endgroup::
[2025-12-03T23:06:10.215+0000] {subprocess.py:63} INFO - Tmp dir root location: /tmp
[2025-12-03T23:06:10.217+0000] {subprocess.py:75} INFO - Running command: ['/usr/bin/bash', '-c', '\n        cd /opt/***/dags/signalsense_dbt && dbt run\n        ']
[2025-12-03T23:06:10.238+0000] {subprocess.py:86} INFO - Output:
[2025-12-03T23:06:12.990+0000] {subprocess.py:93} INFO - [0m23:06:12  Running with dbt=1.9.0
[2025-12-03T23:06:15.070+0000] {subprocess.py:93} INFO - [0m23:06:15  Registered adapter: bigquery=1.9.0
[2025-12-03T23:06:16.084+0000] {subprocess.py:93} INFO - [0m23:06:16  Found 4 models, 4 data tests, 1 source, 492 macros
[2025-12-03T23:06:16.089+0000] {subprocess.py:93} INFO - [0m23:06:16
[2025-12-03T23:06:16.091+0000] {subprocess.py:93} INFO - [0m23:06:16  Concurrency: 4 threads (target='dev')
[2025-12-03T23:06:16.093+0000] {subprocess.py:93} INFO - [0m23:06:16
[2025-12-03T23:06:17.255+0000] {subprocess.py:93} INFO - [0m23:06:17  1 of 4 START sql table model signalsense_dbt.my_first_dbt_model ................ [RUN]
[2025-12-03T23:06:17.256+0000] {subprocess.py:93} INFO - [0m23:06:17  2 of 4 START sql view model signalsense_dbt.stg_issues ......................... [RUN]
[2025-12-03T23:06:18.599+0000] {subprocess.py:93} INFO - [0m23:06:18  2 of 4 OK created sql view model signalsense_dbt.stg_issues .................... [[32mCREATE VIEW (0 processed)[0m in 1.34s]
[2025-12-03T23:06:18.604+0000] {subprocess.py:93} INFO - [0m23:06:18  3 of 4 START sql table model signalsense_dbt.mart_issues_by_region_day ......... [RUN]
[2025-12-03T23:06:20.075+0000] {subprocess.py:93} INFO - [0m23:06:20  1 of 4 OK created sql table model signalsense_dbt.my_first_dbt_model ........... [[32mCREATE TABLE (2.0 rows, 0 processed)[0m in 2.81s]
[2025-12-03T23:06:20.081+0000] {subprocess.py:93} INFO - [0m23:06:20  4 of 4 START sql view model signalsense_dbt.my_second_dbt_model ................ [RUN]
[2025-12-03T23:06:21.103+0000] {subprocess.py:93} INFO - [0m23:06:21  4 of 4 OK created sql view model signalsense_dbt.my_second_dbt_model ........... [[32mCREATE VIEW (0 processed)[0m in 1.02s]
[2025-12-03T23:06:21.380+0000] {subprocess.py:93} INFO - [0m23:06:21  3 of 4 OK created sql table model signalsense_dbt.mart_issues_by_region_day .... [[32mCREATE TABLE (185.0 rows, 54.8 MiB processed)[0m in 2.77s]
[2025-12-03T23:06:21.443+0000] {subprocess.py:93} INFO - [0m23:06:21
[2025-12-03T23:06:21.444+0000] {subprocess.py:93} INFO - [0m23:06:21  Finished running 2 table models, 2 view models in 0 hours 0 minutes and 5.35 seconds (5.35s).
[2025-12-03T23:06:21.520+0000] {subprocess.py:93} INFO - [0m23:06:21
[2025-12-03T23:06:21.522+0000] {subprocess.py:93} INFO - [0m23:06:21  [32mCompleted successfully[0m
[2025-12-03T23:06:21.524+0000] {subprocess.py:93} INFO - [0m23:06:21
[2025-12-03T23:06:21.526+0000] {subprocess.py:93} INFO - [0m23:06:21  Done. PASS=4 WARN=0 ERROR=0 SKIP=0 TOTAL=4
[2025-12-03T23:06:22.457+0000] {subprocess.py:97} INFO - Command exited with return code 0
[2025-12-03T23:06:22.459+0000] {taskinstance.py:441} INFO - ::group::Post task execution logs
[2025-12-03T23:06:22.510+0000] {taskinstance.py:1206} INFO - Marking task as SUCCESS. dag_id=signalsense_daily_pipeline, task_id=dbt_run, run_id=streamlit-trigger-1764803150, execution_date=20251203T230550, start_date=20251203T230609, end_date=20251203T230622
[2025-12-03T23:06:22.574+0000] {local_task_job_runner.py:240} INFO - Task exited with return code 0
[2025-12-03T23:06:22.596+0000] {taskinstance.py:3503} INFO - 0 downstream tasks scheduled from follow-on schedule check
[2025-12-03T23:06:22.599+0000] {local_task_job_runner.py:222} INFO - ::endgroup::
