[2025-12-03T11:43:06.882+0000] {local_task_job_runner.py:120} INFO - ::group::Pre task execution logs
[2025-12-03T11:43:06.912+0000] {taskinstance.py:2076} INFO - Dependencies all met for dep_context=non-requeueable deps ti=<TaskInstance: signalsense_daily_pipeline.dbt_run streamlit-trigger-1764762162 [queued]>
[2025-12-03T11:43:06.927+0000] {taskinstance.py:2076} INFO - Dependencies all met for dep_context=requeueable deps ti=<TaskInstance: signalsense_daily_pipeline.dbt_run streamlit-trigger-1764762162 [queued]>
[2025-12-03T11:43:06.928+0000] {taskinstance.py:2306} INFO - Starting attempt 1 of 2
[2025-12-03T11:43:06.949+0000] {taskinstance.py:2330} INFO - Executing <Task(BashOperator): dbt_run> on 2025-12-03 11:42:42.346066+00:00
[2025-12-03T11:43:06.970+0000] {standard_task_runner.py:63} INFO - Started process 1779 to run task
[2025-12-03T11:43:06.980+0000] {standard_task_runner.py:90} INFO - Running: ['***', 'tasks', 'run', 'signalsense_daily_pipeline', 'dbt_run', 'streamlit-trigger-1764762162', '--job-id', '34', '--raw', '--subdir', 'DAGS_FOLDER/signalsense_pipeline.py', '--cfg-path', '/tmp/tmpdubd5da4']
[2025-12-03T11:43:06.987+0000] {standard_task_runner.py:91} INFO - Job 34: Subtask dbt_run
[2025-12-03T11:43:07.101+0000] {task_command.py:426} INFO - Running <TaskInstance: signalsense_daily_pipeline.dbt_run streamlit-trigger-1764762162 [running]> on host 98179ae64f3c
[2025-12-03T11:43:07.242+0000] {taskinstance.py:2648} INFO - Exporting env vars: AIRFLOW_CTX_DAG_OWNER='***' AIRFLOW_CTX_DAG_ID='signalsense_daily_pipeline' AIRFLOW_CTX_TASK_ID='dbt_run' AIRFLOW_CTX_EXECUTION_DATE='2025-12-03T11:42:42.346066+00:00' AIRFLOW_CTX_TRY_NUMBER='1' AIRFLOW_CTX_DAG_RUN_ID='streamlit-trigger-1764762162'
[2025-12-03T11:43:07.249+0000] {taskinstance.py:430} INFO - ::endgroup::
[2025-12-03T11:43:07.269+0000] {subprocess.py:63} INFO - Tmp dir root location: /tmp
[2025-12-03T11:43:07.271+0000] {subprocess.py:75} INFO - Running command: ['/usr/bin/bash', '-c', '\n        cd /opt/***/dags/signalsense_dbt && dbt run\n        ']
[2025-12-03T11:43:07.298+0000] {subprocess.py:86} INFO - Output:
[2025-12-03T11:43:10.692+0000] {subprocess.py:93} INFO - [0m11:43:10  Running with dbt=1.9.0
[2025-12-03T11:43:13.200+0000] {subprocess.py:93} INFO - [0m11:43:13  Registered adapter: bigquery=1.9.0
[2025-12-03T11:43:14.147+0000] {subprocess.py:93} INFO - [0m11:43:14  Found 4 models, 4 data tests, 1 source, 492 macros
[2025-12-03T11:43:14.153+0000] {subprocess.py:93} INFO - [0m11:43:14
[2025-12-03T11:43:14.154+0000] {subprocess.py:93} INFO - [0m11:43:14  Concurrency: 4 threads (target='dev')
[2025-12-03T11:43:14.156+0000] {subprocess.py:93} INFO - [0m11:43:14
[2025-12-03T11:43:15.607+0000] {subprocess.py:93} INFO - [0m11:43:15  1 of 4 START sql table model signalsense_dbt.my_first_dbt_model ................ [RUN]
[2025-12-03T11:43:15.609+0000] {subprocess.py:93} INFO - [0m11:43:15  2 of 4 START sql view model signalsense_dbt.stg_issues ......................... [RUN]
[2025-12-03T11:43:17.786+0000] {subprocess.py:93} INFO - [0m11:43:17  2 of 4 OK created sql view model signalsense_dbt.stg_issues .................... [[32mCREATE VIEW (0 processed)[0m in 2.17s]
[2025-12-03T11:43:17.793+0000] {subprocess.py:93} INFO - [0m11:43:17  3 of 4 START sql table model signalsense_dbt.mart_issues_by_region_day ......... [RUN]
[2025-12-03T11:43:18.264+0000] {subprocess.py:93} INFO - [0m11:43:18  1 of 4 OK created sql table model signalsense_dbt.my_first_dbt_model ........... [[32mCREATE TABLE (2.0 rows, 0 processed)[0m in 2.65s]
[2025-12-03T11:43:18.271+0000] {subprocess.py:93} INFO - [0m11:43:18  4 of 4 START sql view model signalsense_dbt.my_second_dbt_model ................ [RUN]
[2025-12-03T11:43:19.661+0000] {subprocess.py:93} INFO - [0m11:43:19  4 of 4 OK created sql view model signalsense_dbt.my_second_dbt_model ........... [[32mCREATE VIEW (0 processed)[0m in 1.38s]
[2025-12-03T11:43:21.243+0000] {subprocess.py:93} INFO - [0m11:43:21  3 of 4 OK created sql table model signalsense_dbt.mart_issues_by_region_day .... [[32mCREATE TABLE (185.0 rows, 54.8 MiB processed)[0m in 3.44s]
[2025-12-03T11:43:21.326+0000] {subprocess.py:93} INFO - [0m11:43:21
[2025-12-03T11:43:21.327+0000] {subprocess.py:93} INFO - [0m11:43:21  Finished running 2 table models, 2 view models in 0 hours 0 minutes and 7.17 seconds (7.17s).
[2025-12-03T11:43:21.436+0000] {subprocess.py:93} INFO - [0m11:43:21
[2025-12-03T11:43:21.440+0000] {subprocess.py:93} INFO - [0m11:43:21  [32mCompleted successfully[0m
[2025-12-03T11:43:21.442+0000] {subprocess.py:93} INFO - [0m11:43:21
[2025-12-03T11:43:21.444+0000] {subprocess.py:93} INFO - [0m11:43:21  Done. PASS=4 WARN=0 ERROR=0 SKIP=0 TOTAL=4
[2025-12-03T11:43:23.244+0000] {subprocess.py:97} INFO - Command exited with return code 0
[2025-12-03T11:43:23.247+0000] {taskinstance.py:441} INFO - ::group::Post task execution logs
[2025-12-03T11:43:23.286+0000] {taskinstance.py:1206} INFO - Marking task as SUCCESS. dag_id=signalsense_daily_pipeline, task_id=dbt_run, run_id=streamlit-trigger-1764762162, execution_date=20251203T114242, start_date=20251203T114306, end_date=20251203T114323
[2025-12-03T11:43:23.331+0000] {local_task_job_runner.py:240} INFO - Task exited with return code 0
[2025-12-03T11:43:23.353+0000] {taskinstance.py:3503} INFO - 0 downstream tasks scheduled from follow-on schedule check
[2025-12-03T11:43:23.356+0000] {local_task_job_runner.py:222} INFO - ::endgroup::
