[2025-12-03T09:33:51.689+0000] {local_task_job_runner.py:120} INFO - ::group::Pre task execution logs
[2025-12-03T09:33:51.715+0000] {taskinstance.py:2076} INFO - Dependencies all met for dep_context=non-requeueable deps ti=<TaskInstance: signalsense_daily_pipeline.dbt_run streamlit-trigger-1764754409 [queued]>
[2025-12-03T09:33:51.729+0000] {taskinstance.py:2076} INFO - Dependencies all met for dep_context=requeueable deps ti=<TaskInstance: signalsense_daily_pipeline.dbt_run streamlit-trigger-1764754409 [queued]>
[2025-12-03T09:33:51.731+0000] {taskinstance.py:2306} INFO - Starting attempt 1 of 2
[2025-12-03T09:33:51.751+0000] {taskinstance.py:2330} INFO - Executing <Task(BashOperator): dbt_run> on 2025-12-03 09:33:29.273935+00:00
[2025-12-03T09:33:51.763+0000] {standard_task_runner.py:63} INFO - Started process 342 to run task
[2025-12-03T09:33:51.772+0000] {standard_task_runner.py:90} INFO - Running: ['***', 'tasks', 'run', 'signalsense_daily_pipeline', 'dbt_run', 'streamlit-trigger-1764754409', '--job-id', '14', '--raw', '--subdir', 'DAGS_FOLDER/signalsense_pipeline.py', '--cfg-path', '/tmp/tmpdnfxbs5t']
[2025-12-03T09:33:51.778+0000] {standard_task_runner.py:91} INFO - Job 14: Subtask dbt_run
[2025-12-03T09:33:51.884+0000] {task_command.py:426} INFO - Running <TaskInstance: signalsense_daily_pipeline.dbt_run streamlit-trigger-1764754409 [running]> on host 98179ae64f3c
[2025-12-03T09:33:52.040+0000] {taskinstance.py:2648} INFO - Exporting env vars: AIRFLOW_CTX_DAG_OWNER='***' AIRFLOW_CTX_DAG_ID='signalsense_daily_pipeline' AIRFLOW_CTX_TASK_ID='dbt_run' AIRFLOW_CTX_EXECUTION_DATE='2025-12-03T09:33:29.273935+00:00' AIRFLOW_CTX_TRY_NUMBER='1' AIRFLOW_CTX_DAG_RUN_ID='streamlit-trigger-1764754409'
[2025-12-03T09:33:52.044+0000] {taskinstance.py:430} INFO - ::endgroup::
[2025-12-03T09:33:52.065+0000] {subprocess.py:63} INFO - Tmp dir root location: /tmp
[2025-12-03T09:33:52.067+0000] {subprocess.py:75} INFO - Running command: ['/usr/bin/bash', '-c', '\n        cd /opt/***/dags/signalsense_dbt && dbt run\n        ']
[2025-12-03T09:33:52.094+0000] {subprocess.py:86} INFO - Output:
[2025-12-03T09:33:54.953+0000] {subprocess.py:93} INFO - [0m09:33:54  Running with dbt=1.9.0
[2025-12-03T09:33:56.762+0000] {subprocess.py:93} INFO - [0m09:33:56  Registered adapter: bigquery=1.9.0
[2025-12-03T09:33:57.587+0000] {subprocess.py:93} INFO - [0m09:33:57  Found 4 models, 4 data tests, 1 source, 492 macros
[2025-12-03T09:33:57.592+0000] {subprocess.py:93} INFO - [0m09:33:57
[2025-12-03T09:33:57.593+0000] {subprocess.py:93} INFO - [0m09:33:57  Concurrency: 4 threads (target='dev')
[2025-12-03T09:33:57.595+0000] {subprocess.py:93} INFO - [0m09:33:57
[2025-12-03T09:33:59.264+0000] {subprocess.py:93} INFO - [0m09:33:59  1 of 4 START sql table model signalsense_dbt.my_first_dbt_model ................ [RUN]
[2025-12-03T09:33:59.267+0000] {subprocess.py:93} INFO - [0m09:33:59  2 of 4 START sql view model signalsense_dbt.stg_issues ......................... [RUN]
[2025-12-03T09:34:00.946+0000] {subprocess.py:93} INFO - [0m09:34:00  2 of 4 OK created sql view model signalsense_dbt.stg_issues .................... [[32mCREATE VIEW (0 processed)[0m in 1.67s]
[2025-12-03T09:34:00.953+0000] {subprocess.py:93} INFO - [0m09:34:00  3 of 4 START sql table model signalsense_dbt.mart_issues_by_region_day ......... [RUN]
[2025-12-03T09:34:02.378+0000] {subprocess.py:93} INFO - [0m09:34:02  1 of 4 OK created sql table model signalsense_dbt.my_first_dbt_model ........... [[32mCREATE TABLE (2.0 rows, 0 processed)[0m in 3.10s]
[2025-12-03T09:34:02.386+0000] {subprocess.py:93} INFO - [0m09:34:02  4 of 4 START sql view model signalsense_dbt.my_second_dbt_model ................ [RUN]
[2025-12-03T09:34:03.823+0000] {subprocess.py:93} INFO - [0m09:34:03  4 of 4 OK created sql view model signalsense_dbt.my_second_dbt_model ........... [[32mCREATE VIEW (0 processed)[0m in 1.43s]
[2025-12-03T09:34:04.126+0000] {subprocess.py:93} INFO - [0m09:34:04  3 of 4 OK created sql table model signalsense_dbt.mart_issues_by_region_day .... [[32mCREATE TABLE (185.0 rows, 54.8 MiB processed)[0m in 3.17s]
[2025-12-03T09:34:04.202+0000] {subprocess.py:93} INFO - [0m09:34:04
[2025-12-03T09:34:04.204+0000] {subprocess.py:93} INFO - [0m09:34:04  Finished running 2 table models, 2 view models in 0 hours 0 minutes and 6.61 seconds (6.61s).
[2025-12-03T09:34:04.317+0000] {subprocess.py:93} INFO - [0m09:34:04
[2025-12-03T09:34:04.319+0000] {subprocess.py:93} INFO - [0m09:34:04  [32mCompleted successfully[0m
[2025-12-03T09:34:04.321+0000] {subprocess.py:93} INFO - [0m09:34:04
[2025-12-03T09:34:04.323+0000] {subprocess.py:93} INFO - [0m09:34:04  Done. PASS=4 WARN=0 ERROR=0 SKIP=0 TOTAL=4
[2025-12-03T09:34:05.971+0000] {subprocess.py:97} INFO - Command exited with return code 0
[2025-12-03T09:34:05.973+0000] {taskinstance.py:441} INFO - ::group::Post task execution logs
[2025-12-03T09:34:06.028+0000] {taskinstance.py:1206} INFO - Marking task as SUCCESS. dag_id=signalsense_daily_pipeline, task_id=dbt_run, run_id=streamlit-trigger-1764754409, execution_date=20251203T093329, start_date=20251203T093351, end_date=20251203T093406
[2025-12-03T09:34:06.104+0000] {local_task_job_runner.py:240} INFO - Task exited with return code 0
[2025-12-03T09:34:06.128+0000] {taskinstance.py:3503} INFO - 0 downstream tasks scheduled from follow-on schedule check
[2025-12-03T09:34:06.133+0000] {local_task_job_runner.py:222} INFO - ::endgroup::
