[2025-12-04T00:38:31.288+0000] {local_task_job_runner.py:120} INFO - ::group::Pre task execution logs
[2025-12-04T00:38:31.311+0000] {taskinstance.py:2076} INFO - Dependencies all met for dep_context=non-requeueable deps ti=<TaskInstance: signalsense_daily_pipeline.dbt_run streamlit-trigger-1764808685 [queued]>
[2025-12-04T00:38:31.323+0000] {taskinstance.py:2076} INFO - Dependencies all met for dep_context=requeueable deps ti=<TaskInstance: signalsense_daily_pipeline.dbt_run streamlit-trigger-1764808685 [queued]>
[2025-12-04T00:38:31.325+0000] {taskinstance.py:2306} INFO - Starting attempt 1 of 2
[2025-12-04T00:38:31.341+0000] {taskinstance.py:2330} INFO - Executing <Task(BashOperator): dbt_run> on 2025-12-04 00:38:05.793631+00:00
[2025-12-04T00:38:31.358+0000] {standard_task_runner.py:63} INFO - Started process 1411 to run task
[2025-12-04T00:38:31.363+0000] {standard_task_runner.py:90} INFO - Running: ['***', 'tasks', 'run', 'signalsense_daily_pipeline', 'dbt_run', 'streamlit-trigger-1764808685', '--job-id', '25', '--raw', '--subdir', 'DAGS_FOLDER/signalsense_pipeline.py', '--cfg-path', '/tmp/tmp9cr3sjkz']
[2025-12-04T00:38:31.369+0000] {standard_task_runner.py:91} INFO - Job 25: Subtask dbt_run
[2025-12-04T00:38:31.470+0000] {task_command.py:426} INFO - Running <TaskInstance: signalsense_daily_pipeline.dbt_run streamlit-trigger-1764808685 [running]> on host 27a575518531
[2025-12-04T00:38:31.604+0000] {taskinstance.py:2648} INFO - Exporting env vars: AIRFLOW_CTX_DAG_OWNER='***' AIRFLOW_CTX_DAG_ID='signalsense_daily_pipeline' AIRFLOW_CTX_TASK_ID='dbt_run' AIRFLOW_CTX_EXECUTION_DATE='2025-12-04T00:38:05.793631+00:00' AIRFLOW_CTX_TRY_NUMBER='1' AIRFLOW_CTX_DAG_RUN_ID='streamlit-trigger-1764808685'
[2025-12-04T00:38:31.609+0000] {taskinstance.py:430} INFO - ::endgroup::
[2025-12-04T00:38:31.629+0000] {subprocess.py:63} INFO - Tmp dir root location: /tmp
[2025-12-04T00:38:31.632+0000] {subprocess.py:75} INFO - Running command: ['/usr/bin/bash', '-c', '\n        cd /opt/***/dags/signalsense_dbt && dbt run\n        ']
[2025-12-04T00:38:31.662+0000] {subprocess.py:86} INFO - Output:
[2025-12-04T00:38:35.937+0000] {subprocess.py:93} INFO - [0m00:38:35  Running with dbt=1.9.0
[2025-12-04T00:38:38.485+0000] {subprocess.py:93} INFO - [0m00:38:38  Registered adapter: bigquery=1.9.0
[2025-12-04T00:38:39.621+0000] {subprocess.py:93} INFO - [0m00:38:39  Found 4 models, 4 data tests, 1 source, 492 macros
[2025-12-04T00:38:39.626+0000] {subprocess.py:93} INFO - [0m00:38:39
[2025-12-04T00:38:39.627+0000] {subprocess.py:93} INFO - [0m00:38:39  Concurrency: 4 threads (target='dev')
[2025-12-04T00:38:39.629+0000] {subprocess.py:93} INFO - [0m00:38:39
[2025-12-04T00:38:40.879+0000] {subprocess.py:93} INFO - [0m00:38:40  1 of 4 START sql table model signalsense_dbt.my_first_dbt_model ................ [RUN]
[2025-12-04T00:38:40.880+0000] {subprocess.py:93} INFO - [0m00:38:40  2 of 4 START sql view model signalsense_dbt.stg_issues ......................... [RUN]
[2025-12-04T00:38:42.078+0000] {subprocess.py:93} INFO - [0m00:38:42  2 of 4 OK created sql view model signalsense_dbt.stg_issues .................... [[32mCREATE VIEW (0 processed)[0m in 1.19s]
[2025-12-04T00:38:42.083+0000] {subprocess.py:93} INFO - [0m00:38:42  3 of 4 START sql table model signalsense_dbt.mart_issues_by_region_day ......... [RUN]
[2025-12-04T00:38:43.374+0000] {subprocess.py:93} INFO - [0m00:38:43  1 of 4 OK created sql table model signalsense_dbt.my_first_dbt_model ........... [[32mCREATE TABLE (2.0 rows, 0 processed)[0m in 2.49s]
[2025-12-04T00:38:43.380+0000] {subprocess.py:93} INFO - [0m00:38:43  4 of 4 START sql view model signalsense_dbt.my_second_dbt_model ................ [RUN]
[2025-12-04T00:38:44.334+0000] {subprocess.py:93} INFO - [0m00:38:44  4 of 4 OK created sql view model signalsense_dbt.my_second_dbt_model ........... [[32mCREATE VIEW (0 processed)[0m in 0.95s]
[2025-12-04T00:38:44.840+0000] {subprocess.py:93} INFO - [0m00:38:44  3 of 4 OK created sql table model signalsense_dbt.mart_issues_by_region_day .... [[32mCREATE TABLE (185.0 rows, 54.8 MiB processed)[0m in 2.75s]
[2025-12-04T00:38:44.904+0000] {subprocess.py:93} INFO - [0m00:38:44
[2025-12-04T00:38:44.906+0000] {subprocess.py:93} INFO - [0m00:38:44  Finished running 2 table models, 2 view models in 0 hours 0 minutes and 5.27 seconds (5.27s).
[2025-12-04T00:38:44.998+0000] {subprocess.py:93} INFO - [0m00:38:44
[2025-12-04T00:38:44.999+0000] {subprocess.py:93} INFO - [0m00:38:44  [32mCompleted successfully[0m
[2025-12-04T00:38:45.001+0000] {subprocess.py:93} INFO - [0m00:38:45
[2025-12-04T00:38:45.003+0000] {subprocess.py:93} INFO - [0m00:38:45  Done. PASS=4 WARN=0 ERROR=0 SKIP=0 TOTAL=4
[2025-12-04T00:38:46.131+0000] {subprocess.py:97} INFO - Command exited with return code 0
[2025-12-04T00:38:46.133+0000] {taskinstance.py:441} INFO - ::group::Post task execution logs
[2025-12-04T00:38:46.164+0000] {taskinstance.py:1206} INFO - Marking task as SUCCESS. dag_id=signalsense_daily_pipeline, task_id=dbt_run, run_id=streamlit-trigger-1764808685, execution_date=20251204T003805, start_date=20251204T003831, end_date=20251204T003846
[2025-12-04T00:38:46.198+0000] {local_task_job_runner.py:240} INFO - Task exited with return code 0
[2025-12-04T00:38:46.215+0000] {taskinstance.py:3503} INFO - 0 downstream tasks scheduled from follow-on schedule check
[2025-12-04T00:38:46.217+0000] {local_task_job_runner.py:222} INFO - ::endgroup::
