[2025-12-03T23:06:05.026+0000] {local_task_job_runner.py:120} INFO - ::group::Pre task execution logs
[2025-12-03T23:06:05.045+0000] {taskinstance.py:2076} INFO - Dependencies all met for dep_context=non-requeueable deps ti=<TaskInstance: signalsense_daily_pipeline.bq_append_to_issues_scored streamlit-trigger-1764803150 [queued]>
[2025-12-03T23:06:05.056+0000] {taskinstance.py:2076} INFO - Dependencies all met for dep_context=requeueable deps ti=<TaskInstance: signalsense_daily_pipeline.bq_append_to_issues_scored streamlit-trigger-1764803150 [queued]>
[2025-12-03T23:06:05.057+0000] {taskinstance.py:2306} INFO - Starting attempt 1 of 2
[2025-12-03T23:06:05.071+0000] {taskinstance.py:2330} INFO - Executing <Task(BigQueryInsertJobOperator): bq_append_to_issues_scored> on 2025-12-03 23:05:50.593392+00:00
[2025-12-03T23:06:05.081+0000] {standard_task_runner.py:63} INFO - Started process 360 to run task
[2025-12-03T23:06:05.085+0000] {standard_task_runner.py:90} INFO - Running: ['***', 'tasks', 'run', 'signalsense_daily_pipeline', 'bq_append_to_issues_scored', 'streamlit-trigger-1764803150', '--job-id', '8', '--raw', '--subdir', 'DAGS_FOLDER/signalsense_pipeline.py', '--cfg-path', '/tmp/tmpv9t7d0iz']
[2025-12-03T23:06:05.088+0000] {standard_task_runner.py:91} INFO - Job 8: Subtask bq_append_to_issues_scored
[2025-12-03T23:06:05.158+0000] {task_command.py:426} INFO - Running <TaskInstance: signalsense_daily_pipeline.bq_append_to_issues_scored streamlit-trigger-1764803150 [running]> on host 27a575518531
[2025-12-03T23:06:05.259+0000] {taskinstance.py:2648} INFO - Exporting env vars: AIRFLOW_CTX_DAG_OWNER='***' AIRFLOW_CTX_DAG_ID='signalsense_daily_pipeline' AIRFLOW_CTX_TASK_ID='bq_append_to_issues_scored' AIRFLOW_CTX_EXECUTION_DATE='2025-12-03T23:05:50.593392+00:00' AIRFLOW_CTX_TRY_NUMBER='1' AIRFLOW_CTX_DAG_RUN_ID='streamlit-trigger-1764803150'
[2025-12-03T23:06:05.264+0000] {taskinstance.py:430} INFO - ::endgroup::
[2025-12-03T23:06:05.295+0000] {connection.py:274} WARNING - Connection schemes (type: google_cloud_platform) shall not contain '_' according to RFC3986.
[2025-12-03T23:06:05.299+0000] {base.py:84} INFO - Using connection ID 'google_cloud_default' for task execution.
[2025-12-03T23:06:05.364+0000] {bigquery.py:2872} INFO - Executing: {'query': {'query': '\n                INSERT INTO `signalsense-project.signalsense.issues_scored`\n                SELECT *\n                FROM `signalsense-project.signalsense.new_stream_scored`;\n                ', 'useLegacySql': False}}'
[2025-12-03T23:06:05.367+0000] {bigquery.py:1670} INFO - Inserting job ***_signalsense_daily_pipeline_bq_append_to_issues_scored_2025_12_03T23_05_50_593392_00_00_373347a2b3cbe237ceb1285772617842
[2025-12-03T23:06:07.846+0000] {taskinstance.py:441} INFO - ::group::Post task execution logs
[2025-12-03T23:06:07.869+0000] {taskinstance.py:1206} INFO - Marking task as SUCCESS. dag_id=signalsense_daily_pipeline, task_id=bq_append_to_issues_scored, run_id=streamlit-trigger-1764803150, execution_date=20251203T230550, start_date=20251203T230605, end_date=20251203T230607
[2025-12-03T23:06:07.908+0000] {local_task_job_runner.py:240} INFO - Task exited with return code 0
[2025-12-03T23:06:07.931+0000] {taskinstance.py:3503} INFO - 1 downstream tasks scheduled from follow-on schedule check
[2025-12-03T23:06:07.933+0000] {local_task_job_runner.py:222} INFO - ::endgroup::
