[2025-12-03T23:52:21.703+0000] {local_task_job_runner.py:120} INFO - ::group::Pre task execution logs
[2025-12-03T23:52:21.721+0000] {taskinstance.py:2076} INFO - Dependencies all met for dep_context=non-requeueable deps ti=<TaskInstance: signalsense_daily_pipeline.dbt_run streamlit-trigger-1764805918 [queued]>
[2025-12-03T23:52:21.731+0000] {taskinstance.py:2076} INFO - Dependencies all met for dep_context=requeueable deps ti=<TaskInstance: signalsense_daily_pipeline.dbt_run streamlit-trigger-1764805918 [queued]>
[2025-12-03T23:52:21.732+0000] {taskinstance.py:2306} INFO - Starting attempt 1 of 2
[2025-12-03T23:52:21.745+0000] {taskinstance.py:2330} INFO - Executing <Task(BashOperator): dbt_run> on 2025-12-03 23:51:58.712047+00:00
[2025-12-03T23:52:21.755+0000] {standard_task_runner.py:63} INFO - Started process 855 to run task
[2025-12-03T23:52:21.760+0000] {standard_task_runner.py:90} INFO - Running: ['***', 'tasks', 'run', 'signalsense_daily_pipeline', 'dbt_run', 'streamlit-trigger-1764805918', '--job-id', '13', '--raw', '--subdir', 'DAGS_FOLDER/signalsense_pipeline.py', '--cfg-path', '/tmp/tmpny8w9eek']
[2025-12-03T23:52:21.765+0000] {standard_task_runner.py:91} INFO - Job 13: Subtask dbt_run
[2025-12-03T23:52:21.837+0000] {task_command.py:426} INFO - Running <TaskInstance: signalsense_daily_pipeline.dbt_run streamlit-trigger-1764805918 [running]> on host 27a575518531
[2025-12-03T23:52:21.946+0000] {taskinstance.py:2648} INFO - Exporting env vars: AIRFLOW_CTX_DAG_OWNER='***' AIRFLOW_CTX_DAG_ID='signalsense_daily_pipeline' AIRFLOW_CTX_TASK_ID='dbt_run' AIRFLOW_CTX_EXECUTION_DATE='2025-12-03T23:51:58.712047+00:00' AIRFLOW_CTX_TRY_NUMBER='1' AIRFLOW_CTX_DAG_RUN_ID='streamlit-trigger-1764805918'
[2025-12-03T23:52:21.950+0000] {taskinstance.py:430} INFO - ::endgroup::
[2025-12-03T23:52:21.966+0000] {subprocess.py:63} INFO - Tmp dir root location: /tmp
[2025-12-03T23:52:21.969+0000] {subprocess.py:75} INFO - Running command: ['/usr/bin/bash', '-c', '\n        cd /opt/***/dags/signalsense_dbt && dbt run\n        ']
[2025-12-03T23:52:21.991+0000] {subprocess.py:86} INFO - Output:
[2025-12-03T23:52:24.895+0000] {subprocess.py:93} INFO - [0m23:52:24  Running with dbt=1.9.0
[2025-12-03T23:52:26.877+0000] {subprocess.py:93} INFO - [0m23:52:26  Registered adapter: bigquery=1.9.0
[2025-12-03T23:52:27.704+0000] {subprocess.py:93} INFO - [0m23:52:27  Found 4 models, 4 data tests, 1 source, 492 macros
[2025-12-03T23:52:27.709+0000] {subprocess.py:93} INFO - [0m23:52:27
[2025-12-03T23:52:27.710+0000] {subprocess.py:93} INFO - [0m23:52:27  Concurrency: 4 threads (target='dev')
[2025-12-03T23:52:27.711+0000] {subprocess.py:93} INFO - [0m23:52:27
[2025-12-03T23:52:28.867+0000] {subprocess.py:93} INFO - [0m23:52:28  1 of 4 START sql table model signalsense_dbt.my_first_dbt_model ................ [RUN]
[2025-12-03T23:52:28.869+0000] {subprocess.py:93} INFO - [0m23:52:28  2 of 4 START sql view model signalsense_dbt.stg_issues ......................... [RUN]
[2025-12-03T23:52:29.904+0000] {subprocess.py:93} INFO - [0m23:52:29  2 of 4 OK created sql view model signalsense_dbt.stg_issues .................... [[32mCREATE VIEW (0 processed)[0m in 1.03s]
[2025-12-03T23:52:29.908+0000] {subprocess.py:93} INFO - [0m23:52:29  3 of 4 START sql table model signalsense_dbt.mart_issues_by_region_day ......... [RUN]
[2025-12-03T23:52:31.749+0000] {subprocess.py:93} INFO - [0m23:52:31  1 of 4 OK created sql table model signalsense_dbt.my_first_dbt_model ........... [[32mCREATE TABLE (2.0 rows, 0 processed)[0m in 2.88s]
[2025-12-03T23:52:31.755+0000] {subprocess.py:93} INFO - [0m23:52:31  4 of 4 START sql view model signalsense_dbt.my_second_dbt_model ................ [RUN]
[2025-12-03T23:52:32.692+0000] {subprocess.py:93} INFO - [0m23:52:32  4 of 4 OK created sql view model signalsense_dbt.my_second_dbt_model ........... [[32mCREATE VIEW (0 processed)[0m in 0.93s]
[2025-12-03T23:52:32.911+0000] {subprocess.py:93} INFO - [0m23:52:32  3 of 4 OK created sql table model signalsense_dbt.mart_issues_by_region_day .... [[32mCREATE TABLE (185.0 rows, 54.8 MiB processed)[0m in 3.00s]
[2025-12-03T23:52:32.962+0000] {subprocess.py:93} INFO - [0m23:52:32
[2025-12-03T23:52:32.963+0000] {subprocess.py:93} INFO - [0m23:52:32  Finished running 2 table models, 2 view models in 0 hours 0 minutes and 5.25 seconds (5.25s).
[2025-12-03T23:52:33.027+0000] {subprocess.py:93} INFO - [0m23:52:33
[2025-12-03T23:52:33.028+0000] {subprocess.py:93} INFO - [0m23:52:33  [32mCompleted successfully[0m
[2025-12-03T23:52:33.029+0000] {subprocess.py:93} INFO - [0m23:52:33
[2025-12-03T23:52:33.030+0000] {subprocess.py:93} INFO - [0m23:52:33  Done. PASS=4 WARN=0 ERROR=0 SKIP=0 TOTAL=4
[2025-12-03T23:52:34.003+0000] {subprocess.py:97} INFO - Command exited with return code 0
[2025-12-03T23:52:34.004+0000] {taskinstance.py:441} INFO - ::group::Post task execution logs
[2025-12-03T23:52:34.031+0000] {taskinstance.py:1206} INFO - Marking task as SUCCESS. dag_id=signalsense_daily_pipeline, task_id=dbt_run, run_id=streamlit-trigger-1764805918, execution_date=20251203T235158, start_date=20251203T235221, end_date=20251203T235234
[2025-12-03T23:52:34.085+0000] {local_task_job_runner.py:240} INFO - Task exited with return code 0
[2025-12-03T23:52:34.100+0000] {taskinstance.py:3503} INFO - 0 downstream tasks scheduled from follow-on schedule check
[2025-12-03T23:52:34.102+0000] {local_task_job_runner.py:222} INFO - ::endgroup::
