[2025-12-03T01:35:48.754+0000] {local_task_job_runner.py:120} INFO - ::group::Pre task execution logs
[2025-12-03T01:35:48.783+0000] {taskinstance.py:2076} INFO - Dependencies all met for dep_context=non-requeueable deps ti=<TaskInstance: signalsense_daily_pipeline.bq_score_new_stream scheduled__2025-12-02T00:00:00+00:00 [queued]>
[2025-12-03T01:35:48.798+0000] {taskinstance.py:2076} INFO - Dependencies all met for dep_context=requeueable deps ti=<TaskInstance: signalsense_daily_pipeline.bq_score_new_stream scheduled__2025-12-02T00:00:00+00:00 [queued]>
[2025-12-03T01:35:48.801+0000] {taskinstance.py:2306} INFO - Starting attempt 1 of 2
[2025-12-03T01:35:48.818+0000] {taskinstance.py:2330} INFO - Executing <Task(BigQueryInsertJobOperator): bq_score_new_stream> on 2025-12-02 00:00:00+00:00
[2025-12-03T01:35:48.831+0000] {standard_task_runner.py:63} INFO - Started process 344 to run task
[2025-12-03T01:35:48.843+0000] {standard_task_runner.py:90} INFO - Running: ['***', 'tasks', 'run', 'signalsense_daily_pipeline', 'bq_score_new_stream', 'scheduled__2025-12-02T00:00:00+00:00', '--job-id', '3', '--raw', '--subdir', 'DAGS_FOLDER/signalsense_pipeline.py', '--cfg-path', '/tmp/tmpiql7j0bs']
[2025-12-03T01:35:48.856+0000] {standard_task_runner.py:91} INFO - Job 3: Subtask bq_score_new_stream
[2025-12-03T01:35:48.997+0000] {task_command.py:426} INFO - Running <TaskInstance: signalsense_daily_pipeline.bq_score_new_stream scheduled__2025-12-02T00:00:00+00:00 [running]> on host a1d2402f7187
[2025-12-03T01:35:49.133+0000] {taskinstance.py:2648} INFO - Exporting env vars: AIRFLOW_CTX_DAG_OWNER='***' AIRFLOW_CTX_DAG_ID='signalsense_daily_pipeline' AIRFLOW_CTX_TASK_ID='bq_score_new_stream' AIRFLOW_CTX_EXECUTION_DATE='2025-12-02T00:00:00+00:00' AIRFLOW_CTX_TRY_NUMBER='1' AIRFLOW_CTX_DAG_RUN_ID='scheduled__2025-12-02T00:00:00+00:00'
[2025-12-03T01:35:49.136+0000] {taskinstance.py:430} INFO - ::endgroup::
[2025-12-03T01:35:49.175+0000] {connection.py:274} WARNING - Connection schemes (type: google_cloud_platform) shall not contain '_' according to RFC3986.
[2025-12-03T01:35:49.179+0000] {base.py:84} INFO - Using connection ID 'google_cloud_default' for task execution.
[2025-12-03T01:35:49.246+0000] {bigquery.py:2872} INFO - Executing: {'query': {'query': '\n                CREATE OR REPLACE TABLE `signalsense-project.signalsense.new_stream_scored` AS\n                SELECT\n                  n.*,\n                  p.predicted_sla_breached AS predicted_label,\n                  p.predicted_sla_breached_probs[OFFSET(1)] AS risk_score\n                FROM ML.PREDICT(\n                  MODEL `signalsense-project.signalsense.sla_dnn`,\n                  (\n                    SELECT\n                      issue_id,\n                      issue_text,\n                      region,\n                      channel,\n                      raw_category,\n                      topic_id,\n                      EXTRACT(HOUR      FROM created_at) AS hour,\n                      EXTRACT(DAYOFWEEK FROM created_at) AS dow\n                    FROM `signalsense-project.signalsense.new_stream_issues`\n                  )\n                ) AS p\n                JOIN `signalsense-project.signalsense.new_stream_issues` AS n\n                USING (issue_id);\n                ', 'useLegacySql': False}}'
[2025-12-03T01:35:49.248+0000] {bigquery.py:1670} INFO - Inserting job ***_signalsense_daily_pipeline_bq_score_new_stream_2025_12_02T00_00_00_00_00_a83aee2d1c6e26f27b77a25b87d59e72
[2025-12-03T01:35:54.240+0000] {taskinstance.py:441} INFO - ::group::Post task execution logs
[2025-12-03T01:35:54.300+0000] {taskinstance.py:1206} INFO - Marking task as SUCCESS. dag_id=signalsense_daily_pipeline, task_id=bq_score_new_stream, run_id=scheduled__2025-12-02T00:00:00+00:00, execution_date=20251202T000000, start_date=20251203T013548, end_date=20251203T013554
[2025-12-03T01:35:54.360+0000] {local_task_job_runner.py:240} INFO - Task exited with return code 0
[2025-12-03T01:35:54.394+0000] {taskinstance.py:3503} INFO - 1 downstream tasks scheduled from follow-on schedule check
[2025-12-03T01:35:54.397+0000] {local_task_job_runner.py:222} INFO - ::endgroup::
[2025-12-03T04:56:05.776+0000] {local_task_job_runner.py:120} INFO - ::group::Pre task execution logs
[2025-12-03T04:56:05.801+0000] {taskinstance.py:2076} INFO - Dependencies all met for dep_context=non-requeueable deps ti=<TaskInstance: signalsense_daily_pipeline.bq_score_new_stream scheduled__2025-12-02T00:00:00+00:00 [queued]>
[2025-12-03T04:56:05.813+0000] {taskinstance.py:2076} INFO - Dependencies all met for dep_context=requeueable deps ti=<TaskInstance: signalsense_daily_pipeline.bq_score_new_stream scheduled__2025-12-02T00:00:00+00:00 [queued]>
[2025-12-03T04:56:05.814+0000] {taskinstance.py:2306} INFO - Starting attempt 1 of 2
[2025-12-03T04:56:05.837+0000] {taskinstance.py:2330} INFO - Executing <Task(BigQueryInsertJobOperator): bq_score_new_stream> on 2025-12-02 00:00:00+00:00
[2025-12-03T04:56:05.852+0000] {standard_task_runner.py:63} INFO - Started process 509 to run task
[2025-12-03T04:56:05.858+0000] {standard_task_runner.py:90} INFO - Running: ['***', 'tasks', 'run', 'signalsense_daily_pipeline', 'bq_score_new_stream', 'scheduled__2025-12-02T00:00:00+00:00', '--job-id', '8', '--raw', '--subdir', 'DAGS_FOLDER/signalsense_pipeline.py', '--cfg-path', '/tmp/tmpzhiwelke']
[2025-12-03T04:56:05.862+0000] {standard_task_runner.py:91} INFO - Job 8: Subtask bq_score_new_stream
[2025-12-03T04:56:05.995+0000] {task_command.py:426} INFO - Running <TaskInstance: signalsense_daily_pipeline.bq_score_new_stream scheduled__2025-12-02T00:00:00+00:00 [running]> on host 9c45bb31d443
[2025-12-03T04:56:06.119+0000] {taskinstance.py:2648} INFO - Exporting env vars: AIRFLOW_CTX_DAG_OWNER='***' AIRFLOW_CTX_DAG_ID='signalsense_daily_pipeline' AIRFLOW_CTX_TASK_ID='bq_score_new_stream' AIRFLOW_CTX_EXECUTION_DATE='2025-12-02T00:00:00+00:00' AIRFLOW_CTX_TRY_NUMBER='1' AIRFLOW_CTX_DAG_RUN_ID='scheduled__2025-12-02T00:00:00+00:00'
[2025-12-03T04:56:06.121+0000] {taskinstance.py:430} INFO - ::endgroup::
[2025-12-03T04:56:06.158+0000] {connection.py:274} WARNING - Connection schemes (type: google_cloud_platform) shall not contain '_' according to RFC3986.
[2025-12-03T04:56:06.162+0000] {base.py:84} INFO - Using connection ID 'google_cloud_default' for task execution.
[2025-12-03T04:56:06.223+0000] {bigquery.py:2872} INFO - Executing: {'query': {'query': '\n                CREATE OR REPLACE TABLE `signalsense-project.signalsense.new_stream_scored` AS\n                SELECT\n                  n.*,\n                  p.predicted_sla_breached AS predicted_label,\n                  p.predicted_sla_breached_probs[OFFSET(1)] AS risk_score\n                FROM ML.PREDICT(\n                  MODEL `signalsense-project.signalsense.sla_dnn`,\n                  (\n                    SELECT\n                      issue_id,\n                      issue_text,\n                      region,\n                      channel,\n                      raw_category,\n                      topic_id,\n                      EXTRACT(HOUR      FROM created_at) AS hour,\n                      EXTRACT(DAYOFWEEK FROM created_at) AS dow\n                    FROM `signalsense-project.signalsense.new_stream_issues`\n                  )\n                ) AS p\n                JOIN `signalsense-project.signalsense.new_stream_issues` AS n\n                USING (issue_id);\n                ', 'useLegacySql': False}}'
[2025-12-03T04:56:06.226+0000] {bigquery.py:1670} INFO - Inserting job ***_signalsense_daily_pipeline_bq_score_new_stream_2025_12_02T00_00_00_00_00_9118474f95ea1d5a47a0bf45dc38719a
[2025-12-03T04:56:16.821+0000] {taskinstance.py:441} INFO - ::group::Post task execution logs
[2025-12-03T04:56:16.853+0000] {taskinstance.py:1206} INFO - Marking task as SUCCESS. dag_id=signalsense_daily_pipeline, task_id=bq_score_new_stream, run_id=scheduled__2025-12-02T00:00:00+00:00, execution_date=20251202T000000, start_date=20251203T045605, end_date=20251203T045616
[2025-12-03T04:56:16.920+0000] {local_task_job_runner.py:240} INFO - Task exited with return code 0
[2025-12-03T04:56:16.950+0000] {taskinstance.py:3503} INFO - 1 downstream tasks scheduled from follow-on schedule check
[2025-12-03T04:56:16.952+0000] {local_task_job_runner.py:222} INFO - ::endgroup::
[2025-12-03T05:31:15.382+0000] {local_task_job_runner.py:120} INFO - ::group::Pre task execution logs
[2025-12-03T05:31:15.401+0000] {taskinstance.py:2076} INFO - Dependencies all met for dep_context=non-requeueable deps ti=<TaskInstance: signalsense_daily_pipeline.bq_score_new_stream scheduled__2025-12-02T00:00:00+00:00 [queued]>
[2025-12-03T05:31:15.408+0000] {taskinstance.py:2076} INFO - Dependencies all met for dep_context=requeueable deps ti=<TaskInstance: signalsense_daily_pipeline.bq_score_new_stream scheduled__2025-12-02T00:00:00+00:00 [queued]>
[2025-12-03T05:31:15.408+0000] {taskinstance.py:2306} INFO - Starting attempt 1 of 2
[2025-12-03T05:31:15.419+0000] {taskinstance.py:2330} INFO - Executing <Task(BigQueryInsertJobOperator): bq_score_new_stream> on 2025-12-02 00:00:00+00:00
[2025-12-03T05:31:15.430+0000] {standard_task_runner.py:63} INFO - Started process 197 to run task
[2025-12-03T05:31:15.433+0000] {standard_task_runner.py:90} INFO - Running: ['***', 'tasks', 'run', 'signalsense_daily_pipeline', 'bq_score_new_stream', 'scheduled__2025-12-02T00:00:00+00:00', '--job-id', '4', '--raw', '--subdir', 'DAGS_FOLDER/signalsense_pipeline.py', '--cfg-path', '/tmp/tmpuopwqp7p']
[2025-12-03T05:31:15.438+0000] {standard_task_runner.py:91} INFO - Job 4: Subtask bq_score_new_stream
[2025-12-03T05:31:15.528+0000] {task_command.py:426} INFO - Running <TaskInstance: signalsense_daily_pipeline.bq_score_new_stream scheduled__2025-12-02T00:00:00+00:00 [running]> on host 0e6064538108
[2025-12-03T05:31:15.619+0000] {taskinstance.py:2648} INFO - Exporting env vars: AIRFLOW_CTX_DAG_OWNER='***' AIRFLOW_CTX_DAG_ID='signalsense_daily_pipeline' AIRFLOW_CTX_TASK_ID='bq_score_new_stream' AIRFLOW_CTX_EXECUTION_DATE='2025-12-02T00:00:00+00:00' AIRFLOW_CTX_TRY_NUMBER='1' AIRFLOW_CTX_DAG_RUN_ID='scheduled__2025-12-02T00:00:00+00:00'
[2025-12-03T05:31:15.623+0000] {taskinstance.py:430} INFO - ::endgroup::
[2025-12-03T05:31:15.650+0000] {connection.py:274} WARNING - Connection schemes (type: google_cloud_platform) shall not contain '_' according to RFC3986.
[2025-12-03T05:31:15.653+0000] {base.py:84} INFO - Using connection ID 'google_cloud_default' for task execution.
[2025-12-03T05:31:15.711+0000] {bigquery.py:2872} INFO - Executing: {'query': {'query': '\n                CREATE OR REPLACE TABLE `signalsense-project.signalsense.new_stream_scored` AS\n                SELECT\n                  n.*,\n                  p.predicted_sla_breached AS predicted_label,\n                  p.predicted_sla_breached_probs[OFFSET(1)] AS risk_score\n                FROM ML.PREDICT(\n                  MODEL `signalsense-project.signalsense.sla_dnn`,\n                  (\n                    SELECT\n                      issue_id,\n                      issue_text,\n                      region,\n                      channel,\n                      raw_category,\n                      topic_id,\n                      EXTRACT(HOUR      FROM created_at) AS hour,\n                      EXTRACT(DAYOFWEEK FROM created_at) AS dow\n                    FROM `signalsense-project.signalsense.new_stream_issues`\n                  )\n                ) AS p\n                JOIN `signalsense-project.signalsense.new_stream_issues` AS n\n                USING (issue_id);\n                ', 'useLegacySql': False}}'
[2025-12-03T05:31:15.713+0000] {bigquery.py:1670} INFO - Inserting job ***_signalsense_daily_pipeline_bq_score_new_stream_2025_12_02T00_00_00_00_00_841501a4ee2d1db53bcbb383d48644dd
[2025-12-03T05:31:18.784+0000] {taskinstance.py:441} INFO - ::group::Post task execution logs
[2025-12-03T05:31:18.813+0000] {taskinstance.py:1206} INFO - Marking task as SUCCESS. dag_id=signalsense_daily_pipeline, task_id=bq_score_new_stream, run_id=scheduled__2025-12-02T00:00:00+00:00, execution_date=20251202T000000, start_date=20251203T053115, end_date=20251203T053118
[2025-12-03T05:31:18.859+0000] {local_task_job_runner.py:240} INFO - Task exited with return code 0
[2025-12-03T05:31:18.886+0000] {taskinstance.py:3503} INFO - 1 downstream tasks scheduled from follow-on schedule check
[2025-12-03T05:31:18.889+0000] {local_task_job_runner.py:222} INFO - ::endgroup::
[2025-12-03T09:30:56.975+0000] {local_task_job_runner.py:120} INFO - ::group::Pre task execution logs
[2025-12-03T09:30:57.001+0000] {taskinstance.py:2076} INFO - Dependencies all met for dep_context=non-requeueable deps ti=<TaskInstance: signalsense_daily_pipeline.bq_score_new_stream scheduled__2025-12-02T00:00:00+00:00 [queued]>
[2025-12-03T09:30:57.011+0000] {taskinstance.py:2076} INFO - Dependencies all met for dep_context=requeueable deps ti=<TaskInstance: signalsense_daily_pipeline.bq_score_new_stream scheduled__2025-12-02T00:00:00+00:00 [queued]>
[2025-12-03T09:30:57.012+0000] {taskinstance.py:2306} INFO - Starting attempt 1 of 2
[2025-12-03T09:30:57.033+0000] {taskinstance.py:2330} INFO - Executing <Task(BigQueryInsertJobOperator): bq_score_new_stream> on 2025-12-02 00:00:00+00:00
[2025-12-03T09:30:57.046+0000] {standard_task_runner.py:63} INFO - Started process 237 to run task
[2025-12-03T09:30:57.052+0000] {standard_task_runner.py:90} INFO - Running: ['***', 'tasks', 'run', 'signalsense_daily_pipeline', 'bq_score_new_stream', 'scheduled__2025-12-02T00:00:00+00:00', '--job-id', '4', '--raw', '--subdir', 'DAGS_FOLDER/signalsense_pipeline.py', '--cfg-path', '/tmp/tmp8324hp9s']
[2025-12-03T09:30:57.058+0000] {standard_task_runner.py:91} INFO - Job 4: Subtask bq_score_new_stream
[2025-12-03T09:30:57.177+0000] {task_command.py:426} INFO - Running <TaskInstance: signalsense_daily_pipeline.bq_score_new_stream scheduled__2025-12-02T00:00:00+00:00 [running]> on host 98179ae64f3c
[2025-12-03T09:30:57.326+0000] {taskinstance.py:2648} INFO - Exporting env vars: AIRFLOW_CTX_DAG_OWNER='***' AIRFLOW_CTX_DAG_ID='signalsense_daily_pipeline' AIRFLOW_CTX_TASK_ID='bq_score_new_stream' AIRFLOW_CTX_EXECUTION_DATE='2025-12-02T00:00:00+00:00' AIRFLOW_CTX_TRY_NUMBER='1' AIRFLOW_CTX_DAG_RUN_ID='scheduled__2025-12-02T00:00:00+00:00'
[2025-12-03T09:30:57.329+0000] {taskinstance.py:430} INFO - ::endgroup::
[2025-12-03T09:30:57.374+0000] {connection.py:274} WARNING - Connection schemes (type: google_cloud_platform) shall not contain '_' according to RFC3986.
[2025-12-03T09:30:57.378+0000] {base.py:84} INFO - Using connection ID 'google_cloud_default' for task execution.
[2025-12-03T09:30:57.451+0000] {bigquery.py:2872} INFO - Executing: {'query': {'query': '\n                CREATE OR REPLACE TABLE `signalsense-project.signalsense.new_stream_scored` AS\n                SELECT\n                  n.*,\n                  p.predicted_sla_breached AS predicted_label,\n                  p.predicted_sla_breached_probs[OFFSET(1)] AS risk_score\n                FROM ML.PREDICT(\n                  MODEL `signalsense-project.signalsense.sla_dnn`,\n                  (\n                    SELECT\n                      issue_id,\n                      issue_text,\n                      region,\n                      channel,\n                      raw_category,\n                      topic_id,\n                      EXTRACT(HOUR      FROM created_at) AS hour,\n                      EXTRACT(DAYOFWEEK FROM created_at) AS dow\n                    FROM `signalsense-project.signalsense.new_stream_issues`\n                  )\n                ) AS p\n                JOIN `signalsense-project.signalsense.new_stream_issues` AS n\n                USING (issue_id);\n                ', 'useLegacySql': False}}'
[2025-12-03T09:30:57.454+0000] {bigquery.py:1670} INFO - Inserting job ***_signalsense_daily_pipeline_bq_score_new_stream_2025_12_02T00_00_00_00_00_861fa82462eecefe555d0fd929a4bdcb
[2025-12-03T09:31:01.317+0000] {taskinstance.py:441} INFO - ::group::Post task execution logs
[2025-12-03T09:31:01.362+0000] {taskinstance.py:1206} INFO - Marking task as SUCCESS. dag_id=signalsense_daily_pipeline, task_id=bq_score_new_stream, run_id=scheduled__2025-12-02T00:00:00+00:00, execution_date=20251202T000000, start_date=20251203T093057, end_date=20251203T093101
[2025-12-03T09:31:01.422+0000] {local_task_job_runner.py:240} INFO - Task exited with return code 0
[2025-12-03T09:31:01.464+0000] {taskinstance.py:3503} INFO - 1 downstream tasks scheduled from follow-on schedule check
[2025-12-03T09:31:01.468+0000] {local_task_job_runner.py:222} INFO - ::endgroup::
[2025-12-03T22:52:46.128+0000] {local_task_job_runner.py:120} INFO - ::group::Pre task execution logs
[2025-12-03T22:52:46.148+0000] {taskinstance.py:2076} INFO - Dependencies all met for dep_context=non-requeueable deps ti=<TaskInstance: signalsense_daily_pipeline.bq_score_new_stream scheduled__2025-12-02T00:00:00+00:00 [queued]>
[2025-12-03T22:52:46.156+0000] {taskinstance.py:2076} INFO - Dependencies all met for dep_context=requeueable deps ti=<TaskInstance: signalsense_daily_pipeline.bq_score_new_stream scheduled__2025-12-02T00:00:00+00:00 [queued]>
[2025-12-03T22:52:46.157+0000] {taskinstance.py:2306} INFO - Starting attempt 1 of 2
[2025-12-03T22:52:46.169+0000] {taskinstance.py:2330} INFO - Executing <Task(BigQueryInsertJobOperator): bq_score_new_stream> on 2025-12-02 00:00:00+00:00
[2025-12-03T22:52:46.179+0000] {standard_task_runner.py:63} INFO - Started process 195 to run task
[2025-12-03T22:52:46.184+0000] {standard_task_runner.py:90} INFO - Running: ['***', 'tasks', 'run', 'signalsense_daily_pipeline', 'bq_score_new_stream', 'scheduled__2025-12-02T00:00:00+00:00', '--job-id', '3', '--raw', '--subdir', 'DAGS_FOLDER/signalsense_pipeline.py', '--cfg-path', '/tmp/tmp8zg7mz1x']
[2025-12-03T22:52:46.188+0000] {standard_task_runner.py:91} INFO - Job 3: Subtask bq_score_new_stream
[2025-12-03T22:52:46.263+0000] {task_command.py:426} INFO - Running <TaskInstance: signalsense_daily_pipeline.bq_score_new_stream scheduled__2025-12-02T00:00:00+00:00 [running]> on host 27a575518531
[2025-12-03T22:52:46.358+0000] {taskinstance.py:2648} INFO - Exporting env vars: AIRFLOW_CTX_DAG_OWNER='***' AIRFLOW_CTX_DAG_ID='signalsense_daily_pipeline' AIRFLOW_CTX_TASK_ID='bq_score_new_stream' AIRFLOW_CTX_EXECUTION_DATE='2025-12-02T00:00:00+00:00' AIRFLOW_CTX_TRY_NUMBER='1' AIRFLOW_CTX_DAG_RUN_ID='scheduled__2025-12-02T00:00:00+00:00'
[2025-12-03T22:52:46.360+0000] {taskinstance.py:430} INFO - ::endgroup::
[2025-12-03T22:52:46.389+0000] {connection.py:274} WARNING - Connection schemes (type: google_cloud_platform) shall not contain '_' according to RFC3986.
[2025-12-03T22:52:46.391+0000] {base.py:84} INFO - Using connection ID 'google_cloud_default' for task execution.
[2025-12-03T22:52:46.443+0000] {bigquery.py:2872} INFO - Executing: {'query': {'query': '\n                CREATE OR REPLACE TABLE `signalsense-project.signalsense.new_stream_scored` AS\n                SELECT\n                  n.*,\n                  p.predicted_sla_breached AS predicted_label,\n                  p.predicted_sla_breached_probs[OFFSET(1)] AS risk_score\n                FROM ML.PREDICT(\n                  MODEL `signalsense-project.signalsense.sla_dnn`,\n                  (\n                    SELECT\n                      issue_id,\n                      issue_text,\n                      region,\n                      channel,\n                      raw_category,\n                      topic_id,\n                      EXTRACT(HOUR      FROM created_at) AS hour,\n                      EXTRACT(DAYOFWEEK FROM created_at) AS dow\n                    FROM `signalsense-project.signalsense.new_stream_issues`\n                  )\n                ) AS p\n                JOIN `signalsense-project.signalsense.new_stream_issues` AS n\n                USING (issue_id);\n                ', 'useLegacySql': False}}'
[2025-12-03T22:52:46.445+0000] {bigquery.py:1670} INFO - Inserting job ***_signalsense_daily_pipeline_bq_score_new_stream_2025_12_02T00_00_00_00_00_d7cd78ada80d3b96ac89b2b0145962d1
[2025-12-03T22:52:49.833+0000] {taskinstance.py:441} INFO - ::group::Post task execution logs
[2025-12-03T22:52:49.857+0000] {taskinstance.py:1206} INFO - Marking task as SUCCESS. dag_id=signalsense_daily_pipeline, task_id=bq_score_new_stream, run_id=scheduled__2025-12-02T00:00:00+00:00, execution_date=20251202T000000, start_date=20251203T225246, end_date=20251203T225249
[2025-12-03T22:52:49.904+0000] {local_task_job_runner.py:240} INFO - Task exited with return code 0
[2025-12-03T22:52:49.928+0000] {taskinstance.py:3503} INFO - 1 downstream tasks scheduled from follow-on schedule check
[2025-12-03T22:52:49.930+0000] {local_task_job_runner.py:222} INFO - ::endgroup::
