[2025-12-03T03:37:07.954+0000] {local_task_job_runner.py:120} INFO - ::group::Pre task execution logs
[2025-12-03T03:37:07.987+0000] {taskinstance.py:2076} INFO - Dependencies all met for dep_context=non-requeueable deps ti=<TaskInstance: signalsense_daily_pipeline.bq_new_stream_issues manual__2025-12-03T03:31:58.073349+00:00 [queued]>
[2025-12-03T03:37:08.002+0000] {taskinstance.py:2076} INFO - Dependencies all met for dep_context=requeueable deps ti=<TaskInstance: signalsense_daily_pipeline.bq_new_stream_issues manual__2025-12-03T03:31:58.073349+00:00 [queued]>
[2025-12-03T03:37:08.004+0000] {taskinstance.py:2306} INFO - Starting attempt 2 of 2
[2025-12-03T03:37:08.030+0000] {taskinstance.py:2330} INFO - Executing <Task(BigQueryInsertJobOperator): bq_new_stream_issues> on 2025-12-03 03:31:58.073349+00:00
[2025-12-03T03:37:08.047+0000] {standard_task_runner.py:63} INFO - Started process 240 to run task
[2025-12-03T03:37:08.057+0000] {standard_task_runner.py:90} INFO - Running: ['***', 'tasks', 'run', 'signalsense_daily_pipeline', 'bq_new_stream_issues', 'manual__2025-12-03T03:31:58.073349+00:00', '--job-id', '5', '--raw', '--subdir', 'DAGS_FOLDER/signalsense_pipeline.py', '--cfg-path', '/tmp/tmp_wvs_kfq']
[2025-12-03T03:37:08.065+0000] {standard_task_runner.py:91} INFO - Job 5: Subtask bq_new_stream_issues
[2025-12-03T03:37:08.226+0000] {task_command.py:426} INFO - Running <TaskInstance: signalsense_daily_pipeline.bq_new_stream_issues manual__2025-12-03T03:31:58.073349+00:00 [running]> on host 14b52b859426
[2025-12-03T03:37:08.421+0000] {taskinstance.py:2648} INFO - Exporting env vars: AIRFLOW_CTX_DAG_OWNER='***' AIRFLOW_CTX_DAG_ID='signalsense_daily_pipeline' AIRFLOW_CTX_TASK_ID='bq_new_stream_issues' AIRFLOW_CTX_EXECUTION_DATE='2025-12-03T03:31:58.073349+00:00' AIRFLOW_CTX_TRY_NUMBER='2' AIRFLOW_CTX_DAG_RUN_ID='manual__2025-12-03T03:31:58.073349+00:00'
[2025-12-03T03:37:08.425+0000] {taskinstance.py:430} INFO - ::endgroup::
[2025-12-03T03:37:08.482+0000] {taskinstance.py:441} INFO - ::group::Post task execution logs
[2025-12-03T03:37:08.505+0000] {taskinstance.py:2905} ERROR - Task failed with exception
Traceback (most recent call last):
  File "/home/airflow/.local/lib/python3.11/site-packages/airflow/models/taskinstance.py", line 465, in _execute_task
    result = _execute_callable(context=context, **execute_callable_kwargs)
             ^^^^^^^^^^^^^^^^^^^^^^^^^^^^^^^^^^^^^^^^^^^^^^^^^^^^^^^^^^^^^
  File "/home/airflow/.local/lib/python3.11/site-packages/airflow/models/taskinstance.py", line 432, in _execute_callable
    return execute_callable(context=context, **execute_callable_kwargs)
           ^^^^^^^^^^^^^^^^^^^^^^^^^^^^^^^^^^^^^^^^^^^^^^^^^^^^^^^^^^^^
  File "/home/airflow/.local/lib/python3.11/site-packages/airflow/models/baseoperator.py", line 401, in wrapper
    return func(self, *args, **kwargs)
           ^^^^^^^^^^^^^^^^^^^^^^^^^^^
  File "/home/airflow/.local/lib/python3.11/site-packages/airflow/providers/google/cloud/operators/bigquery.py", line 2854, in execute
    hook = BigQueryHook(
           ^^^^^^^^^^^^^
  File "/home/airflow/.local/lib/python3.11/site-packages/airflow/providers/google/cloud/hooks/bigquery.py", line 166, in __init__
    super().__init__(**kwargs)
  File "/home/airflow/.local/lib/python3.11/site-packages/airflow/providers/google/common/hooks/base_google.py", line 274, in __init__
    self.extras: dict = self.get_connection(self.gcp_conn_id).extra_dejson
                        ^^^^^^^^^^^^^^^^^^^^^^^^^^^^^^^^^^^^^
  File "/home/airflow/.local/lib/python3.11/site-packages/airflow/hooks/base.py", line 83, in get_connection
    conn = Connection.get_connection_from_secrets(conn_id)
           ^^^^^^^^^^^^^^^^^^^^^^^^^^^^^^^^^^^^^^^^^^^^^^^
  File "/home/airflow/.local/lib/python3.11/site-packages/airflow/models/connection.py", line 519, in get_connection_from_secrets
    raise AirflowNotFoundException(f"The conn_id `{conn_id}` isn't defined")
airflow.exceptions.AirflowNotFoundException: The conn_id `google_cloud_default` isn't defined
[2025-12-03T03:37:08.518+0000] {taskinstance.py:1206} INFO - Marking task as FAILED. dag_id=signalsense_daily_pipeline, task_id=bq_new_stream_issues, run_id=manual__2025-12-03T03:31:58.073349+00:00, execution_date=20251203T033158, start_date=20251203T033707, end_date=20251203T033708
[2025-12-03T03:37:08.552+0000] {standard_task_runner.py:110} ERROR - Failed to execute job 5 for task bq_new_stream_issues (The conn_id `google_cloud_default` isn't defined; 240)
[2025-12-03T03:37:08.599+0000] {local_task_job_runner.py:240} INFO - Task exited with return code 1
[2025-12-03T03:37:08.649+0000] {taskinstance.py:3503} INFO - 0 downstream tasks scheduled from follow-on schedule check
[2025-12-03T03:37:08.658+0000] {local_task_job_runner.py:222} INFO - ::endgroup::
