[2025-12-04T00:38:25.058+0000] {local_task_job_runner.py:120} INFO - ::group::Pre task execution logs
[2025-12-04T00:38:25.078+0000] {taskinstance.py:2076} INFO - Dependencies all met for dep_context=non-requeueable deps ti=<TaskInstance: signalsense_daily_pipeline.bq_append_to_issues_scored streamlit-trigger-1764808685 [queued]>
[2025-12-04T00:38:25.089+0000] {taskinstance.py:2076} INFO - Dependencies all met for dep_context=requeueable deps ti=<TaskInstance: signalsense_daily_pipeline.bq_append_to_issues_scored streamlit-trigger-1764808685 [queued]>
[2025-12-04T00:38:25.090+0000] {taskinstance.py:2306} INFO - Starting attempt 1 of 2
[2025-12-04T00:38:25.104+0000] {taskinstance.py:2330} INFO - Executing <Task(BigQueryInsertJobOperator): bq_append_to_issues_scored> on 2025-12-04 00:38:05.793631+00:00
[2025-12-04T00:38:25.118+0000] {standard_task_runner.py:63} INFO - Started process 1408 to run task
[2025-12-04T00:38:25.124+0000] {standard_task_runner.py:90} INFO - Running: ['***', 'tasks', 'run', 'signalsense_daily_pipeline', 'bq_append_to_issues_scored', 'streamlit-trigger-1764808685', '--job-id', '24', '--raw', '--subdir', 'DAGS_FOLDER/signalsense_pipeline.py', '--cfg-path', '/tmp/tmp4qgx9rlc']
[2025-12-04T00:38:25.129+0000] {standard_task_runner.py:91} INFO - Job 24: Subtask bq_append_to_issues_scored
[2025-12-04T00:38:25.227+0000] {task_command.py:426} INFO - Running <TaskInstance: signalsense_daily_pipeline.bq_append_to_issues_scored streamlit-trigger-1764808685 [running]> on host 27a575518531
[2025-12-04T00:38:25.363+0000] {taskinstance.py:2648} INFO - Exporting env vars: AIRFLOW_CTX_DAG_OWNER='***' AIRFLOW_CTX_DAG_ID='signalsense_daily_pipeline' AIRFLOW_CTX_TASK_ID='bq_append_to_issues_scored' AIRFLOW_CTX_EXECUTION_DATE='2025-12-04T00:38:05.793631+00:00' AIRFLOW_CTX_TRY_NUMBER='1' AIRFLOW_CTX_DAG_RUN_ID='streamlit-trigger-1764808685'
[2025-12-04T00:38:25.369+0000] {taskinstance.py:430} INFO - ::endgroup::
[2025-12-04T00:38:25.402+0000] {connection.py:274} WARNING - Connection schemes (type: google_cloud_platform) shall not contain '_' according to RFC3986.
[2025-12-04T00:38:25.405+0000] {base.py:84} INFO - Using connection ID 'google_cloud_default' for task execution.
[2025-12-04T00:38:25.472+0000] {bigquery.py:2872} INFO - Executing: {'query': {'query': '\n                INSERT INTO `signalsense-project.signalsense.issues_scored`\n                SELECT *\n                FROM `signalsense-project.signalsense.new_stream_scored`;\n                ', 'useLegacySql': False}}'
[2025-12-04T00:38:25.475+0000] {bigquery.py:1670} INFO - Inserting job ***_signalsense_daily_pipeline_bq_append_to_issues_scored_2025_12_04T00_38_05_793631_00_00_f1f144bc26d51a2f2867fe12de03adba
[2025-12-04T00:38:27.412+0000] {taskinstance.py:441} INFO - ::group::Post task execution logs
[2025-12-04T00:38:27.449+0000] {taskinstance.py:1206} INFO - Marking task as SUCCESS. dag_id=signalsense_daily_pipeline, task_id=bq_append_to_issues_scored, run_id=streamlit-trigger-1764808685, execution_date=20251204T003805, start_date=20251204T003825, end_date=20251204T003827
[2025-12-04T00:38:27.505+0000] {local_task_job_runner.py:240} INFO - Task exited with return code 0
[2025-12-04T00:38:27.542+0000] {taskinstance.py:3503} INFO - 1 downstream tasks scheduled from follow-on schedule check
[2025-12-04T00:38:27.545+0000] {local_task_job_runner.py:222} INFO - ::endgroup::
