[2025-12-03T11:50:53.054+0000] {local_task_job_runner.py:120} INFO - ::group::Pre task execution logs
[2025-12-03T11:50:53.093+0000] {taskinstance.py:2076} INFO - Dependencies all met for dep_context=non-requeueable deps ti=<TaskInstance: signalsense_daily_pipeline.dbt_run streamlit-trigger-1764762627 [queued]>
[2025-12-03T11:50:53.111+0000] {taskinstance.py:2076} INFO - Dependencies all met for dep_context=requeueable deps ti=<TaskInstance: signalsense_daily_pipeline.dbt_run streamlit-trigger-1764762627 [queued]>
[2025-12-03T11:50:53.113+0000] {taskinstance.py:2306} INFO - Starting attempt 1 of 2
[2025-12-03T11:50:53.133+0000] {taskinstance.py:2330} INFO - Executing <Task(BashOperator): dbt_run> on 2025-12-03 11:50:27.945479+00:00
[2025-12-03T11:50:53.148+0000] {standard_task_runner.py:63} INFO - Started process 1951 to run task
[2025-12-03T11:50:53.156+0000] {standard_task_runner.py:90} INFO - Running: ['***', 'tasks', 'run', 'signalsense_daily_pipeline', 'dbt_run', 'streamlit-trigger-1764762627', '--job-id', '42', '--raw', '--subdir', 'DAGS_FOLDER/signalsense_pipeline.py', '--cfg-path', '/tmp/tmp44w8tsie']
[2025-12-03T11:50:53.161+0000] {standard_task_runner.py:91} INFO - Job 42: Subtask dbt_run
[2025-12-03T11:50:53.271+0000] {task_command.py:426} INFO - Running <TaskInstance: signalsense_daily_pipeline.dbt_run streamlit-trigger-1764762627 [running]> on host 98179ae64f3c
[2025-12-03T11:50:53.411+0000] {taskinstance.py:2648} INFO - Exporting env vars: AIRFLOW_CTX_DAG_OWNER='***' AIRFLOW_CTX_DAG_ID='signalsense_daily_pipeline' AIRFLOW_CTX_TASK_ID='dbt_run' AIRFLOW_CTX_EXECUTION_DATE='2025-12-03T11:50:27.945479+00:00' AIRFLOW_CTX_TRY_NUMBER='1' AIRFLOW_CTX_DAG_RUN_ID='streamlit-trigger-1764762627'
[2025-12-03T11:50:53.415+0000] {taskinstance.py:430} INFO - ::endgroup::
[2025-12-03T11:50:53.439+0000] {subprocess.py:63} INFO - Tmp dir root location: /tmp
[2025-12-03T11:50:53.443+0000] {subprocess.py:75} INFO - Running command: ['/usr/bin/bash', '-c', '\n        cd /opt/***/dags/signalsense_dbt && dbt run\n        ']
[2025-12-03T11:50:53.469+0000] {subprocess.py:86} INFO - Output:
[2025-12-03T11:50:56.535+0000] {subprocess.py:93} INFO - [0m11:50:56  Running with dbt=1.9.0
[2025-12-03T11:50:58.193+0000] {subprocess.py:93} INFO - [0m11:50:58  Registered adapter: bigquery=1.9.0
[2025-12-03T11:50:59.054+0000] {subprocess.py:93} INFO - [0m11:50:59  Found 4 models, 4 data tests, 1 source, 492 macros
[2025-12-03T11:50:59.059+0000] {subprocess.py:93} INFO - [0m11:50:59
[2025-12-03T11:50:59.061+0000] {subprocess.py:93} INFO - [0m11:50:59  Concurrency: 4 threads (target='dev')
[2025-12-03T11:50:59.062+0000] {subprocess.py:93} INFO - [0m11:50:59
[2025-12-03T11:51:00.789+0000] {subprocess.py:93} INFO - [0m11:51:00  1 of 4 START sql table model signalsense_dbt.my_first_dbt_model ................ [RUN]
[2025-12-03T11:51:00.791+0000] {subprocess.py:93} INFO - [0m11:51:00  2 of 4 START sql view model signalsense_dbt.stg_issues ......................... [RUN]
[2025-12-03T11:51:02.340+0000] {subprocess.py:93} INFO - [0m11:51:02  2 of 4 OK created sql view model signalsense_dbt.stg_issues .................... [[32mCREATE VIEW (0 processed)[0m in 1.54s]
[2025-12-03T11:51:02.350+0000] {subprocess.py:93} INFO - [0m11:51:02  3 of 4 START sql table model signalsense_dbt.mart_issues_by_region_day ......... [RUN]
[2025-12-03T11:51:03.348+0000] {subprocess.py:93} INFO - [0m11:51:03  1 of 4 OK created sql table model signalsense_dbt.my_first_dbt_model ........... [[32mCREATE TABLE (2.0 rows, 0 processed)[0m in 2.55s]
[2025-12-03T11:51:03.355+0000] {subprocess.py:93} INFO - [0m11:51:03  4 of 4 START sql view model signalsense_dbt.my_second_dbt_model ................ [RUN]
[2025-12-03T11:51:04.789+0000] {subprocess.py:93} INFO - [0m11:51:04  4 of 4 OK created sql view model signalsense_dbt.my_second_dbt_model ........... [[32mCREATE VIEW (0 processed)[0m in 1.42s]
[2025-12-03T11:51:05.965+0000] {subprocess.py:93} INFO - [0m11:51:05  3 of 4 OK created sql table model signalsense_dbt.mart_issues_by_region_day .... [[32mCREATE TABLE (185.0 rows, 54.8 MiB processed)[0m in 3.61s]
[2025-12-03T11:51:06.042+0000] {subprocess.py:93} INFO - [0m11:51:06
[2025-12-03T11:51:06.044+0000] {subprocess.py:93} INFO - [0m11:51:06  Finished running 2 table models, 2 view models in 0 hours 0 minutes and 6.98 seconds (6.98s).
[2025-12-03T11:51:06.151+0000] {subprocess.py:93} INFO - [0m11:51:06
[2025-12-03T11:51:06.153+0000] {subprocess.py:93} INFO - [0m11:51:06  [32mCompleted successfully[0m
[2025-12-03T11:51:06.155+0000] {subprocess.py:93} INFO - [0m11:51:06
[2025-12-03T11:51:06.157+0000] {subprocess.py:93} INFO - [0m11:51:06  Done. PASS=4 WARN=0 ERROR=0 SKIP=0 TOTAL=4
[2025-12-03T11:51:07.477+0000] {subprocess.py:97} INFO - Command exited with return code 0
[2025-12-03T11:51:07.478+0000] {taskinstance.py:441} INFO - ::group::Post task execution logs
[2025-12-03T11:51:07.520+0000] {taskinstance.py:1206} INFO - Marking task as SUCCESS. dag_id=signalsense_daily_pipeline, task_id=dbt_run, run_id=streamlit-trigger-1764762627, execution_date=20251203T115027, start_date=20251203T115053, end_date=20251203T115107
[2025-12-03T11:51:07.578+0000] {local_task_job_runner.py:240} INFO - Task exited with return code 0
[2025-12-03T11:51:07.600+0000] {taskinstance.py:3503} INFO - 0 downstream tasks scheduled from follow-on schedule check
[2025-12-03T11:51:07.604+0000] {local_task_job_runner.py:222} INFO - ::endgroup::
