[2025-12-03T09:34:41.461+0000] {local_task_job_runner.py:120} INFO - ::group::Pre task execution logs
[2025-12-03T09:34:41.489+0000] {taskinstance.py:2076} INFO - Dependencies all met for dep_context=non-requeueable deps ti=<TaskInstance: signalsense_daily_pipeline.bq_score_new_stream streamlit-trigger-1764754470 [queued]>
[2025-12-03T09:34:41.503+0000] {taskinstance.py:2076} INFO - Dependencies all met for dep_context=requeueable deps ti=<TaskInstance: signalsense_daily_pipeline.bq_score_new_stream streamlit-trigger-1764754470 [queued]>
[2025-12-03T09:34:41.504+0000] {taskinstance.py:2306} INFO - Starting attempt 1 of 2
[2025-12-03T09:34:41.521+0000] {taskinstance.py:2330} INFO - Executing <Task(BigQueryInsertJobOperator): bq_score_new_stream> on 2025-12-03 09:34:30.936063+00:00
[2025-12-03T09:34:41.544+0000] {standard_task_runner.py:63} INFO - Started process 389 to run task
[2025-12-03T09:34:41.551+0000] {standard_task_runner.py:90} INFO - Running: ['***', 'tasks', 'run', 'signalsense_daily_pipeline', 'bq_score_new_stream', 'streamlit-trigger-1764754470', '--job-id', '17', '--raw', '--subdir', 'DAGS_FOLDER/signalsense_pipeline.py', '--cfg-path', '/tmp/tmp7v4_9xnx']
[2025-12-03T09:34:41.558+0000] {standard_task_runner.py:91} INFO - Job 17: Subtask bq_score_new_stream
[2025-12-03T09:34:41.675+0000] {task_command.py:426} INFO - Running <TaskInstance: signalsense_daily_pipeline.bq_score_new_stream streamlit-trigger-1764754470 [running]> on host 98179ae64f3c
[2025-12-03T09:34:41.826+0000] {taskinstance.py:2648} INFO - Exporting env vars: AIRFLOW_CTX_DAG_OWNER='***' AIRFLOW_CTX_DAG_ID='signalsense_daily_pipeline' AIRFLOW_CTX_TASK_ID='bq_score_new_stream' AIRFLOW_CTX_EXECUTION_DATE='2025-12-03T09:34:30.936063+00:00' AIRFLOW_CTX_TRY_NUMBER='1' AIRFLOW_CTX_DAG_RUN_ID='streamlit-trigger-1764754470'
[2025-12-03T09:34:41.833+0000] {taskinstance.py:430} INFO - ::endgroup::
[2025-12-03T09:34:41.872+0000] {connection.py:274} WARNING - Connection schemes (type: google_cloud_platform) shall not contain '_' according to RFC3986.
[2025-12-03T09:34:41.876+0000] {base.py:84} INFO - Using connection ID 'google_cloud_default' for task execution.
[2025-12-03T09:34:41.961+0000] {bigquery.py:2872} INFO - Executing: {'query': {'query': '\n                CREATE OR REPLACE TABLE `signalsense-project.signalsense.new_stream_scored` AS\n                SELECT\n                  n.*,\n                  p.predicted_sla_breached AS predicted_label,\n                  p.predicted_sla_breached_probs[OFFSET(1)] AS risk_score\n                FROM ML.PREDICT(\n                  MODEL `signalsense-project.signalsense.sla_dnn`,\n                  (\n                    SELECT\n                      issue_id,\n                      issue_text,\n                      region,\n                      channel,\n                      raw_category,\n                      topic_id,\n                      EXTRACT(HOUR      FROM created_at) AS hour,\n                      EXTRACT(DAYOFWEEK FROM created_at) AS dow\n                    FROM `signalsense-project.signalsense.new_stream_issues`\n                  )\n                ) AS p\n                JOIN `signalsense-project.signalsense.new_stream_issues` AS n\n                USING (issue_id);\n                ', 'useLegacySql': False}}'
[2025-12-03T09:34:41.964+0000] {bigquery.py:1670} INFO - Inserting job ***_signalsense_daily_pipeline_bq_score_new_stream_2025_12_03T09_34_30_936063_00_00_0eb58bc76cd1c6cf821e05183076c963
[2025-12-03T09:34:45.840+0000] {taskinstance.py:441} INFO - ::group::Post task execution logs
[2025-12-03T09:34:45.870+0000] {taskinstance.py:1206} INFO - Marking task as SUCCESS. dag_id=signalsense_daily_pipeline, task_id=bq_score_new_stream, run_id=streamlit-trigger-1764754470, execution_date=20251203T093430, start_date=20251203T093441, end_date=20251203T093445
[2025-12-03T09:34:45.926+0000] {local_task_job_runner.py:240} INFO - Task exited with return code 0
[2025-12-03T09:34:45.968+0000] {taskinstance.py:3503} INFO - 1 downstream tasks scheduled from follow-on schedule check
[2025-12-03T09:34:45.972+0000] {local_task_job_runner.py:222} INFO - ::endgroup::
