[2025-12-03T09:33:45.937+0000] {local_task_job_runner.py:120} INFO - ::group::Pre task execution logs
[2025-12-03T09:33:45.959+0000] {taskinstance.py:2076} INFO - Dependencies all met for dep_context=non-requeueable deps ti=<TaskInstance: signalsense_daily_pipeline.bq_append_to_issues_scored streamlit-trigger-1764754409 [queued]>
[2025-12-03T09:33:45.970+0000] {taskinstance.py:2076} INFO - Dependencies all met for dep_context=requeueable deps ti=<TaskInstance: signalsense_daily_pipeline.bq_append_to_issues_scored streamlit-trigger-1764754409 [queued]>
[2025-12-03T09:33:45.972+0000] {taskinstance.py:2306} INFO - Starting attempt 1 of 2
[2025-12-03T09:33:45.987+0000] {taskinstance.py:2330} INFO - Executing <Task(BigQueryInsertJobOperator): bq_append_to_issues_scored> on 2025-12-03 09:33:29.273935+00:00
[2025-12-03T09:33:45.999+0000] {standard_task_runner.py:63} INFO - Started process 339 to run task
[2025-12-03T09:33:46.008+0000] {standard_task_runner.py:90} INFO - Running: ['***', 'tasks', 'run', 'signalsense_daily_pipeline', 'bq_append_to_issues_scored', 'streamlit-trigger-1764754409', '--job-id', '13', '--raw', '--subdir', 'DAGS_FOLDER/signalsense_pipeline.py', '--cfg-path', '/tmp/tmps_k5m8ix']
[2025-12-03T09:33:46.016+0000] {standard_task_runner.py:91} INFO - Job 13: Subtask bq_append_to_issues_scored
[2025-12-03T09:33:46.153+0000] {task_command.py:426} INFO - Running <TaskInstance: signalsense_daily_pipeline.bq_append_to_issues_scored streamlit-trigger-1764754409 [running]> on host 98179ae64f3c
[2025-12-03T09:33:46.339+0000] {taskinstance.py:2648} INFO - Exporting env vars: AIRFLOW_CTX_DAG_OWNER='***' AIRFLOW_CTX_DAG_ID='signalsense_daily_pipeline' AIRFLOW_CTX_TASK_ID='bq_append_to_issues_scored' AIRFLOW_CTX_EXECUTION_DATE='2025-12-03T09:33:29.273935+00:00' AIRFLOW_CTX_TRY_NUMBER='1' AIRFLOW_CTX_DAG_RUN_ID='streamlit-trigger-1764754409'
[2025-12-03T09:33:46.345+0000] {taskinstance.py:430} INFO - ::endgroup::
[2025-12-03T09:33:46.388+0000] {connection.py:274} WARNING - Connection schemes (type: google_cloud_platform) shall not contain '_' according to RFC3986.
[2025-12-03T09:33:46.393+0000] {base.py:84} INFO - Using connection ID 'google_cloud_default' for task execution.
[2025-12-03T09:33:46.481+0000] {bigquery.py:2872} INFO - Executing: {'query': {'query': '\n                INSERT INTO `signalsense-project.signalsense.issues_scored`\n                SELECT *\n                FROM `signalsense-project.signalsense.new_stream_scored`;\n                ', 'useLegacySql': False}}'
[2025-12-03T09:33:46.487+0000] {bigquery.py:1670} INFO - Inserting job ***_signalsense_daily_pipeline_bq_append_to_issues_scored_2025_12_03T09_33_29_273935_00_00_e52336b3c09b3c78608bd28a95018fde
[2025-12-03T09:33:48.867+0000] {taskinstance.py:441} INFO - ::group::Post task execution logs
[2025-12-03T09:33:48.901+0000] {taskinstance.py:1206} INFO - Marking task as SUCCESS. dag_id=signalsense_daily_pipeline, task_id=bq_append_to_issues_scored, run_id=streamlit-trigger-1764754409, execution_date=20251203T093329, start_date=20251203T093345, end_date=20251203T093348
[2025-12-03T09:33:48.978+0000] {local_task_job_runner.py:240} INFO - Task exited with return code 0
[2025-12-03T09:33:49.011+0000] {taskinstance.py:3503} INFO - 1 downstream tasks scheduled from follow-on schedule check
[2025-12-03T09:33:49.016+0000] {local_task_job_runner.py:222} INFO - ::endgroup::
