[2025-12-03T02:02:48.361+0000] {local_task_job_runner.py:120} INFO - ::group::Pre task execution logs
[2025-12-03T02:02:48.380+0000] {taskinstance.py:2076} INFO - Dependencies all met for dep_context=non-requeueable deps ti=<TaskInstance: signalsense_daily_pipeline.bq_new_stream_issues manual__2025-12-03T02:02:44.214190+00:00 [queued]>
[2025-12-03T02:02:48.389+0000] {taskinstance.py:2076} INFO - Dependencies all met for dep_context=requeueable deps ti=<TaskInstance: signalsense_daily_pipeline.bq_new_stream_issues manual__2025-12-03T02:02:44.214190+00:00 [queued]>
[2025-12-03T02:02:48.390+0000] {taskinstance.py:2306} INFO - Starting attempt 1 of 2
[2025-12-03T02:02:48.404+0000] {taskinstance.py:2330} INFO - Executing <Task(BigQueryInsertJobOperator): bq_new_stream_issues> on 2025-12-03 02:02:44.214190+00:00
[2025-12-03T02:02:48.414+0000] {standard_task_runner.py:63} INFO - Started process 204 to run task
[2025-12-03T02:02:48.419+0000] {standard_task_runner.py:90} INFO - Running: ['***', 'tasks', 'run', 'signalsense_daily_pipeline', 'bq_new_stream_issues', 'manual__2025-12-03T02:02:44.214190+00:00', '--job-id', '3', '--raw', '--subdir', 'DAGS_FOLDER/signalsense_pipeline.py', '--cfg-path', '/tmp/tmpiv8k7997']
[2025-12-03T02:02:48.424+0000] {standard_task_runner.py:91} INFO - Job 3: Subtask bq_new_stream_issues
[2025-12-03T02:02:48.515+0000] {task_command.py:426} INFO - Running <TaskInstance: signalsense_daily_pipeline.bq_new_stream_issues manual__2025-12-03T02:02:44.214190+00:00 [running]> on host cf7c287101fd
[2025-12-03T02:02:48.631+0000] {taskinstance.py:2648} INFO - Exporting env vars: AIRFLOW_CTX_DAG_OWNER='***' AIRFLOW_CTX_DAG_ID='signalsense_daily_pipeline' AIRFLOW_CTX_TASK_ID='bq_new_stream_issues' AIRFLOW_CTX_EXECUTION_DATE='2025-12-03T02:02:44.214190+00:00' AIRFLOW_CTX_TRY_NUMBER='1' AIRFLOW_CTX_DAG_RUN_ID='manual__2025-12-03T02:02:44.214190+00:00'
[2025-12-03T02:02:48.633+0000] {taskinstance.py:430} INFO - ::endgroup::
[2025-12-03T02:02:48.667+0000] {taskinstance.py:441} INFO - ::group::Post task execution logs
[2025-12-03T02:02:48.684+0000] {taskinstance.py:2905} ERROR - Task failed with exception
Traceback (most recent call last):
  File "/home/airflow/.local/lib/python3.11/site-packages/airflow/models/taskinstance.py", line 465, in _execute_task
    result = _execute_callable(context=context, **execute_callable_kwargs)
             ^^^^^^^^^^^^^^^^^^^^^^^^^^^^^^^^^^^^^^^^^^^^^^^^^^^^^^^^^^^^^
  File "/home/airflow/.local/lib/python3.11/site-packages/airflow/models/taskinstance.py", line 432, in _execute_callable
    return execute_callable(context=context, **execute_callable_kwargs)
           ^^^^^^^^^^^^^^^^^^^^^^^^^^^^^^^^^^^^^^^^^^^^^^^^^^^^^^^^^^^^
  File "/home/airflow/.local/lib/python3.11/site-packages/airflow/models/baseoperator.py", line 401, in wrapper
    return func(self, *args, **kwargs)
           ^^^^^^^^^^^^^^^^^^^^^^^^^^^
  File "/home/airflow/.local/lib/python3.11/site-packages/airflow/providers/google/cloud/operators/bigquery.py", line 2854, in execute
    hook = BigQueryHook(
           ^^^^^^^^^^^^^
  File "/home/airflow/.local/lib/python3.11/site-packages/airflow/providers/google/cloud/hooks/bigquery.py", line 166, in __init__
    super().__init__(**kwargs)
  File "/home/airflow/.local/lib/python3.11/site-packages/airflow/providers/google/common/hooks/base_google.py", line 274, in __init__
    self.extras: dict = self.get_connection(self.gcp_conn_id).extra_dejson
                        ^^^^^^^^^^^^^^^^^^^^^^^^^^^^^^^^^^^^^
  File "/home/airflow/.local/lib/python3.11/site-packages/airflow/hooks/base.py", line 83, in get_connection
    conn = Connection.get_connection_from_secrets(conn_id)
           ^^^^^^^^^^^^^^^^^^^^^^^^^^^^^^^^^^^^^^^^^^^^^^^
  File "/home/airflow/.local/lib/python3.11/site-packages/airflow/models/connection.py", line 519, in get_connection_from_secrets
    raise AirflowNotFoundException(f"The conn_id `{conn_id}` isn't defined")
airflow.exceptions.AirflowNotFoundException: The conn_id `google_cloud_default` isn't defined
[2025-12-03T02:02:48.696+0000] {taskinstance.py:1206} INFO - Marking task as UP_FOR_RETRY. dag_id=signalsense_daily_pipeline, task_id=bq_new_stream_issues, run_id=manual__2025-12-03T02:02:44.214190+00:00, execution_date=20251203T020244, start_date=20251203T020248, end_date=20251203T020248
[2025-12-03T02:02:48.711+0000] {standard_task_runner.py:110} ERROR - Failed to execute job 3 for task bq_new_stream_issues (The conn_id `google_cloud_default` isn't defined; 204)
[2025-12-03T02:02:48.755+0000] {local_task_job_runner.py:240} INFO - Task exited with return code 1
[2025-12-03T02:02:48.785+0000] {taskinstance.py:3503} INFO - 0 downstream tasks scheduled from follow-on schedule check
[2025-12-03T02:02:48.794+0000] {local_task_job_runner.py:222} INFO - ::endgroup::
