[2025-12-03T09:34:34.265+0000] {local_task_job_runner.py:120} INFO - ::group::Pre task execution logs
[2025-12-03T09:34:34.300+0000] {taskinstance.py:2076} INFO - Dependencies all met for dep_context=non-requeueable deps ti=<TaskInstance: signalsense_daily_pipeline.bq_new_stream_issues streamlit-trigger-1764754470 [queued]>
[2025-12-03T09:34:34.319+0000] {taskinstance.py:2076} INFO - Dependencies all met for dep_context=requeueable deps ti=<TaskInstance: signalsense_daily_pipeline.bq_new_stream_issues streamlit-trigger-1764754470 [queued]>
[2025-12-03T09:34:34.320+0000] {taskinstance.py:2306} INFO - Starting attempt 1 of 2
[2025-12-03T09:34:34.342+0000] {taskinstance.py:2330} INFO - Executing <Task(BigQueryInsertJobOperator): bq_new_stream_issues> on 2025-12-03 09:34:30.936063+00:00
[2025-12-03T09:34:34.359+0000] {standard_task_runner.py:63} INFO - Started process 383 to run task
[2025-12-03T09:34:34.366+0000] {standard_task_runner.py:90} INFO - Running: ['***', 'tasks', 'run', 'signalsense_daily_pipeline', 'bq_new_stream_issues', 'streamlit-trigger-1764754470', '--job-id', '16', '--raw', '--subdir', 'DAGS_FOLDER/signalsense_pipeline.py', '--cfg-path', '/tmp/tmpnx5mhz0v']
[2025-12-03T09:34:34.373+0000] {standard_task_runner.py:91} INFO - Job 16: Subtask bq_new_stream_issues
[2025-12-03T09:34:34.502+0000] {task_command.py:426} INFO - Running <TaskInstance: signalsense_daily_pipeline.bq_new_stream_issues streamlit-trigger-1764754470 [running]> on host 98179ae64f3c
[2025-12-03T09:34:34.667+0000] {taskinstance.py:2648} INFO - Exporting env vars: AIRFLOW_CTX_DAG_OWNER='***' AIRFLOW_CTX_DAG_ID='signalsense_daily_pipeline' AIRFLOW_CTX_TASK_ID='bq_new_stream_issues' AIRFLOW_CTX_EXECUTION_DATE='2025-12-03T09:34:30.936063+00:00' AIRFLOW_CTX_TRY_NUMBER='1' AIRFLOW_CTX_DAG_RUN_ID='streamlit-trigger-1764754470'
[2025-12-03T09:34:34.672+0000] {taskinstance.py:430} INFO - ::endgroup::
[2025-12-03T09:34:34.713+0000] {connection.py:274} WARNING - Connection schemes (type: google_cloud_platform) shall not contain '_' according to RFC3986.
[2025-12-03T09:34:34.718+0000] {base.py:84} INFO - Using connection ID 'google_cloud_default' for task execution.
[2025-12-03T09:34:34.793+0000] {bigquery.py:2872} INFO - Executing: {'query': {'query': '\n                CREATE OR REPLACE TABLE `signalsense-project.signalsense.new_stream_issues` AS\n                SELECT\n                  s.*\n                FROM `signalsense-project.signalsense.issues_enriched` AS s\n                LEFT JOIN `signalsense-project.signalsense.issues_scored` AS sc\n                  USING (issue_id)\n                WHERE sc.issue_id IS NULL;\n            ', 'useLegacySql': False}}'
[2025-12-03T09:34:34.796+0000] {bigquery.py:1670} INFO - Inserting job ***_signalsense_daily_pipeline_bq_new_stream_issues_2025_12_03T09_34_30_936063_00_00_dd0d27a3f554b8abd6389bfba3171d5e
[2025-12-03T09:34:38.118+0000] {taskinstance.py:441} INFO - ::group::Post task execution logs
[2025-12-03T09:34:38.171+0000] {taskinstance.py:1206} INFO - Marking task as SUCCESS. dag_id=signalsense_daily_pipeline, task_id=bq_new_stream_issues, run_id=streamlit-trigger-1764754470, execution_date=20251203T093430, start_date=20251203T093434, end_date=20251203T093438
[2025-12-03T09:34:38.216+0000] {local_task_job_runner.py:240} INFO - Task exited with return code 0
[2025-12-03T09:34:38.270+0000] {taskinstance.py:3503} INFO - 1 downstream tasks scheduled from follow-on schedule check
[2025-12-03T09:34:38.275+0000] {local_task_job_runner.py:222} INFO - ::endgroup::
