[2025-12-04T00:00:21.015+0000] {local_task_job_runner.py:120} INFO - ::group::Pre task execution logs
[2025-12-04T00:00:21.043+0000] {taskinstance.py:2076} INFO - Dependencies all met for dep_context=non-requeueable deps ti=<TaskInstance: signalsense_daily_pipeline.dbt_run scheduled__2025-12-03T00:00:00+00:00 [queued]>
[2025-12-04T00:00:21.055+0000] {taskinstance.py:2076} INFO - Dependencies all met for dep_context=requeueable deps ti=<TaskInstance: signalsense_daily_pipeline.dbt_run scheduled__2025-12-03T00:00:00+00:00 [queued]>
[2025-12-04T00:00:21.058+0000] {taskinstance.py:2306} INFO - Starting attempt 1 of 2
[2025-12-04T00:00:21.074+0000] {taskinstance.py:2330} INFO - Executing <Task(BashOperator): dbt_run> on 2025-12-03 00:00:00+00:00
[2025-12-04T00:00:21.088+0000] {standard_task_runner.py:63} INFO - Started process 967 to run task
[2025-12-04T00:00:21.093+0000] {standard_task_runner.py:90} INFO - Running: ['***', 'tasks', 'run', 'signalsense_daily_pipeline', 'dbt_run', 'scheduled__2025-12-03T00:00:00+00:00', '--job-id', '17', '--raw', '--subdir', 'DAGS_FOLDER/signalsense_pipeline.py', '--cfg-path', '/tmp/tmp2ztxd2_e']
[2025-12-04T00:00:21.098+0000] {standard_task_runner.py:91} INFO - Job 17: Subtask dbt_run
[2025-12-04T00:00:21.187+0000] {task_command.py:426} INFO - Running <TaskInstance: signalsense_daily_pipeline.dbt_run scheduled__2025-12-03T00:00:00+00:00 [running]> on host 27a575518531
[2025-12-04T00:00:21.299+0000] {taskinstance.py:2648} INFO - Exporting env vars: AIRFLOW_CTX_DAG_OWNER='***' AIRFLOW_CTX_DAG_ID='signalsense_daily_pipeline' AIRFLOW_CTX_TASK_ID='dbt_run' AIRFLOW_CTX_EXECUTION_DATE='2025-12-03T00:00:00+00:00' AIRFLOW_CTX_TRY_NUMBER='1' AIRFLOW_CTX_DAG_RUN_ID='scheduled__2025-12-03T00:00:00+00:00'
[2025-12-04T00:00:21.301+0000] {taskinstance.py:430} INFO - ::endgroup::
[2025-12-04T00:00:21.318+0000] {subprocess.py:63} INFO - Tmp dir root location: /tmp
[2025-12-04T00:00:21.320+0000] {subprocess.py:75} INFO - Running command: ['/usr/bin/bash', '-c', '\n        cd /opt/***/dags/signalsense_dbt && dbt run\n        ']
[2025-12-04T00:00:21.343+0000] {subprocess.py:86} INFO - Output:
[2025-12-04T00:00:24.109+0000] {subprocess.py:93} INFO - [0m00:00:24  Running with dbt=1.9.0
[2025-12-04T00:00:26.082+0000] {subprocess.py:93} INFO - [0m00:00:26  Registered adapter: bigquery=1.9.0
[2025-12-04T00:00:26.988+0000] {subprocess.py:93} INFO - [0m00:00:26  Found 4 models, 4 data tests, 1 source, 492 macros
[2025-12-04T00:00:26.995+0000] {subprocess.py:93} INFO - [0m00:00:26
[2025-12-04T00:00:26.997+0000] {subprocess.py:93} INFO - [0m00:00:26  Concurrency: 4 threads (target='dev')
[2025-12-04T00:00:26.999+0000] {subprocess.py:93} INFO - [0m00:00:26
[2025-12-04T00:00:28.256+0000] {subprocess.py:93} INFO - [0m00:00:28  1 of 4 START sql table model signalsense_dbt.my_first_dbt_model ................ [RUN]
[2025-12-04T00:00:28.257+0000] {subprocess.py:93} INFO - [0m00:00:28  2 of 4 START sql view model signalsense_dbt.stg_issues ......................... [RUN]
[2025-12-04T00:00:29.528+0000] {subprocess.py:93} INFO - [0m00:00:29  2 of 4 OK created sql view model signalsense_dbt.stg_issues .................... [[32mCREATE VIEW (0 processed)[0m in 1.26s]
[2025-12-04T00:00:29.535+0000] {subprocess.py:93} INFO - [0m00:00:29  3 of 4 START sql table model signalsense_dbt.mart_issues_by_region_day ......... [RUN]
[2025-12-04T00:00:32.077+0000] {subprocess.py:93} INFO - [0m00:00:32  1 of 4 OK created sql table model signalsense_dbt.my_first_dbt_model ........... [[32mCREATE TABLE (2.0 rows, 0 processed)[0m in 3.82s]
[2025-12-04T00:00:32.082+0000] {subprocess.py:93} INFO - [0m00:00:32  4 of 4 START sql view model signalsense_dbt.my_second_dbt_model ................ [RUN]
[2025-12-04T00:00:33.159+0000] {subprocess.py:93} INFO - [0m00:00:33  4 of 4 OK created sql view model signalsense_dbt.my_second_dbt_model ........... [[32mCREATE VIEW (0 processed)[0m in 1.07s]
[2025-12-04T00:00:33.671+0000] {subprocess.py:93} INFO - [0m00:00:33  3 of 4 OK created sql table model signalsense_dbt.mart_issues_by_region_day .... [[32mCREATE TABLE (185.0 rows, 54.8 MiB processed)[0m in 4.13s]
[2025-12-04T00:00:33.737+0000] {subprocess.py:93} INFO - [0m00:00:33
[2025-12-04T00:00:33.738+0000] {subprocess.py:93} INFO - [0m00:00:33  Finished running 2 table models, 2 view models in 0 hours 0 minutes and 6.74 seconds (6.74s).
[2025-12-04T00:00:33.817+0000] {subprocess.py:93} INFO - [0m00:00:33
[2025-12-04T00:00:33.818+0000] {subprocess.py:93} INFO - [0m00:00:33  [32mCompleted successfully[0m
[2025-12-04T00:00:33.819+0000] {subprocess.py:93} INFO - [0m00:00:33
[2025-12-04T00:00:33.820+0000] {subprocess.py:93} INFO - [0m00:00:33  Done. PASS=4 WARN=0 ERROR=0 SKIP=0 TOTAL=4
[2025-12-04T00:00:34.832+0000] {subprocess.py:97} INFO - Command exited with return code 0
[2025-12-04T00:00:34.834+0000] {taskinstance.py:441} INFO - ::group::Post task execution logs
[2025-12-04T00:00:34.873+0000] {taskinstance.py:1206} INFO - Marking task as SUCCESS. dag_id=signalsense_daily_pipeline, task_id=dbt_run, run_id=scheduled__2025-12-03T00:00:00+00:00, execution_date=20251203T000000, start_date=20251204T000021, end_date=20251204T000034
[2025-12-04T00:00:34.920+0000] {local_task_job_runner.py:240} INFO - Task exited with return code 0
[2025-12-04T00:00:34.939+0000] {local_task_job_runner.py:222} INFO - ::endgroup::
