[2025-12-04T00:00:15.449+0000] {local_task_job_runner.py:120} INFO - ::group::Pre task execution logs
[2025-12-04T00:00:15.470+0000] {taskinstance.py:2076} INFO - Dependencies all met for dep_context=non-requeueable deps ti=<TaskInstance: signalsense_daily_pipeline.bq_append_to_issues_scored scheduled__2025-12-03T00:00:00+00:00 [queued]>
[2025-12-04T00:00:15.480+0000] {taskinstance.py:2076} INFO - Dependencies all met for dep_context=requeueable deps ti=<TaskInstance: signalsense_daily_pipeline.bq_append_to_issues_scored scheduled__2025-12-03T00:00:00+00:00 [queued]>
[2025-12-04T00:00:15.481+0000] {taskinstance.py:2306} INFO - Starting attempt 1 of 2
[2025-12-04T00:00:15.497+0000] {taskinstance.py:2330} INFO - Executing <Task(BigQueryInsertJobOperator): bq_append_to_issues_scored> on 2025-12-03 00:00:00+00:00
[2025-12-04T00:00:15.509+0000] {standard_task_runner.py:63} INFO - Started process 964 to run task
[2025-12-04T00:00:15.514+0000] {standard_task_runner.py:90} INFO - Running: ['***', 'tasks', 'run', 'signalsense_daily_pipeline', 'bq_append_to_issues_scored', 'scheduled__2025-12-03T00:00:00+00:00', '--job-id', '16', '--raw', '--subdir', 'DAGS_FOLDER/signalsense_pipeline.py', '--cfg-path', '/tmp/tmp6qsu2ltl']
[2025-12-04T00:00:15.518+0000] {standard_task_runner.py:91} INFO - Job 16: Subtask bq_append_to_issues_scored
[2025-12-04T00:00:15.626+0000] {task_command.py:426} INFO - Running <TaskInstance: signalsense_daily_pipeline.bq_append_to_issues_scored scheduled__2025-12-03T00:00:00+00:00 [running]> on host 27a575518531
[2025-12-04T00:00:15.758+0000] {taskinstance.py:2648} INFO - Exporting env vars: AIRFLOW_CTX_DAG_OWNER='***' AIRFLOW_CTX_DAG_ID='signalsense_daily_pipeline' AIRFLOW_CTX_TASK_ID='bq_append_to_issues_scored' AIRFLOW_CTX_EXECUTION_DATE='2025-12-03T00:00:00+00:00' AIRFLOW_CTX_TRY_NUMBER='1' AIRFLOW_CTX_DAG_RUN_ID='scheduled__2025-12-03T00:00:00+00:00'
[2025-12-04T00:00:15.760+0000] {taskinstance.py:430} INFO - ::endgroup::
[2025-12-04T00:00:15.792+0000] {connection.py:274} WARNING - Connection schemes (type: google_cloud_platform) shall not contain '_' according to RFC3986.
[2025-12-04T00:00:15.797+0000] {base.py:84} INFO - Using connection ID 'google_cloud_default' for task execution.
[2025-12-04T00:00:15.878+0000] {bigquery.py:2872} INFO - Executing: {'query': {'query': '\n                INSERT INTO `signalsense-project.signalsense.issues_scored`\n                SELECT *\n                FROM `signalsense-project.signalsense.new_stream_scored`;\n                ', 'useLegacySql': False}}'
[2025-12-04T00:00:15.883+0000] {bigquery.py:1670} INFO - Inserting job ***_signalsense_daily_pipeline_bq_append_to_issues_scored_2025_12_03T00_00_00_00_00_b717b3631b28d44ecfdc27be57e0182c
[2025-12-04T00:00:18.041+0000] {taskinstance.py:441} INFO - ::group::Post task execution logs
[2025-12-04T00:00:18.073+0000] {taskinstance.py:1206} INFO - Marking task as SUCCESS. dag_id=signalsense_daily_pipeline, task_id=bq_append_to_issues_scored, run_id=scheduled__2025-12-03T00:00:00+00:00, execution_date=20251203T000000, start_date=20251204T000015, end_date=20251204T000018
[2025-12-04T00:00:18.135+0000] {local_task_job_runner.py:240} INFO - Task exited with return code 0
[2025-12-04T00:00:18.170+0000] {taskinstance.py:3503} INFO - 1 downstream tasks scheduled from follow-on schedule check
[2025-12-04T00:00:18.173+0000] {local_task_job_runner.py:222} INFO - ::endgroup::
