[2025-12-03T23:05:58.653+0000] {local_task_job_runner.py:120} INFO - ::group::Pre task execution logs
[2025-12-03T23:05:58.672+0000] {taskinstance.py:2076} INFO - Dependencies all met for dep_context=non-requeueable deps ti=<TaskInstance: signalsense_daily_pipeline.bq_score_new_stream streamlit-trigger-1764803150 [queued]>
[2025-12-03T23:05:58.684+0000] {taskinstance.py:2076} INFO - Dependencies all met for dep_context=requeueable deps ti=<TaskInstance: signalsense_daily_pipeline.bq_score_new_stream streamlit-trigger-1764803150 [queued]>
[2025-12-03T23:05:58.685+0000] {taskinstance.py:2306} INFO - Starting attempt 1 of 2
[2025-12-03T23:05:58.699+0000] {taskinstance.py:2330} INFO - Executing <Task(BigQueryInsertJobOperator): bq_score_new_stream> on 2025-12-03 23:05:50.593392+00:00
[2025-12-03T23:05:58.710+0000] {standard_task_runner.py:63} INFO - Started process 352 to run task
[2025-12-03T23:05:58.715+0000] {standard_task_runner.py:90} INFO - Running: ['***', 'tasks', 'run', 'signalsense_daily_pipeline', 'bq_score_new_stream', 'streamlit-trigger-1764803150', '--job-id', '7', '--raw', '--subdir', 'DAGS_FOLDER/signalsense_pipeline.py', '--cfg-path', '/tmp/tmpyu0r436t']
[2025-12-03T23:05:58.720+0000] {standard_task_runner.py:91} INFO - Job 7: Subtask bq_score_new_stream
[2025-12-03T23:05:58.803+0000] {task_command.py:426} INFO - Running <TaskInstance: signalsense_daily_pipeline.bq_score_new_stream streamlit-trigger-1764803150 [running]> on host 27a575518531
[2025-12-03T23:05:58.911+0000] {taskinstance.py:2648} INFO - Exporting env vars: AIRFLOW_CTX_DAG_OWNER='***' AIRFLOW_CTX_DAG_ID='signalsense_daily_pipeline' AIRFLOW_CTX_TASK_ID='bq_score_new_stream' AIRFLOW_CTX_EXECUTION_DATE='2025-12-03T23:05:50.593392+00:00' AIRFLOW_CTX_TRY_NUMBER='1' AIRFLOW_CTX_DAG_RUN_ID='streamlit-trigger-1764803150'
[2025-12-03T23:05:58.915+0000] {taskinstance.py:430} INFO - ::endgroup::
[2025-12-03T23:05:58.946+0000] {connection.py:274} WARNING - Connection schemes (type: google_cloud_platform) shall not contain '_' according to RFC3986.
[2025-12-03T23:05:58.950+0000] {base.py:84} INFO - Using connection ID 'google_cloud_default' for task execution.
[2025-12-03T23:05:59.012+0000] {bigquery.py:2872} INFO - Executing: {'query': {'query': '\n                CREATE OR REPLACE TABLE `signalsense-project.signalsense.new_stream_scored` AS\n                SELECT\n                  n.*,\n                  p.predicted_sla_breached AS predicted_label,\n                  p.predicted_sla_breached_probs[OFFSET(1)] AS risk_score\n                FROM ML.PREDICT(\n                  MODEL `signalsense-project.signalsense.sla_dnn`,\n                  (\n                    SELECT\n                      issue_id,\n                      issue_text,\n                      region,\n                      channel,\n                      raw_category,\n                      topic_id,\n                      EXTRACT(HOUR      FROM created_at) AS hour,\n                      EXTRACT(DAYOFWEEK FROM created_at) AS dow\n                    FROM `signalsense-project.signalsense.new_stream_issues`\n                  )\n                ) AS p\n                JOIN `signalsense-project.signalsense.new_stream_issues` AS n\n                USING (issue_id);\n                ', 'useLegacySql': False}}'
[2025-12-03T23:05:59.014+0000] {bigquery.py:1670} INFO - Inserting job ***_signalsense_daily_pipeline_bq_score_new_stream_2025_12_03T23_05_50_593392_00_00_051a13602324de325c3737c58ffead48
[2025-12-03T23:06:02.409+0000] {taskinstance.py:441} INFO - ::group::Post task execution logs
[2025-12-03T23:06:02.433+0000] {taskinstance.py:1206} INFO - Marking task as SUCCESS. dag_id=signalsense_daily_pipeline, task_id=bq_score_new_stream, run_id=streamlit-trigger-1764803150, execution_date=20251203T230550, start_date=20251203T230558, end_date=20251203T230602
[2025-12-03T23:06:02.502+0000] {local_task_job_runner.py:240} INFO - Task exited with return code 0
[2025-12-03T23:06:02.531+0000] {taskinstance.py:3503} INFO - 1 downstream tasks scheduled from follow-on schedule check
[2025-12-03T23:06:02.534+0000] {local_task_job_runner.py:222} INFO - ::endgroup::
