[2025-12-03T11:43:00.601+0000] {local_task_job_runner.py:120} INFO - ::group::Pre task execution logs
[2025-12-03T11:43:00.625+0000] {taskinstance.py:2076} INFO - Dependencies all met for dep_context=non-requeueable deps ti=<TaskInstance: signalsense_daily_pipeline.bq_append_to_issues_scored streamlit-trigger-1764762162 [queued]>
[2025-12-03T11:43:00.639+0000] {taskinstance.py:2076} INFO - Dependencies all met for dep_context=requeueable deps ti=<TaskInstance: signalsense_daily_pipeline.bq_append_to_issues_scored streamlit-trigger-1764762162 [queued]>
[2025-12-03T11:43:00.641+0000] {taskinstance.py:2306} INFO - Starting attempt 1 of 2
[2025-12-03T11:43:00.657+0000] {taskinstance.py:2330} INFO - Executing <Task(BigQueryInsertJobOperator): bq_append_to_issues_scored> on 2025-12-03 11:42:42.346066+00:00
[2025-12-03T11:43:00.671+0000] {standard_task_runner.py:63} INFO - Started process 1771 to run task
[2025-12-03T11:43:00.680+0000] {standard_task_runner.py:90} INFO - Running: ['***', 'tasks', 'run', 'signalsense_daily_pipeline', 'bq_append_to_issues_scored', 'streamlit-trigger-1764762162', '--job-id', '32', '--raw', '--subdir', 'DAGS_FOLDER/signalsense_pipeline.py', '--cfg-path', '/tmp/tmpd_tsgs7i']
[2025-12-03T11:43:00.688+0000] {standard_task_runner.py:91} INFO - Job 32: Subtask bq_append_to_issues_scored
[2025-12-03T11:43:00.821+0000] {task_command.py:426} INFO - Running <TaskInstance: signalsense_daily_pipeline.bq_append_to_issues_scored streamlit-trigger-1764762162 [running]> on host 98179ae64f3c
[2025-12-03T11:43:00.974+0000] {taskinstance.py:2648} INFO - Exporting env vars: AIRFLOW_CTX_DAG_OWNER='***' AIRFLOW_CTX_DAG_ID='signalsense_daily_pipeline' AIRFLOW_CTX_TASK_ID='bq_append_to_issues_scored' AIRFLOW_CTX_EXECUTION_DATE='2025-12-03T11:42:42.346066+00:00' AIRFLOW_CTX_TRY_NUMBER='1' AIRFLOW_CTX_DAG_RUN_ID='streamlit-trigger-1764762162'
[2025-12-03T11:43:00.980+0000] {taskinstance.py:430} INFO - ::endgroup::
[2025-12-03T11:43:01.021+0000] {connection.py:274} WARNING - Connection schemes (type: google_cloud_platform) shall not contain '_' according to RFC3986.
[2025-12-03T11:43:01.026+0000] {base.py:84} INFO - Using connection ID 'google_cloud_default' for task execution.
[2025-12-03T11:43:01.097+0000] {bigquery.py:2872} INFO - Executing: {'query': {'query': '\n                INSERT INTO `signalsense-project.signalsense.issues_scored`\n                SELECT *\n                FROM `signalsense-project.signalsense.new_stream_scored`;\n                ', 'useLegacySql': False}}'
[2025-12-03T11:43:01.101+0000] {bigquery.py:1670} INFO - Inserting job ***_signalsense_daily_pipeline_bq_append_to_issues_scored_2025_12_03T11_42_42_346066_00_00_8709029f18554300d8ebd1bf6b9d1a90
[2025-12-03T11:43:03.649+0000] {taskinstance.py:441} INFO - ::group::Post task execution logs
[2025-12-03T11:43:03.682+0000] {taskinstance.py:1206} INFO - Marking task as SUCCESS. dag_id=signalsense_daily_pipeline, task_id=bq_append_to_issues_scored, run_id=streamlit-trigger-1764762162, execution_date=20251203T114242, start_date=20251203T114300, end_date=20251203T114303
[2025-12-03T11:43:03.749+0000] {local_task_job_runner.py:240} INFO - Task exited with return code 0
[2025-12-03T11:43:03.775+0000] {taskinstance.py:3503} INFO - 1 downstream tasks scheduled from follow-on schedule check
[2025-12-03T11:43:03.778+0000] {local_task_job_runner.py:222} INFO - ::endgroup::
