[2025-12-04T01:33:55.735+0000] {local_task_job_runner.py:120} INFO - ::group::Pre task execution logs
[2025-12-04T01:33:55.753+0000] {taskinstance.py:2076} INFO - Dependencies all met for dep_context=non-requeueable deps ti=<TaskInstance: signalsense_daily_pipeline.bq_append_to_issues_scored streamlit-trigger-1764812006 [queued]>
[2025-12-04T01:33:55.764+0000] {taskinstance.py:2076} INFO - Dependencies all met for dep_context=requeueable deps ti=<TaskInstance: signalsense_daily_pipeline.bq_append_to_issues_scored streamlit-trigger-1764812006 [queued]>
[2025-12-04T01:33:55.765+0000] {taskinstance.py:2306} INFO - Starting attempt 1 of 2
[2025-12-04T01:33:55.777+0000] {taskinstance.py:2330} INFO - Executing <Task(BigQueryInsertJobOperator): bq_append_to_issues_scored> on 2025-12-04 01:33:36.726878+00:00
[2025-12-04T01:33:55.788+0000] {standard_task_runner.py:63} INFO - Started process 1980 to run task
[2025-12-04T01:33:55.794+0000] {standard_task_runner.py:90} INFO - Running: ['***', 'tasks', 'run', 'signalsense_daily_pipeline', 'bq_append_to_issues_scored', 'streamlit-trigger-1764812006', '--job-id', '28', '--raw', '--subdir', 'DAGS_FOLDER/signalsense_pipeline.py', '--cfg-path', '/tmp/tmpjiorflc1']
[2025-12-04T01:33:55.799+0000] {standard_task_runner.py:91} INFO - Job 28: Subtask bq_append_to_issues_scored
[2025-12-04T01:33:55.883+0000] {task_command.py:426} INFO - Running <TaskInstance: signalsense_daily_pipeline.bq_append_to_issues_scored streamlit-trigger-1764812006 [running]> on host 27a575518531
[2025-12-04T01:33:55.994+0000] {taskinstance.py:2648} INFO - Exporting env vars: AIRFLOW_CTX_DAG_OWNER='***' AIRFLOW_CTX_DAG_ID='signalsense_daily_pipeline' AIRFLOW_CTX_TASK_ID='bq_append_to_issues_scored' AIRFLOW_CTX_EXECUTION_DATE='2025-12-04T01:33:36.726878+00:00' AIRFLOW_CTX_TRY_NUMBER='1' AIRFLOW_CTX_DAG_RUN_ID='streamlit-trigger-1764812006'
[2025-12-04T01:33:55.997+0000] {taskinstance.py:430} INFO - ::endgroup::
[2025-12-04T01:33:56.024+0000] {connection.py:274} WARNING - Connection schemes (type: google_cloud_platform) shall not contain '_' according to RFC3986.
[2025-12-04T01:33:56.029+0000] {base.py:84} INFO - Using connection ID 'google_cloud_default' for task execution.
[2025-12-04T01:33:56.086+0000] {bigquery.py:2872} INFO - Executing: {'query': {'query': '\n                INSERT INTO `signalsense-project.signalsense.issues_scored`\n                SELECT *\n                FROM `signalsense-project.signalsense.new_stream_scored`;\n                ', 'useLegacySql': False}}'
[2025-12-04T01:33:56.089+0000] {bigquery.py:1670} INFO - Inserting job ***_signalsense_daily_pipeline_bq_append_to_issues_scored_2025_12_04T01_33_36_726878_00_00_b5b179abbc08b57b4bd0f97f967219ab
[2025-12-04T01:33:58.370+0000] {taskinstance.py:441} INFO - ::group::Post task execution logs
[2025-12-04T01:33:58.396+0000] {taskinstance.py:1206} INFO - Marking task as SUCCESS. dag_id=signalsense_daily_pipeline, task_id=bq_append_to_issues_scored, run_id=streamlit-trigger-1764812006, execution_date=20251204T013336, start_date=20251204T013355, end_date=20251204T013358
[2025-12-04T01:33:58.456+0000] {local_task_job_runner.py:240} INFO - Task exited with return code 0
[2025-12-04T01:33:58.480+0000] {taskinstance.py:3503} INFO - 1 downstream tasks scheduled from follow-on schedule check
[2025-12-04T01:33:58.483+0000] {local_task_job_runner.py:222} INFO - ::endgroup::
