[2025-12-03T09:34:53.174+0000] {local_task_job_runner.py:120} INFO - ::group::Pre task execution logs
[2025-12-03T09:34:53.196+0000] {taskinstance.py:2076} INFO - Dependencies all met for dep_context=non-requeueable deps ti=<TaskInstance: signalsense_daily_pipeline.dbt_run streamlit-trigger-1764754469 [queued]>
[2025-12-03T09:34:53.210+0000] {taskinstance.py:2076} INFO - Dependencies all met for dep_context=requeueable deps ti=<TaskInstance: signalsense_daily_pipeline.dbt_run streamlit-trigger-1764754469 [queued]>
[2025-12-03T09:34:53.211+0000] {taskinstance.py:2306} INFO - Starting attempt 1 of 2
[2025-12-03T09:34:53.227+0000] {taskinstance.py:2330} INFO - Executing <Task(BashOperator): dbt_run> on 2025-12-03 09:34:29.297870+00:00
[2025-12-03T09:34:53.240+0000] {standard_task_runner.py:63} INFO - Started process 400 to run task
[2025-12-03T09:34:53.245+0000] {standard_task_runner.py:90} INFO - Running: ['***', 'tasks', 'run', 'signalsense_daily_pipeline', 'dbt_run', 'streamlit-trigger-1764754469', '--job-id', '21', '--raw', '--subdir', 'DAGS_FOLDER/signalsense_pipeline.py', '--cfg-path', '/tmp/tmp7pppz6ru']
[2025-12-03T09:34:53.250+0000] {standard_task_runner.py:91} INFO - Job 21: Subtask dbt_run
[2025-12-03T09:34:53.346+0000] {task_command.py:426} INFO - Running <TaskInstance: signalsense_daily_pipeline.dbt_run streamlit-trigger-1764754469 [running]> on host 98179ae64f3c
[2025-12-03T09:34:53.485+0000] {taskinstance.py:2648} INFO - Exporting env vars: AIRFLOW_CTX_DAG_OWNER='***' AIRFLOW_CTX_DAG_ID='signalsense_daily_pipeline' AIRFLOW_CTX_TASK_ID='dbt_run' AIRFLOW_CTX_EXECUTION_DATE='2025-12-03T09:34:29.297870+00:00' AIRFLOW_CTX_TRY_NUMBER='1' AIRFLOW_CTX_DAG_RUN_ID='streamlit-trigger-1764754469'
[2025-12-03T09:34:53.490+0000] {taskinstance.py:430} INFO - ::endgroup::
[2025-12-03T09:34:53.509+0000] {subprocess.py:63} INFO - Tmp dir root location: /tmp
[2025-12-03T09:34:53.511+0000] {subprocess.py:75} INFO - Running command: ['/usr/bin/bash', '-c', '\n        cd /opt/***/dags/signalsense_dbt && dbt run\n        ']
[2025-12-03T09:34:53.538+0000] {subprocess.py:86} INFO - Output:
[2025-12-03T09:34:56.801+0000] {subprocess.py:93} INFO - [0m09:34:56  Running with dbt=1.9.0
[2025-12-03T09:34:58.585+0000] {subprocess.py:93} INFO - [0m09:34:58  Registered adapter: bigquery=1.9.0
[2025-12-03T09:34:59.409+0000] {subprocess.py:93} INFO - [0m09:34:59  Found 4 models, 4 data tests, 1 source, 492 macros
[2025-12-03T09:34:59.413+0000] {subprocess.py:93} INFO - [0m09:34:59
[2025-12-03T09:34:59.415+0000] {subprocess.py:93} INFO - [0m09:34:59  Concurrency: 4 threads (target='dev')
[2025-12-03T09:34:59.416+0000] {subprocess.py:93} INFO - [0m09:34:59
[2025-12-03T09:35:01.000+0000] {subprocess.py:93} INFO - [0m09:35:01  1 of 4 START sql table model signalsense_dbt.my_first_dbt_model ................ [RUN]
[2025-12-03T09:35:01.002+0000] {subprocess.py:93} INFO - [0m09:35:01  2 of 4 START sql view model signalsense_dbt.stg_issues ......................... [RUN]
[2025-12-03T09:35:02.129+0000] {subprocess.py:93} INFO - [0m09:35:02  2 of 4 OK created sql view model signalsense_dbt.stg_issues .................... [[32mCREATE VIEW (0 processed)[0m in 1.12s]
[2025-12-03T09:35:02.137+0000] {subprocess.py:93} INFO - [0m09:35:02  3 of 4 START sql table model signalsense_dbt.mart_issues_by_region_day ......... [RUN]
[2025-12-03T09:35:03.827+0000] {subprocess.py:93} INFO - [0m09:35:03  1 of 4 OK created sql table model signalsense_dbt.my_first_dbt_model ........... [[32mCREATE TABLE (2.0 rows, 0 processed)[0m in 2.82s]
[2025-12-03T09:35:03.835+0000] {subprocess.py:93} INFO - [0m09:35:03  4 of 4 START sql view model signalsense_dbt.my_second_dbt_model ................ [RUN]
[2025-12-03T09:35:05.062+0000] {subprocess.py:93} INFO - [0m09:35:05  4 of 4 OK created sql view model signalsense_dbt.my_second_dbt_model ........... [[32mCREATE VIEW (0 processed)[0m in 1.22s]
[2025-12-03T09:35:05.260+0000] {subprocess.py:93} INFO - [0m09:35:05  3 of 4 OK created sql table model signalsense_dbt.mart_issues_by_region_day .... [[32mCREATE TABLE (185.0 rows, 54.8 MiB processed)[0m in 3.12s]
[2025-12-03T09:35:05.341+0000] {subprocess.py:93} INFO - [0m09:35:05
[2025-12-03T09:35:05.343+0000] {subprocess.py:93} INFO - [0m09:35:05  Finished running 2 table models, 2 view models in 0 hours 0 minutes and 5.92 seconds (5.92s).
[2025-12-03T09:35:05.457+0000] {subprocess.py:93} INFO - [0m09:35:05
[2025-12-03T09:35:05.459+0000] {subprocess.py:93} INFO - [0m09:35:05  [32mCompleted successfully[0m
[2025-12-03T09:35:05.461+0000] {subprocess.py:93} INFO - [0m09:35:05
[2025-12-03T09:35:05.463+0000] {subprocess.py:93} INFO - [0m09:35:05  Done. PASS=4 WARN=0 ERROR=0 SKIP=0 TOTAL=4
[2025-12-03T09:35:06.965+0000] {subprocess.py:97} INFO - Command exited with return code 0
[2025-12-03T09:35:06.967+0000] {taskinstance.py:441} INFO - ::group::Post task execution logs
[2025-12-03T09:35:07.023+0000] {taskinstance.py:1206} INFO - Marking task as SUCCESS. dag_id=signalsense_daily_pipeline, task_id=dbt_run, run_id=streamlit-trigger-1764754469, execution_date=20251203T093429, start_date=20251203T093453, end_date=20251203T093507
[2025-12-03T09:35:07.099+0000] {local_task_job_runner.py:240} INFO - Task exited with return code 0
[2025-12-03T09:35:07.120+0000] {taskinstance.py:3503} INFO - 0 downstream tasks scheduled from follow-on schedule check
[2025-12-03T09:35:07.124+0000] {local_task_job_runner.py:222} INFO - ::endgroup::
