[2025-12-03T09:32:03.397+0000] {local_task_job_runner.py:120} INFO - ::group::Pre task execution logs
[2025-12-03T09:32:03.423+0000] {taskinstance.py:2076} INFO - Dependencies all met for dep_context=non-requeueable deps ti=<TaskInstance: signalsense_daily_pipeline.dbt_run streamlit-trigger-1764754301 [queued]>
[2025-12-03T09:32:03.436+0000] {taskinstance.py:2076} INFO - Dependencies all met for dep_context=requeueable deps ti=<TaskInstance: signalsense_daily_pipeline.dbt_run streamlit-trigger-1764754301 [queued]>
[2025-12-03T09:32:03.438+0000] {taskinstance.py:2306} INFO - Starting attempt 1 of 2
[2025-12-03T09:32:03.455+0000] {taskinstance.py:2330} INFO - Executing <Task(BashOperator): dbt_run> on 2025-12-03 09:31:41.705631+00:00
[2025-12-03T09:32:03.467+0000] {standard_task_runner.py:63} INFO - Started process 290 to run task
[2025-12-03T09:32:03.473+0000] {standard_task_runner.py:90} INFO - Running: ['***', 'tasks', 'run', 'signalsense_daily_pipeline', 'dbt_run', 'streamlit-trigger-1764754301', '--job-id', '10', '--raw', '--subdir', 'DAGS_FOLDER/signalsense_pipeline.py', '--cfg-path', '/tmp/tmpa4st_u1l']
[2025-12-03T09:32:03.480+0000] {standard_task_runner.py:91} INFO - Job 10: Subtask dbt_run
[2025-12-03T09:32:03.577+0000] {task_command.py:426} INFO - Running <TaskInstance: signalsense_daily_pipeline.dbt_run streamlit-trigger-1764754301 [running]> on host 98179ae64f3c
[2025-12-03T09:32:03.730+0000] {taskinstance.py:2648} INFO - Exporting env vars: AIRFLOW_CTX_DAG_OWNER='***' AIRFLOW_CTX_DAG_ID='signalsense_daily_pipeline' AIRFLOW_CTX_TASK_ID='dbt_run' AIRFLOW_CTX_EXECUTION_DATE='2025-12-03T09:31:41.705631+00:00' AIRFLOW_CTX_TRY_NUMBER='1' AIRFLOW_CTX_DAG_RUN_ID='streamlit-trigger-1764754301'
[2025-12-03T09:32:03.734+0000] {taskinstance.py:430} INFO - ::endgroup::
[2025-12-03T09:32:03.757+0000] {subprocess.py:63} INFO - Tmp dir root location: /tmp
[2025-12-03T09:32:03.760+0000] {subprocess.py:75} INFO - Running command: ['/usr/bin/bash', '-c', '\n        cd /opt/***/dags/signalsense_dbt && dbt run\n        ']
[2025-12-03T09:32:03.785+0000] {subprocess.py:86} INFO - Output:
[2025-12-03T09:32:07.168+0000] {subprocess.py:93} INFO - [0m09:32:07  Running with dbt=1.9.0
[2025-12-03T09:32:09.324+0000] {subprocess.py:93} INFO - [0m09:32:09  Registered adapter: bigquery=1.9.0
[2025-12-03T09:32:10.121+0000] {subprocess.py:93} INFO - [0m09:32:10  Found 4 models, 4 data tests, 1 source, 492 macros
[2025-12-03T09:32:10.126+0000] {subprocess.py:93} INFO - [0m09:32:10
[2025-12-03T09:32:10.127+0000] {subprocess.py:93} INFO - [0m09:32:10  Concurrency: 4 threads (target='dev')
[2025-12-03T09:32:10.128+0000] {subprocess.py:93} INFO - [0m09:32:10
[2025-12-03T09:32:11.761+0000] {subprocess.py:93} INFO - [0m09:32:11  1 of 4 START sql table model signalsense_dbt.my_first_dbt_model ................ [RUN]
[2025-12-03T09:32:11.764+0000] {subprocess.py:93} INFO - [0m09:32:11  2 of 4 START sql view model signalsense_dbt.stg_issues ......................... [RUN]
[2025-12-03T09:32:13.113+0000] {subprocess.py:93} INFO - [0m09:32:13  2 of 4 OK created sql view model signalsense_dbt.stg_issues .................... [[32mCREATE VIEW (0 processed)[0m in 1.34s]
[2025-12-03T09:32:13.121+0000] {subprocess.py:93} INFO - [0m09:32:13  3 of 4 START sql table model signalsense_dbt.mart_issues_by_region_day ......... [RUN]
[2025-12-03T09:32:14.984+0000] {subprocess.py:93} INFO - [0m09:32:14  1 of 4 OK created sql table model signalsense_dbt.my_first_dbt_model ........... [[32mCREATE TABLE (2.0 rows, 0 processed)[0m in 3.21s]
[2025-12-03T09:32:14.994+0000] {subprocess.py:93} INFO - [0m09:32:14  4 of 4 START sql view model signalsense_dbt.my_second_dbt_model ................ [RUN]
[2025-12-03T09:32:16.329+0000] {subprocess.py:93} INFO - [0m09:32:16  4 of 4 OK created sql view model signalsense_dbt.my_second_dbt_model ........... [[32mCREATE VIEW (0 processed)[0m in 1.33s]
[2025-12-03T09:32:16.529+0000] {subprocess.py:93} INFO - [0m09:32:16  3 of 4 OK created sql table model signalsense_dbt.mart_issues_by_region_day .... [[32mCREATE TABLE (185.0 rows, 54.8 MiB processed)[0m in 3.40s]
[2025-12-03T09:32:16.617+0000] {subprocess.py:93} INFO - [0m09:32:16
[2025-12-03T09:32:16.619+0000] {subprocess.py:93} INFO - [0m09:32:16  Finished running 2 table models, 2 view models in 0 hours 0 minutes and 6.49 seconds (6.49s).
[2025-12-03T09:32:16.731+0000] {subprocess.py:93} INFO - [0m09:32:16
[2025-12-03T09:32:16.734+0000] {subprocess.py:93} INFO - [0m09:32:16  [32mCompleted successfully[0m
[2025-12-03T09:32:16.735+0000] {subprocess.py:93} INFO - [0m09:32:16
[2025-12-03T09:32:16.737+0000] {subprocess.py:93} INFO - [0m09:32:16  Done. PASS=4 WARN=0 ERROR=0 SKIP=0 TOTAL=4
[2025-12-03T09:32:18.088+0000] {subprocess.py:97} INFO - Command exited with return code 0
[2025-12-03T09:32:18.090+0000] {taskinstance.py:441} INFO - ::group::Post task execution logs
[2025-12-03T09:32:18.156+0000] {taskinstance.py:1206} INFO - Marking task as SUCCESS. dag_id=signalsense_daily_pipeline, task_id=dbt_run, run_id=streamlit-trigger-1764754301, execution_date=20251203T093141, start_date=20251203T093203, end_date=20251203T093218
[2025-12-03T09:32:18.230+0000] {local_task_job_runner.py:240} INFO - Task exited with return code 0
[2025-12-03T09:32:18.256+0000] {taskinstance.py:3503} INFO - 0 downstream tasks scheduled from follow-on schedule check
[2025-12-03T09:32:18.260+0000] {local_task_job_runner.py:222} INFO - ::endgroup::
